hahaha
================================================================================================================================================================
Epoch  0
================================================================================================================================================================
Median Row Sum: 1.0, Col Sum: 1.0 Row Max: 0.01 Col Max: 0.01
Ideal Permutation Matrix
 tensor([[0., 0., 0.,  ..., 0., 0., 0.],
        [0., 0., 0.,  ..., 0., 0., 0.],
        [0., 0., 0.,  ..., 0., 0., 0.],
        ...,
        [0., 0., 0.,  ..., 0., 0., 0.],
        [0., 0., 0.,  ..., 0., 0., 0.],
        [0., 0., 0.,  ..., 0., 0., 0.]], device='cuda:0')
Is it a permutation matrix?
x.ndim:  2
x.shape[0] == x.shape[1]:  True
(x.sum(axis=0) == 1.).all():  False
(x.sum(axis=1) == 1.).all():  True
((x == 1.) | (x == 0.)).all()):  True
is_permuted?:  False
Ideal Lower Triangular                    matrix
 tensor([[1., 0., 1.,  ..., 0., 0., 0.],
        [1., 1., 1.,  ..., 0., 0., 0.],
        [0., 0., 1.,  ..., 0., 0., 0.],
        ...,
        [1., 1., 1.,  ..., 1., 1., 0.],
        [1., 1., 1.,  ..., 0., 1., 0.],
        [1., 1., 1.,  ..., 1., 1., 1.]], device='cuda:0')
--------------------------------------------------------------------------------
Median Row Sum: 1.0, Col Sum: 1.0 Row Max: 0.01 Col Max: 0.01
Ideal Permutation Matrix
 tensor([[0., 0., 0.,  ..., 0., 0., 0.],
        [0., 0., 0.,  ..., 0., 0., 0.],
        [0., 0., 0.,  ..., 0., 0., 0.],
        ...,
        [0., 0., 0.,  ..., 0., 0., 0.],
        [0., 0., 0.,  ..., 0., 0., 0.],
        [0., 0., 0.,  ..., 0., 0., 0.]], device='cuda:0')
Is it a permutation matrix?
x.ndim:  2
x.shape[0] == x.shape[1]:  True
(x.sum(axis=0) == 1.).all():  False
(x.sum(axis=1) == 1.).all():  True
((x == 1.) | (x == 0.)).all()):  True
is_permuted?:  False
Ideal Lower Triangular                    matrix
 tensor([[1., 0., 1.,  ..., 0., 0., 0.],
        [1., 1., 1.,  ..., 0., 0., 0.],
        [0., 0., 1.,  ..., 0., 0., 0.],
        ...,
        [1., 1., 1.,  ..., 1., 1., 0.],
        [1., 1., 1.,  ..., 0., 1., 0.],
        [1., 1., 1.,  ..., 1., 1., 1.]], device='cuda:0')
--------------------------------------------------------------------------------
================================================================================================================================================================
Epoch  1
================================================================================================================================================================
Median Row Sum: 1.0, Col Sum: 1.0 Row Max: 0.01 Col Max: 0.01
Ideal Permutation Matrix
 tensor([[0., 0., 0.,  ..., 0., 0., 0.],
        [0., 0., 0.,  ..., 0., 0., 0.],
        [0., 0., 0.,  ..., 0., 0., 0.],
        ...,
        [0., 0., 0.,  ..., 0., 0., 0.],
        [0., 0., 0.,  ..., 0., 0., 0.],
        [0., 0., 0.,  ..., 0., 0., 0.]], device='cuda:0')
Is it a permutation matrix?
x.ndim:  2
x.shape[0] == x.shape[1]:  True
(x.sum(axis=0) == 1.).all():  False
(x.sum(axis=1) == 1.).all():  True
((x == 1.) | (x == 0.)).all()):  True
is_permuted?:  False
Ideal Lower Triangular                    matrix
 tensor([[1., 0., 1.,  ..., 0., 0., 0.],
        [1., 1., 1.,  ..., 0., 0., 0.],
        [0., 0., 1.,  ..., 0., 0., 0.],
        ...,
        [1., 1., 1.,  ..., 1., 1., 0.],
        [1., 1., 1.,  ..., 0., 1., 0.],
        [1., 1., 1.,  ..., 1., 1., 1.]], device='cuda:0')
--------------------------------------------------------------------------------
Median Row Sum: 1.0, Col Sum: 1.0 Row Max: 0.01 Col Max: 0.01
Ideal Permutation Matrix
 tensor([[0., 0., 0.,  ..., 0., 0., 0.],
        [0., 0., 0.,  ..., 0., 0., 0.],
        [0., 0., 0.,  ..., 0., 0., 0.],
        ...,
        [0., 0., 0.,  ..., 0., 0., 0.],
        [0., 0., 0.,  ..., 0., 0., 0.],
        [0., 0., 0.,  ..., 0., 0., 0.]], device='cuda:0')
Is it a permutation matrix?
x.ndim:  2
x.shape[0] == x.shape[1]:  True
(x.sum(axis=0) == 1.).all():  False
(x.sum(axis=1) == 1.).all():  True
((x == 1.) | (x == 0.)).all()):  True
is_permuted?:  False
Ideal Lower Triangular                    matrix
 tensor([[1., 0., 1.,  ..., 0., 0., 0.],
        [1., 1., 1.,  ..., 0., 0., 0.],
        [0., 0., 1.,  ..., 0., 0., 0.],
        ...,
        [1., 1., 1.,  ..., 1., 1., 0.],
        [1., 1., 1.,  ..., 0., 1., 0.],
        [1., 1., 1.,  ..., 1., 1., 1.]], device='cuda:0')
--------------------------------------------------------------------------------
================================================================================================================================================================
Epoch  2
================================================================================================================================================================
Median Row Sum: 1.0, Col Sum: 1.0 Row Max: 0.01 Col Max: 0.01
Ideal Permutation Matrix
 tensor([[0., 0., 0.,  ..., 0., 0., 0.],
        [0., 0., 0.,  ..., 0., 0., 0.],
        [0., 0., 0.,  ..., 0., 0., 0.],
        ...,
        [0., 0., 0.,  ..., 0., 0., 0.],
        [0., 0., 0.,  ..., 0., 0., 0.],
        [0., 0., 0.,  ..., 0., 0., 0.]], device='cuda:0')
Is it a permutation matrix?
x.ndim:  2
x.shape[0] == x.shape[1]:  True
(x.sum(axis=0) == 1.).all():  False
(x.sum(axis=1) == 1.).all():  True
((x == 1.) | (x == 0.)).all()):  True
is_permuted?:  False
Ideal Lower Triangular                    matrix
 tensor([[1., 0., 1.,  ..., 0., 0., 0.],
        [1., 1., 1.,  ..., 0., 0., 0.],
        [0., 0., 1.,  ..., 0., 0., 0.],
        ...,
        [1., 1., 1.,  ..., 1., 1., 0.],
        [1., 1., 1.,  ..., 0., 1., 0.],
        [1., 1., 1.,  ..., 1., 1., 1.]], device='cuda:0')
--------------------------------------------------------------------------------
Median Row Sum: 1.0, Col Sum: 1.0 Row Max: 0.01 Col Max: 0.01
Ideal Permutation Matrix
 tensor([[0., 0., 0.,  ..., 0., 0., 0.],
        [0., 0., 0.,  ..., 0., 0., 0.],
        [0., 0., 0.,  ..., 0., 0., 0.],
        ...,
        [0., 0., 0.,  ..., 0., 0., 0.],
        [0., 0., 0.,  ..., 0., 0., 0.],
        [0., 0., 0.,  ..., 0., 0., 0.]], device='cuda:0')
Is it a permutation matrix?
x.ndim:  2
x.shape[0] == x.shape[1]:  True
(x.sum(axis=0) == 1.).all():  False
(x.sum(axis=1) == 1.).all():  True
((x == 1.) | (x == 0.)).all()):  True
is_permuted?:  False
Ideal Lower Triangular                    matrix
 tensor([[1., 0., 1.,  ..., 0., 0., 0.],
        [1., 1., 1.,  ..., 0., 0., 0.],
        [0., 0., 1.,  ..., 0., 0., 0.],
        ...,
        [1., 1., 1.,  ..., 1., 1., 0.],
        [1., 1., 1.,  ..., 0., 1., 0.],
        [1., 1., 1.,  ..., 1., 1., 1.]], device='cuda:0')
--------------------------------------------------------------------------------
================================================================================================================================================================
Epoch  3
================================================================================================================================================================
Median Row Sum: 1.0, Col Sum: 1.0 Row Max: 0.01 Col Max: 0.01
Ideal Permutation Matrix
 tensor([[0., 0., 0.,  ..., 0., 0., 0.],
        [0., 0., 0.,  ..., 0., 0., 0.],
        [0., 0., 0.,  ..., 0., 0., 0.],
        ...,
        [0., 0., 0.,  ..., 0., 0., 0.],
        [0., 0., 0.,  ..., 0., 0., 0.],
        [0., 0., 0.,  ..., 0., 0., 0.]], device='cuda:0')
Is it a permutation matrix?
x.ndim:  2
x.shape[0] == x.shape[1]:  True
(x.sum(axis=0) == 1.).all():  False
(x.sum(axis=1) == 1.).all():  True
((x == 1.) | (x == 0.)).all()):  True
is_permuted?:  False
Ideal Lower Triangular                    matrix
 tensor([[1., 0., 1.,  ..., 0., 0., 0.],
        [1., 1., 1.,  ..., 0., 0., 0.],
        [0., 0., 1.,  ..., 0., 0., 0.],
        ...,
        [1., 1., 1.,  ..., 1., 1., 0.],
        [1., 1., 1.,  ..., 0., 1., 0.],
        [1., 1., 1.,  ..., 1., 1., 1.]], device='cuda:0')
--------------------------------------------------------------------------------
Median Row Sum: 1.0, Col Sum: 1.0 Row Max: 0.01 Col Max: 0.01
Ideal Permutation Matrix
 tensor([[0., 0., 0.,  ..., 0., 0., 0.],
        [0., 0., 0.,  ..., 0., 0., 0.],
        [0., 0., 0.,  ..., 0., 0., 0.],
        ...,
        [0., 0., 0.,  ..., 0., 0., 0.],
        [0., 0., 0.,  ..., 0., 0., 0.],
        [0., 0., 0.,  ..., 0., 0., 0.]], device='cuda:0')
Is it a permutation matrix?
x.ndim:  2
x.shape[0] == x.shape[1]:  True
(x.sum(axis=0) == 1.).all():  False
(x.sum(axis=1) == 1.).all():  True
((x == 1.) | (x == 0.)).all()):  True
is_permuted?:  False
Ideal Lower Triangular                    matrix
 tensor([[1., 0., 1.,  ..., 0., 0., 0.],
        [1., 1., 1.,  ..., 0., 0., 0.],
        [0., 0., 1.,  ..., 0., 0., 0.],
        ...,
        [1., 1., 1.,  ..., 1., 1., 0.],
        [1., 1., 1.,  ..., 0., 1., 0.],
        [1., 1., 1.,  ..., 1., 1., 1.]], device='cuda:0')
--------------------------------------------------------------------------------
================================================================================================================================================================
Epoch  4
================================================================================================================================================================
Median Row Sum: 1.0, Col Sum: 1.0 Row Max: 0.01 Col Max: 0.01
Ideal Permutation Matrix
 tensor([[0., 0., 0.,  ..., 0., 0., 0.],
        [0., 0., 0.,  ..., 0., 0., 0.],
        [0., 0., 0.,  ..., 0., 0., 0.],
        ...,
        [0., 0., 0.,  ..., 0., 0., 0.],
        [0., 0., 0.,  ..., 0., 0., 0.],
        [0., 0., 0.,  ..., 0., 0., 0.]], device='cuda:0')
Is it a permutation matrix?
x.ndim:  2
x.shape[0] == x.shape[1]:  True
(x.sum(axis=0) == 1.).all():  False
(x.sum(axis=1) == 1.).all():  True
((x == 1.) | (x == 0.)).all()):  True
is_permuted?:  False
Ideal Lower Triangular                    matrix
 tensor([[1., 0., 1.,  ..., 0., 0., 0.],
        [1., 1., 1.,  ..., 0., 0., 0.],
        [0., 0., 1.,  ..., 0., 0., 0.],
        ...,
        [1., 1., 1.,  ..., 1., 1., 0.],
        [1., 1., 1.,  ..., 0., 1., 0.],
        [1., 1., 1.,  ..., 1., 1., 1.]], device='cuda:0')
--------------------------------------------------------------------------------
Median Row Sum: 1.0, Col Sum: 1.0 Row Max: 0.01 Col Max: 0.01
Ideal Permutation Matrix
 tensor([[0., 0., 0.,  ..., 0., 0., 0.],
        [0., 0., 0.,  ..., 0., 0., 0.],
        [0., 0., 0.,  ..., 0., 0., 0.],
        ...,
        [0., 0., 0.,  ..., 0., 0., 0.],
        [0., 0., 0.,  ..., 0., 0., 0.],
        [0., 0., 0.,  ..., 0., 0., 0.]], device='cuda:0')
Is it a permutation matrix?
x.ndim:  2
x.shape[0] == x.shape[1]:  True
(x.sum(axis=0) == 1.).all():  False
(x.sum(axis=1) == 1.).all():  True
((x == 1.) | (x == 0.)).all()):  True
is_permuted?:  False
Ideal Lower Triangular                    matrix
 tensor([[1., 0., 1.,  ..., 0., 0., 0.],
        [1., 1., 1.,  ..., 0., 0., 0.],
        [0., 0., 1.,  ..., 0., 0., 0.],
        ...,
        [1., 1., 1.,  ..., 1., 1., 0.],
        [1., 1., 1.,  ..., 0., 1., 0.],
        [1., 1., 1.,  ..., 1., 1., 1.]], device='cuda:0')
--------------------------------------------------------------------------------
================================================================================
Epoch 5/20, Train Loss: 0.7294, Train Accuracy: 0.52
================================================================================
================================================================================================================================================================
Epoch  5
================================================================================================================================================================
Median Row Sum: 1.0, Col Sum: 1.0 Row Max: 0.01 Col Max: 0.01
Ideal Permutation Matrix
 tensor([[0., 0., 0.,  ..., 0., 0., 0.],
        [0., 0., 0.,  ..., 0., 0., 0.],
        [0., 0., 0.,  ..., 0., 0., 0.],
        ...,
        [0., 0., 0.,  ..., 0., 0., 0.],
        [0., 0., 0.,  ..., 0., 0., 0.],
        [0., 0., 0.,  ..., 0., 0., 0.]], device='cuda:0')
Is it a permutation matrix?
x.ndim:  2
x.shape[0] == x.shape[1]:  True
(x.sum(axis=0) == 1.).all():  False
(x.sum(axis=1) == 1.).all():  True
((x == 1.) | (x == 0.)).all()):  True
is_permuted?:  False
Ideal Lower Triangular                    matrix
 tensor([[1., 0., 1.,  ..., 0., 0., 0.],
        [1., 1., 1.,  ..., 0., 0., 0.],
        [0., 0., 1.,  ..., 0., 0., 0.],
        ...,
        [1., 1., 1.,  ..., 1., 1., 0.],
        [1., 1., 1.,  ..., 0., 1., 0.],
        [1., 1., 1.,  ..., 1., 1., 1.]], device='cuda:0')
--------------------------------------------------------------------------------
Median Row Sum: 1.0, Col Sum: 1.0 Row Max: 0.01 Col Max: 0.01
Ideal Permutation Matrix
 tensor([[0., 0., 0.,  ..., 0., 0., 0.],
        [0., 0., 0.,  ..., 0., 0., 0.],
        [0., 0., 0.,  ..., 0., 0., 0.],
        ...,
        [0., 0., 0.,  ..., 0., 0., 0.],
        [0., 0., 0.,  ..., 0., 0., 0.],
        [0., 0., 0.,  ..., 0., 0., 0.]], device='cuda:0')
Is it a permutation matrix?
x.ndim:  2
x.shape[0] == x.shape[1]:  True
(x.sum(axis=0) == 1.).all():  False
(x.sum(axis=1) == 1.).all():  True
((x == 1.) | (x == 0.)).all()):  True
is_permuted?:  False
Ideal Lower Triangular                    matrix
 tensor([[1., 0., 1.,  ..., 0., 0., 0.],
        [1., 1., 1.,  ..., 0., 0., 0.],
        [0., 0., 1.,  ..., 0., 0., 0.],
        ...,
        [1., 1., 1.,  ..., 1., 1., 0.],
        [1., 1., 1.,  ..., 0., 1., 0.],
        [1., 1., 1.,  ..., 1., 1., 1.]], device='cuda:0')
--------------------------------------------------------------------------------
================================================================================================================================================================
Epoch  6
================================================================================================================================================================
Median Row Sum: 1.0, Col Sum: 1.0 Row Max: 0.01 Col Max: 0.01
Ideal Permutation Matrix
 tensor([[0., 0., 0.,  ..., 0., 0., 0.],
        [0., 0., 0.,  ..., 0., 0., 0.],
        [0., 0., 0.,  ..., 0., 0., 0.],
        ...,
        [0., 0., 0.,  ..., 0., 0., 0.],
        [0., 0., 0.,  ..., 0., 0., 0.],
        [0., 0., 0.,  ..., 0., 0., 0.]], device='cuda:0')
Is it a permutation matrix?
x.ndim:  2
x.shape[0] == x.shape[1]:  True
(x.sum(axis=0) == 1.).all():  False
(x.sum(axis=1) == 1.).all():  True
((x == 1.) | (x == 0.)).all()):  True
is_permuted?:  False
Ideal Lower Triangular                    matrix
 tensor([[1., 0., 1.,  ..., 0., 0., 0.],
        [1., 1., 1.,  ..., 0., 0., 0.],
        [0., 0., 1.,  ..., 0., 0., 0.],
        ...,
        [1., 1., 1.,  ..., 1., 1., 0.],
        [1., 1., 1.,  ..., 0., 1., 0.],
        [1., 1., 1.,  ..., 1., 1., 1.]], device='cuda:0')
--------------------------------------------------------------------------------
Median Row Sum: 1.0, Col Sum: 1.0 Row Max: 0.01 Col Max: 0.01
Ideal Permutation Matrix
 tensor([[0., 0., 0.,  ..., 0., 0., 0.],
        [0., 0., 0.,  ..., 0., 0., 0.],
        [0., 0., 0.,  ..., 0., 0., 0.],
        ...,
        [0., 0., 0.,  ..., 0., 0., 0.],
        [0., 0., 0.,  ..., 0., 0., 0.],
        [0., 0., 0.,  ..., 0., 0., 0.]], device='cuda:0')
Is it a permutation matrix?
x.ndim:  2
x.shape[0] == x.shape[1]:  True
(x.sum(axis=0) == 1.).all():  False
(x.sum(axis=1) == 1.).all():  True
((x == 1.) | (x == 0.)).all()):  True
is_permuted?:  False
Ideal Lower Triangular                    matrix
 tensor([[1., 0., 1.,  ..., 0., 0., 0.],
        [1., 1., 1.,  ..., 0., 0., 0.],
        [0., 0., 1.,  ..., 0., 0., 0.],
        ...,
        [1., 1., 1.,  ..., 1., 1., 0.],
        [1., 1., 1.,  ..., 0., 1., 0.],
        [1., 1., 1.,  ..., 1., 1., 1.]], device='cuda:0')
--------------------------------------------------------------------------------
================================================================================================================================================================
Epoch  7
================================================================================================================================================================
Median Row Sum: 1.0, Col Sum: 1.0 Row Max: 0.01 Col Max: 0.01
Ideal Permutation Matrix
 tensor([[0., 0., 0.,  ..., 0., 0., 0.],
        [0., 0., 0.,  ..., 0., 0., 0.],
        [0., 0., 0.,  ..., 0., 0., 0.],
        ...,
        [0., 0., 0.,  ..., 0., 0., 0.],
        [0., 0., 0.,  ..., 0., 0., 0.],
        [0., 0., 0.,  ..., 0., 0., 0.]], device='cuda:0')
Is it a permutation matrix?
x.ndim:  2
x.shape[0] == x.shape[1]:  True
(x.sum(axis=0) == 1.).all():  False
(x.sum(axis=1) == 1.).all():  True
((x == 1.) | (x == 0.)).all()):  True
is_permuted?:  False
Ideal Lower Triangular                    matrix
 tensor([[1., 0., 1.,  ..., 0., 0., 0.],
        [1., 1., 1.,  ..., 0., 0., 0.],
        [0., 0., 1.,  ..., 0., 0., 0.],
        ...,
        [1., 1., 1.,  ..., 1., 1., 0.],
        [1., 1., 1.,  ..., 0., 1., 0.],
        [1., 1., 1.,  ..., 1., 1., 1.]], device='cuda:0')
--------------------------------------------------------------------------------
Median Row Sum: 1.0, Col Sum: 1.0 Row Max: 0.01 Col Max: 0.01
Ideal Permutation Matrix
 tensor([[0., 0., 0.,  ..., 0., 0., 0.],
        [0., 0., 0.,  ..., 0., 0., 0.],
        [0., 0., 0.,  ..., 0., 0., 0.],
        ...,
        [0., 0., 0.,  ..., 0., 0., 0.],
        [0., 0., 0.,  ..., 0., 0., 0.],
        [0., 0., 0.,  ..., 0., 0., 0.]], device='cuda:0')
Is it a permutation matrix?
x.ndim:  2
x.shape[0] == x.shape[1]:  True
(x.sum(axis=0) == 1.).all():  False
(x.sum(axis=1) == 1.).all():  True
((x == 1.) | (x == 0.)).all()):  True
is_permuted?:  False
Ideal Lower Triangular                    matrix
 tensor([[1., 0., 1.,  ..., 0., 0., 0.],
        [1., 1., 1.,  ..., 0., 0., 0.],
        [0., 0., 1.,  ..., 0., 0., 0.],
        ...,
        [1., 1., 1.,  ..., 1., 1., 0.],
        [1., 1., 1.,  ..., 0., 1., 0.],
        [1., 1., 1.,  ..., 1., 1., 1.]], device='cuda:0')
--------------------------------------------------------------------------------
================================================================================================================================================================
Epoch  8
================================================================================================================================================================
Median Row Sum: 1.0, Col Sum: 1.0 Row Max: 0.01 Col Max: 0.01
Ideal Permutation Matrix
 tensor([[0., 0., 0.,  ..., 0., 0., 0.],
        [0., 0., 0.,  ..., 0., 0., 0.],
        [0., 0., 0.,  ..., 0., 0., 0.],
        ...,
        [0., 0., 0.,  ..., 0., 0., 0.],
        [0., 0., 0.,  ..., 0., 0., 0.],
        [0., 0., 0.,  ..., 0., 0., 0.]], device='cuda:0')
Is it a permutation matrix?
x.ndim:  2
x.shape[0] == x.shape[1]:  True
(x.sum(axis=0) == 1.).all():  False
(x.sum(axis=1) == 1.).all():  True
((x == 1.) | (x == 0.)).all()):  True
is_permuted?:  False
Ideal Lower Triangular                    matrix
 tensor([[1., 0., 1.,  ..., 0., 0., 0.],
        [1., 1., 1.,  ..., 0., 0., 0.],
        [0., 0., 1.,  ..., 0., 0., 0.],
        ...,
        [1., 1., 1.,  ..., 1., 1., 0.],
        [1., 1., 1.,  ..., 0., 1., 0.],
        [1., 1., 1.,  ..., 1., 1., 1.]], device='cuda:0')
--------------------------------------------------------------------------------
Median Row Sum: 1.0, Col Sum: 1.0 Row Max: 0.01 Col Max: 0.01
Ideal Permutation Matrix
 tensor([[0., 0., 0.,  ..., 0., 0., 0.],
        [0., 0., 0.,  ..., 0., 0., 0.],
        [0., 0., 0.,  ..., 0., 0., 0.],
        ...,
        [0., 0., 0.,  ..., 0., 0., 0.],
        [0., 0., 0.,  ..., 0., 0., 0.],
        [0., 0., 0.,  ..., 0., 0., 0.]], device='cuda:0')
Is it a permutation matrix?
x.ndim:  2
x.shape[0] == x.shape[1]:  True
(x.sum(axis=0) == 1.).all():  False
(x.sum(axis=1) == 1.).all():  True
((x == 1.) | (x == 0.)).all()):  True
is_permuted?:  False
Ideal Lower Triangular                    matrix
 tensor([[1., 0., 1.,  ..., 0., 0., 0.],
        [1., 1., 1.,  ..., 0., 0., 0.],
        [0., 0., 1.,  ..., 0., 0., 0.],
        ...,
        [1., 1., 1.,  ..., 1., 1., 0.],
        [1., 1., 1.,  ..., 0., 1., 0.],
        [1., 1., 1.,  ..., 1., 1., 1.]], device='cuda:0')
--------------------------------------------------------------------------------
================================================================================================================================================================
Epoch  9
================================================================================================================================================================
Median Row Sum: 1.0, Col Sum: 1.0 Row Max: 0.01 Col Max: 0.01
Ideal Permutation Matrix
 tensor([[0., 0., 0.,  ..., 0., 0., 0.],
        [0., 0., 0.,  ..., 0., 0., 0.],
        [0., 0., 0.,  ..., 0., 0., 0.],
        ...,
        [0., 0., 0.,  ..., 0., 0., 0.],
        [0., 0., 0.,  ..., 0., 0., 0.],
        [0., 0., 0.,  ..., 0., 0., 0.]], device='cuda:0')
Is it a permutation matrix?
x.ndim:  2
x.shape[0] == x.shape[1]:  True
(x.sum(axis=0) == 1.).all():  False
(x.sum(axis=1) == 1.).all():  True
((x == 1.) | (x == 0.)).all()):  True
is_permuted?:  False
Ideal Lower Triangular                    matrix
 tensor([[1., 0., 1.,  ..., 0., 0., 0.],
        [1., 1., 1.,  ..., 0., 0., 0.],
        [0., 0., 1.,  ..., 0., 0., 0.],
        ...,
        [1., 1., 1.,  ..., 1., 1., 0.],
        [1., 1., 1.,  ..., 0., 1., 0.],
        [1., 1., 1.,  ..., 1., 1., 1.]], device='cuda:0')
--------------------------------------------------------------------------------
Median Row Sum: 1.0, Col Sum: 1.0 Row Max: 0.01 Col Max: 0.01
Ideal Permutation Matrix
 tensor([[0., 0., 0.,  ..., 0., 0., 0.],
        [0., 0., 0.,  ..., 0., 0., 0.],
        [0., 0., 0.,  ..., 0., 0., 0.],
        ...,
        [0., 0., 0.,  ..., 0., 0., 0.],
        [0., 0., 0.,  ..., 0., 0., 0.],
        [0., 0., 0.,  ..., 0., 0., 0.]], device='cuda:0')
Is it a permutation matrix?
x.ndim:  2
x.shape[0] == x.shape[1]:  True
(x.sum(axis=0) == 1.).all():  False
(x.sum(axis=1) == 1.).all():  True
((x == 1.) | (x == 0.)).all()):  True
is_permuted?:  False
Ideal Lower Triangular                    matrix
 tensor([[1., 0., 1.,  ..., 0., 0., 0.],
        [1., 1., 1.,  ..., 0., 0., 0.],
        [0., 0., 1.,  ..., 0., 0., 0.],
        ...,
        [1., 1., 1.,  ..., 1., 1., 0.],
        [1., 1., 1.,  ..., 0., 1., 0.],
        [1., 1., 1.,  ..., 1., 1., 1.]], device='cuda:0')
--------------------------------------------------------------------------------
================================================================================
Epoch 10/20, Train Loss: 0.6349, Train Accuracy: 0.52
================================================================================
================================================================================================================================================================
Epoch  10
================================================================================================================================================================
Median Row Sum: 1.0, Col Sum: 1.0 Row Max: 0.01 Col Max: 0.01
Ideal Permutation Matrix
 tensor([[0., 0., 0.,  ..., 0., 0., 0.],
        [0., 0., 0.,  ..., 0., 0., 0.],
        [0., 0., 0.,  ..., 0., 0., 0.],
        ...,
        [0., 0., 0.,  ..., 0., 0., 0.],
        [0., 0., 0.,  ..., 0., 0., 0.],
        [0., 0., 0.,  ..., 0., 0., 0.]], device='cuda:0')
Is it a permutation matrix?
x.ndim:  2
x.shape[0] == x.shape[1]:  True
(x.sum(axis=0) == 1.).all():  False
(x.sum(axis=1) == 1.).all():  True
((x == 1.) | (x == 0.)).all()):  True
is_permuted?:  False
Ideal Lower Triangular                    matrix
 tensor([[1., 0., 1.,  ..., 0., 0., 0.],
        [1., 1., 1.,  ..., 0., 0., 0.],
        [0., 0., 1.,  ..., 0., 0., 0.],
        ...,
        [1., 1., 1.,  ..., 1., 1., 0.],
        [1., 1., 1.,  ..., 0., 1., 0.],
        [1., 1., 1.,  ..., 1., 1., 1.]], device='cuda:0')
--------------------------------------------------------------------------------
Median Row Sum: 1.0, Col Sum: 1.0 Row Max: 0.01 Col Max: 0.01
Ideal Permutation Matrix
 tensor([[0., 0., 0.,  ..., 0., 0., 0.],
        [0., 0., 0.,  ..., 0., 0., 0.],
        [0., 0., 0.,  ..., 0., 0., 0.],
        ...,
        [0., 0., 0.,  ..., 0., 0., 0.],
        [0., 0., 0.,  ..., 0., 0., 0.],
        [0., 0., 0.,  ..., 0., 0., 0.]], device='cuda:0')
Is it a permutation matrix?
x.ndim:  2
x.shape[0] == x.shape[1]:  True
(x.sum(axis=0) == 1.).all():  False
(x.sum(axis=1) == 1.).all():  True
((x == 1.) | (x == 0.)).all()):  True
is_permuted?:  False
Ideal Lower Triangular                    matrix
 tensor([[1., 0., 1.,  ..., 0., 0., 0.],
        [1., 1., 1.,  ..., 0., 0., 0.],
        [0., 0., 1.,  ..., 0., 0., 0.],
        ...,
        [1., 1., 1.,  ..., 1., 1., 0.],
        [1., 1., 1.,  ..., 0., 1., 0.],
        [1., 1., 1.,  ..., 1., 1., 1.]], device='cuda:0')
--------------------------------------------------------------------------------
================================================================================================================================================================
Epoch  11
================================================================================================================================================================
Median Row Sum: 1.0, Col Sum: 1.0 Row Max: 0.01 Col Max: 0.01
Ideal Permutation Matrix
 tensor([[0., 0., 0.,  ..., 0., 0., 0.],
        [0., 0., 0.,  ..., 0., 0., 0.],
        [0., 0., 0.,  ..., 0., 0., 0.],
        ...,
        [0., 0., 0.,  ..., 0., 0., 0.],
        [0., 0., 0.,  ..., 0., 0., 0.],
        [0., 0., 0.,  ..., 0., 0., 0.]], device='cuda:0')
Is it a permutation matrix?
x.ndim:  2
x.shape[0] == x.shape[1]:  True
(x.sum(axis=0) == 1.).all():  False
(x.sum(axis=1) == 1.).all():  True
((x == 1.) | (x == 0.)).all()):  True
is_permuted?:  False
Ideal Lower Triangular                    matrix
 tensor([[1., 0., 1.,  ..., 0., 0., 0.],
        [1., 1., 1.,  ..., 0., 0., 0.],
        [0., 0., 1.,  ..., 0., 0., 0.],
        ...,
        [1., 1., 1.,  ..., 1., 1., 0.],
        [1., 1., 1.,  ..., 0., 1., 0.],
        [1., 1., 1.,  ..., 1., 1., 1.]], device='cuda:0')
--------------------------------------------------------------------------------
Median Row Sum: 1.0, Col Sum: 1.0 Row Max: 0.01 Col Max: 0.01
Ideal Permutation Matrix
 tensor([[0., 0., 0.,  ..., 0., 0., 0.],
        [0., 0., 0.,  ..., 0., 0., 0.],
        [0., 0., 0.,  ..., 0., 0., 0.],
        ...,
        [0., 0., 0.,  ..., 0., 0., 0.],
        [0., 0., 0.,  ..., 0., 0., 0.],
        [0., 0., 0.,  ..., 0., 0., 0.]], device='cuda:0')
Is it a permutation matrix?
x.ndim:  2
x.shape[0] == x.shape[1]:  True
(x.sum(axis=0) == 1.).all():  False
(x.sum(axis=1) == 1.).all():  True
((x == 1.) | (x == 0.)).all()):  True
is_permuted?:  False
Ideal Lower Triangular                    matrix
 tensor([[1., 0., 1.,  ..., 0., 0., 0.],
        [1., 1., 1.,  ..., 0., 0., 0.],
        [0., 0., 1.,  ..., 0., 0., 0.],
        ...,
        [1., 1., 1.,  ..., 1., 1., 0.],
        [1., 1., 1.,  ..., 0., 1., 0.],
        [1., 1., 1.,  ..., 1., 1., 1.]], device='cuda:0')
--------------------------------------------------------------------------------
================================================================================================================================================================
Epoch  12
================================================================================================================================================================
Median Row Sum: 1.0, Col Sum: 1.0 Row Max: 0.01 Col Max: 0.01
Ideal Permutation Matrix
 tensor([[0., 0., 0.,  ..., 0., 0., 0.],
        [0., 0., 0.,  ..., 0., 0., 0.],
        [0., 0., 0.,  ..., 0., 0., 0.],
        ...,
        [0., 0., 0.,  ..., 0., 0., 0.],
        [0., 0., 0.,  ..., 0., 0., 0.],
        [0., 0., 0.,  ..., 0., 0., 0.]], device='cuda:0')
Is it a permutation matrix?
x.ndim:  2
x.shape[0] == x.shape[1]:  True
(x.sum(axis=0) == 1.).all():  False
(x.sum(axis=1) == 1.).all():  True
((x == 1.) | (x == 0.)).all()):  True
is_permuted?:  False
Ideal Lower Triangular                    matrix
 tensor([[1., 0., 1.,  ..., 0., 0., 0.],
        [1., 1., 1.,  ..., 0., 0., 0.],
        [0., 0., 1.,  ..., 0., 0., 0.],
        ...,
        [1., 1., 1.,  ..., 1., 1., 0.],
        [1., 1., 1.,  ..., 0., 1., 0.],
        [1., 1., 1.,  ..., 1., 1., 1.]], device='cuda:0')
--------------------------------------------------------------------------------
Median Row Sum: 1.0, Col Sum: 1.0 Row Max: 0.01 Col Max: 0.01
Ideal Permutation Matrix
 tensor([[0., 0., 0.,  ..., 0., 0., 0.],
        [0., 0., 0.,  ..., 0., 0., 0.],
        [0., 0., 0.,  ..., 0., 0., 0.],
        ...,
        [0., 0., 0.,  ..., 0., 0., 0.],
        [0., 0., 0.,  ..., 0., 0., 0.],
        [0., 0., 0.,  ..., 0., 0., 0.]], device='cuda:0')
Is it a permutation matrix?
x.ndim:  2
x.shape[0] == x.shape[1]:  True
(x.sum(axis=0) == 1.).all():  False
(x.sum(axis=1) == 1.).all():  True
((x == 1.) | (x == 0.)).all()):  True
is_permuted?:  False
Ideal Lower Triangular                    matrix
 tensor([[1., 0., 1.,  ..., 0., 0., 0.],
        [1., 1., 1.,  ..., 0., 0., 0.],
        [0., 0., 1.,  ..., 0., 0., 0.],
        ...,
        [1., 1., 1.,  ..., 1., 1., 0.],
        [1., 1., 1.,  ..., 0., 1., 0.],
        [1., 1., 1.,  ..., 1., 1., 1.]], device='cuda:0')
--------------------------------------------------------------------------------
================================================================================================================================================================
Epoch  13
================================================================================================================================================================
Median Row Sum: 1.0, Col Sum: 1.0 Row Max: 0.01 Col Max: 0.01
Ideal Permutation Matrix
 tensor([[0., 0., 0.,  ..., 0., 0., 0.],
        [0., 0., 0.,  ..., 0., 0., 0.],
        [0., 0., 0.,  ..., 0., 0., 0.],
        ...,
        [0., 0., 0.,  ..., 0., 0., 0.],
        [0., 0., 0.,  ..., 0., 0., 0.],
        [0., 0., 0.,  ..., 0., 0., 0.]], device='cuda:0')
Is it a permutation matrix?
x.ndim:  2
x.shape[0] == x.shape[1]:  True
(x.sum(axis=0) == 1.).all():  False
(x.sum(axis=1) == 1.).all():  True
((x == 1.) | (x == 0.)).all()):  True
is_permuted?:  False
Ideal Lower Triangular                    matrix
 tensor([[1., 0., 1.,  ..., 0., 0., 0.],
        [1., 1., 1.,  ..., 0., 0., 0.],
        [0., 0., 1.,  ..., 0., 0., 0.],
        ...,
        [1., 1., 1.,  ..., 1., 1., 0.],
        [1., 1., 1.,  ..., 0., 1., 0.],
        [1., 1., 1.,  ..., 1., 1., 1.]], device='cuda:0')
--------------------------------------------------------------------------------
Median Row Sum: 1.0, Col Sum: 1.0 Row Max: 0.01 Col Max: 0.01
Ideal Permutation Matrix
 tensor([[0., 0., 0.,  ..., 0., 0., 0.],
        [0., 0., 0.,  ..., 0., 0., 0.],
        [0., 0., 0.,  ..., 0., 0., 0.],
        ...,
        [0., 0., 0.,  ..., 0., 0., 0.],
        [0., 0., 0.,  ..., 0., 0., 0.],
        [0., 0., 0.,  ..., 0., 0., 0.]], device='cuda:0')
Is it a permutation matrix?
x.ndim:  2
x.shape[0] == x.shape[1]:  True
(x.sum(axis=0) == 1.).all():  False
(x.sum(axis=1) == 1.).all():  True
((x == 1.) | (x == 0.)).all()):  True
is_permuted?:  False
Ideal Lower Triangular                    matrix
 tensor([[1., 0., 1.,  ..., 0., 0., 0.],
        [1., 1., 1.,  ..., 0., 0., 0.],
        [0., 0., 1.,  ..., 0., 0., 0.],
        ...,
        [1., 1., 1.,  ..., 1., 1., 0.],
        [1., 1., 1.,  ..., 0., 1., 0.],
        [1., 1., 1.,  ..., 1., 1., 1.]], device='cuda:0')
--------------------------------------------------------------------------------
================================================================================================================================================================
Epoch  14
================================================================================================================================================================
Median Row Sum: 1.0, Col Sum: 1.0 Row Max: 0.01 Col Max: 0.01
Ideal Permutation Matrix
 tensor([[0., 0., 0.,  ..., 0., 0., 0.],
        [0., 0., 0.,  ..., 0., 0., 0.],
        [0., 0., 0.,  ..., 0., 0., 0.],
        ...,
        [0., 0., 0.,  ..., 0., 0., 0.],
        [0., 0., 0.,  ..., 0., 0., 0.],
        [0., 0., 0.,  ..., 0., 0., 0.]], device='cuda:0')
Is it a permutation matrix?
x.ndim:  2
x.shape[0] == x.shape[1]:  True
(x.sum(axis=0) == 1.).all():  False
(x.sum(axis=1) == 1.).all():  True
((x == 1.) | (x == 0.)).all()):  True
is_permuted?:  False
Ideal Lower Triangular                    matrix
 tensor([[1., 0., 1.,  ..., 0., 0., 0.],
        [1., 1., 1.,  ..., 0., 0., 0.],
        [0., 0., 1.,  ..., 0., 0., 0.],
        ...,
        [1., 1., 1.,  ..., 1., 1., 0.],
        [1., 1., 1.,  ..., 0., 1., 0.],
        [1., 1., 1.,  ..., 1., 1., 1.]], device='cuda:0')
--------------------------------------------------------------------------------
Median Row Sum: 1.0, Col Sum: 1.0 Row Max: 0.01 Col Max: 0.01
Ideal Permutation Matrix
 tensor([[0., 0., 0.,  ..., 0., 0., 0.],
        [0., 0., 0.,  ..., 0., 0., 0.],
        [0., 0., 0.,  ..., 0., 0., 0.],
        ...,
        [0., 0., 0.,  ..., 0., 0., 0.],
        [0., 0., 0.,  ..., 0., 0., 0.],
        [0., 0., 0.,  ..., 0., 0., 0.]], device='cuda:0')
Is it a permutation matrix?
x.ndim:  2
x.shape[0] == x.shape[1]:  True
(x.sum(axis=0) == 1.).all():  False
(x.sum(axis=1) == 1.).all():  True
((x == 1.) | (x == 0.)).all()):  True
is_permuted?:  False
Ideal Lower Triangular                    matrix
 tensor([[1., 0., 1.,  ..., 0., 0., 0.],
        [1., 1., 1.,  ..., 0., 0., 0.],
        [0., 0., 1.,  ..., 0., 0., 0.],
        ...,
        [1., 1., 1.,  ..., 1., 1., 0.],
        [1., 1., 1.,  ..., 0., 1., 0.],
        [1., 1., 1.,  ..., 1., 1., 1.]], device='cuda:0')
--------------------------------------------------------------------------------
================================================================================
Epoch 15/20, Train Loss: 0.5944, Train Accuracy: 0.52
================================================================================
================================================================================================================================================================
Epoch  15
================================================================================================================================================================
Median Row Sum: 1.0, Col Sum: 1.0 Row Max: 0.01 Col Max: 0.01
Ideal Permutation Matrix
 tensor([[0., 0., 0.,  ..., 0., 0., 0.],
        [0., 0., 0.,  ..., 0., 0., 0.],
        [0., 0., 0.,  ..., 0., 0., 0.],
        ...,
        [0., 0., 0.,  ..., 0., 0., 0.],
        [0., 0., 0.,  ..., 0., 0., 0.],
        [0., 0., 0.,  ..., 0., 0., 0.]], device='cuda:0')
Is it a permutation matrix?
x.ndim:  2
x.shape[0] == x.shape[1]:  True
(x.sum(axis=0) == 1.).all():  False
(x.sum(axis=1) == 1.).all():  True
((x == 1.) | (x == 0.)).all()):  True
is_permuted?:  False
Ideal Lower Triangular                    matrix
 tensor([[1., 0., 1.,  ..., 0., 0., 0.],
        [1., 1., 1.,  ..., 0., 0., 0.],
        [0., 0., 1.,  ..., 0., 0., 0.],
        ...,
        [1., 1., 1.,  ..., 1., 1., 0.],
        [1., 1., 1.,  ..., 0., 1., 0.],
        [1., 1., 1.,  ..., 1., 1., 1.]], device='cuda:0')
--------------------------------------------------------------------------------
Median Row Sum: 1.0, Col Sum: 1.0 Row Max: 0.01 Col Max: 0.01
Ideal Permutation Matrix
 tensor([[0., 0., 0.,  ..., 0., 0., 0.],
        [0., 0., 0.,  ..., 0., 0., 0.],
        [0., 0., 0.,  ..., 0., 0., 0.],
        ...,
        [0., 0., 0.,  ..., 0., 0., 0.],
        [0., 0., 0.,  ..., 0., 0., 0.],
        [0., 0., 0.,  ..., 0., 0., 0.]], device='cuda:0')
Is it a permutation matrix?
x.ndim:  2
x.shape[0] == x.shape[1]:  True
(x.sum(axis=0) == 1.).all():  False
(x.sum(axis=1) == 1.).all():  True
((x == 1.) | (x == 0.)).all()):  True
is_permuted?:  False
Ideal Lower Triangular                    matrix
 tensor([[1., 0., 1.,  ..., 0., 0., 0.],
        [1., 1., 1.,  ..., 0., 0., 0.],
        [0., 0., 1.,  ..., 0., 0., 0.],
        ...,
        [1., 1., 1.,  ..., 1., 1., 0.],
        [1., 1., 1.,  ..., 0., 1., 0.],
        [1., 1., 1.,  ..., 1., 1., 1.]], device='cuda:0')
--------------------------------------------------------------------------------
================================================================================================================================================================
Epoch  16
================================================================================================================================================================
Median Row Sum: 1.0, Col Sum: 1.0 Row Max: 0.01 Col Max: 0.01
Ideal Permutation Matrix
 tensor([[0., 0., 0.,  ..., 0., 0., 0.],
        [0., 0., 0.,  ..., 0., 0., 0.],
        [0., 0., 0.,  ..., 0., 0., 0.],
        ...,
        [0., 0., 0.,  ..., 0., 0., 0.],
        [0., 0., 0.,  ..., 0., 0., 0.],
        [0., 0., 0.,  ..., 0., 0., 0.]], device='cuda:0')
Is it a permutation matrix?
x.ndim:  2
x.shape[0] == x.shape[1]:  True
(x.sum(axis=0) == 1.).all():  False
(x.sum(axis=1) == 1.).all():  True
((x == 1.) | (x == 0.)).all()):  True
is_permuted?:  False
Ideal Lower Triangular                    matrix
 tensor([[1., 0., 1.,  ..., 0., 0., 0.],
        [1., 1., 1.,  ..., 0., 0., 0.],
        [0., 0., 1.,  ..., 0., 0., 0.],
        ...,
        [1., 1., 1.,  ..., 1., 1., 0.],
        [1., 1., 1.,  ..., 0., 1., 0.],
        [1., 1., 1.,  ..., 1., 1., 1.]], device='cuda:0')
--------------------------------------------------------------------------------
Median Row Sum: 1.0, Col Sum: 1.0 Row Max: 0.01 Col Max: 0.01
Ideal Permutation Matrix
 tensor([[0., 0., 0.,  ..., 0., 0., 0.],
        [0., 0., 0.,  ..., 0., 0., 0.],
        [0., 0., 0.,  ..., 0., 0., 0.],
        ...,
        [0., 0., 0.,  ..., 0., 0., 0.],
        [0., 0., 0.,  ..., 0., 0., 0.],
        [0., 0., 0.,  ..., 0., 0., 0.]], device='cuda:0')
Is it a permutation matrix?
x.ndim:  2
x.shape[0] == x.shape[1]:  True
(x.sum(axis=0) == 1.).all():  False
(x.sum(axis=1) == 1.).all():  True
((x == 1.) | (x == 0.)).all()):  True
is_permuted?:  False
Ideal Lower Triangular                    matrix
 tensor([[1., 0., 1.,  ..., 0., 0., 0.],
        [1., 1., 1.,  ..., 0., 0., 0.],
        [0., 0., 1.,  ..., 0., 0., 0.],
        ...,
        [1., 1., 1.,  ..., 1., 1., 0.],
        [1., 1., 1.,  ..., 0., 1., 0.],
        [1., 1., 1.,  ..., 1., 1., 1.]], device='cuda:0')
--------------------------------------------------------------------------------
================================================================================================================================================================
Epoch  17
================================================================================================================================================================
Median Row Sum: 1.0, Col Sum: 1.0 Row Max: 0.01 Col Max: 0.01
Ideal Permutation Matrix
 tensor([[0., 0., 0.,  ..., 0., 0., 0.],
        [0., 0., 0.,  ..., 0., 0., 0.],
        [0., 0., 0.,  ..., 0., 0., 0.],
        ...,
        [0., 0., 0.,  ..., 0., 0., 0.],
        [0., 0., 0.,  ..., 0., 0., 0.],
        [0., 0., 0.,  ..., 0., 0., 0.]], device='cuda:0')
Is it a permutation matrix?
x.ndim:  2
x.shape[0] == x.shape[1]:  True
(x.sum(axis=0) == 1.).all():  False
(x.sum(axis=1) == 1.).all():  True
((x == 1.) | (x == 0.)).all()):  True
is_permuted?:  False
Ideal Lower Triangular                    matrix
 tensor([[1., 0., 1.,  ..., 0., 0., 0.],
        [1., 1., 1.,  ..., 0., 0., 0.],
        [0., 0., 1.,  ..., 0., 0., 0.],
        ...,
        [1., 1., 1.,  ..., 1., 1., 0.],
        [1., 1., 1.,  ..., 0., 1., 0.],
        [1., 1., 1.,  ..., 1., 1., 1.]], device='cuda:0')
--------------------------------------------------------------------------------
Median Row Sum: 1.0, Col Sum: 1.0 Row Max: 0.01 Col Max: 0.01
Ideal Permutation Matrix
 tensor([[0., 0., 0.,  ..., 0., 0., 0.],
        [0., 0., 0.,  ..., 0., 0., 0.],
        [0., 0., 0.,  ..., 0., 0., 0.],
        ...,
        [0., 0., 0.,  ..., 0., 0., 0.],
        [0., 0., 0.,  ..., 0., 0., 0.],
        [0., 0., 0.,  ..., 0., 0., 0.]], device='cuda:0')
Is it a permutation matrix?
x.ndim:  2
x.shape[0] == x.shape[1]:  True
(x.sum(axis=0) == 1.).all():  False
(x.sum(axis=1) == 1.).all():  True
((x == 1.) | (x == 0.)).all()):  True
is_permuted?:  False
Ideal Lower Triangular                    matrix
 tensor([[1., 0., 1.,  ..., 0., 0., 0.],
        [1., 1., 1.,  ..., 0., 0., 0.],
        [0., 0., 1.,  ..., 0., 0., 0.],
        ...,
        [1., 1., 1.,  ..., 1., 1., 0.],
        [1., 1., 1.,  ..., 0., 1., 0.],
        [1., 1., 1.,  ..., 1., 1., 1.]], device='cuda:0')
--------------------------------------------------------------------------------
================================================================================================================================================================
Epoch  18
================================================================================================================================================================
Median Row Sum: 1.0, Col Sum: 1.0 Row Max: 0.01 Col Max: 0.01
Ideal Permutation Matrix
 tensor([[0., 0., 0.,  ..., 0., 0., 0.],
        [0., 0., 0.,  ..., 0., 0., 0.],
        [0., 0., 0.,  ..., 0., 0., 0.],
        ...,
        [0., 0., 0.,  ..., 0., 0., 0.],
        [0., 0., 0.,  ..., 0., 0., 0.],
        [0., 0., 0.,  ..., 0., 0., 0.]], device='cuda:0')
Is it a permutation matrix?
x.ndim:  2
x.shape[0] == x.shape[1]:  True
(x.sum(axis=0) == 1.).all():  False
(x.sum(axis=1) == 1.).all():  True
((x == 1.) | (x == 0.)).all()):  True
is_permuted?:  False
Ideal Lower Triangular                    matrix
 tensor([[1., 0., 1.,  ..., 0., 0., 0.],
        [1., 1., 1.,  ..., 0., 0., 0.],
        [0., 0., 1.,  ..., 0., 0., 0.],
        ...,
        [1., 1., 1.,  ..., 1., 1., 0.],
        [1., 1., 1.,  ..., 0., 1., 0.],
        [1., 1., 1.,  ..., 1., 1., 1.]], device='cuda:0')
--------------------------------------------------------------------------------
Median Row Sum: 1.0, Col Sum: 1.0 Row Max: 0.01 Col Max: 0.01
Ideal Permutation Matrix
 tensor([[0., 0., 0.,  ..., 0., 0., 0.],
        [0., 0., 0.,  ..., 0., 0., 0.],
        [0., 0., 0.,  ..., 0., 0., 0.],
        ...,
        [0., 0., 0.,  ..., 0., 0., 0.],
        [0., 0., 0.,  ..., 0., 0., 0.],
        [0., 0., 0.,  ..., 0., 0., 0.]], device='cuda:0')
Is it a permutation matrix?
x.ndim:  2
x.shape[0] == x.shape[1]:  True
(x.sum(axis=0) == 1.).all():  False
(x.sum(axis=1) == 1.).all():  True
((x == 1.) | (x == 0.)).all()):  True
is_permuted?:  False
Ideal Lower Triangular                    matrix
 tensor([[1., 0., 1.,  ..., 0., 0., 0.],
        [1., 1., 1.,  ..., 0., 0., 0.],
        [0., 0., 1.,  ..., 0., 0., 0.],
        ...,
        [1., 1., 1.,  ..., 1., 1., 0.],
        [1., 1., 1.,  ..., 0., 1., 0.],
        [1., 1., 1.,  ..., 1., 1., 1.]], device='cuda:0')
--------------------------------------------------------------------------------
================================================================================================================================================================
Epoch  19
================================================================================================================================================================
Median Row Sum: 1.0, Col Sum: 1.0 Row Max: 0.01 Col Max: 0.01
Ideal Permutation Matrix
 tensor([[0., 0., 0.,  ..., 0., 0., 0.],
        [0., 0., 0.,  ..., 0., 0., 0.],
        [0., 0., 0.,  ..., 0., 0., 0.],
        ...,
        [0., 0., 0.,  ..., 0., 0., 0.],
        [0., 0., 0.,  ..., 0., 0., 0.],
        [0., 0., 0.,  ..., 0., 0., 0.]], device='cuda:0')
Is it a permutation matrix?
x.ndim:  2
x.shape[0] == x.shape[1]:  True
(x.sum(axis=0) == 1.).all():  False
(x.sum(axis=1) == 1.).all():  True
((x == 1.) | (x == 0.)).all()):  True
is_permuted?:  False
Ideal Lower Triangular                    matrix
 tensor([[1., 0., 1.,  ..., 0., 0., 0.],
        [1., 1., 1.,  ..., 0., 0., 0.],
        [0., 0., 1.,  ..., 0., 0., 0.],
        ...,
        [1., 1., 1.,  ..., 1., 1., 0.],
        [1., 1., 1.,  ..., 0., 1., 0.],
        [1., 1., 1.,  ..., 1., 1., 1.]], device='cuda:0')
--------------------------------------------------------------------------------
Median Row Sum: 1.0, Col Sum: 1.0 Row Max: 0.01 Col Max: 0.01
Ideal Permutation Matrix
 tensor([[0., 0., 0.,  ..., 0., 0., 0.],
        [0., 0., 0.,  ..., 0., 0., 0.],
        [0., 0., 0.,  ..., 0., 0., 0.],
        ...,
        [0., 0., 0.,  ..., 0., 0., 0.],
        [0., 0., 0.,  ..., 0., 0., 0.],
        [0., 0., 0.,  ..., 0., 0., 0.]], device='cuda:0')
Is it a permutation matrix?
x.ndim:  2
x.shape[0] == x.shape[1]:  True
(x.sum(axis=0) == 1.).all():  False
(x.sum(axis=1) == 1.).all():  True
((x == 1.) | (x == 0.)).all()):  True
is_permuted?:  False
Ideal Lower Triangular                    matrix
 tensor([[1., 0., 1.,  ..., 0., 0., 0.],
        [1., 1., 1.,  ..., 0., 0., 0.],
        [0., 0., 1.,  ..., 0., 0., 0.],
        ...,
        [1., 1., 1.,  ..., 1., 1., 0.],
        [1., 1., 1.,  ..., 0., 1., 0.],
        [1., 1., 1.,  ..., 1., 1., 1.]], device='cuda:0')
--------------------------------------------------------------------------------
================================================================================
Epoch 20/20, Train Loss: 0.5650, Train Accuracy: 0.68
================================================================================
