Number of constructs:  1076
================================================================================================================================================================
Epoch  0
================================================================================================================================================================
Batch #:  0
constructs:  tensor([[ 3,  3],
        [ 0,  4],
        [ 0, 26],
        ...,
        [ 0,  0],
        [ 0,  0],
        [ 0,  0]])
labels:  tensor([[ 1.,  1.],
        [ 0., -1.],
        [ 0.,  1.],
        ...,
        [ 0.,  0.],
        [ 0.,  0.],
        [ 0.,  0.]], dtype=torch.float64)
labels shape:  1855
Time:  1855
Student:  2
Median Row Sum: 1.0, Col Sum: 1.0 Row Max: 0.01 Col Max: 0.01
Ideal Permutation Matrix
 tensor([[0., 0., 0.,  ..., 0., 0., 0.],
        [0., 0., 0.,  ..., 0., 0., 0.],
        [0., 0., 0.,  ..., 0., 0., 0.],
        ...,
        [0., 0., 0.,  ..., 0., 0., 0.],
        [0., 0., 0.,  ..., 0., 0., 0.],
        [0., 0., 0.,  ..., 0., 0., 0.]], device='cuda:0')
Is it a permutation matrix?
x.ndim:  2
x.shape[0] == x.shape[1]:  True
(x.sum(axis=0) == 1.).all():  False
(x.sum(axis=1) == 1.).all():  True
((x == 1.) | (x == 0.)).all()):  True
is_permuted?:  False
Ideal Lower Triangular                    matrix
 tensor([[1., 0., 0.,  ..., 0., 0., 0.],
        [1., 1., 0.,  ..., 1., 1., 1.],
        [1., 1., 1.,  ..., 1., 1., 1.],
        ...,
        [1., 0., 0.,  ..., 1., 0., 0.],
        [1., 0., 0.,  ..., 1., 1., 1.],
        [1., 0., 0.,  ..., 1., 0., 1.]], device='cuda:0')
