hahaha
Number of constructs:  1052
================================================================================================================================================================
Epoch  0
================================================================================================================================================================
Batch #:  0
constructs:  tensor([[ 777,  987],
        [ 688, 1021],
        [ 716, 1021],
        ...,
        [   0,    0],
        [   0,    0],
        [   0,    0]])
labels:  tensor([[-1., -1.],
        [-1.,  1.],
        [-1.,  1.],
        ...,
        [ 0.,  0.],
        [ 0.,  0.],
        [ 0.,  0.]], dtype=torch.float64)
labels shape:  1472
Time:  1472
Student:  2
Median Row Sum: 1.0, Col Sum: 1.0 Row Max: 0.01 Col Max: 0.01
Ideal Permutation Matrix
 tensor([[0., 0., 0.,  ..., 0., 0., 0.],
        [0., 0., 0.,  ..., 0., 0., 0.],
        [0., 0., 0.,  ..., 0., 0., 0.],
        ...,
        [0., 0., 0.,  ..., 0., 0., 0.],
        [0., 0., 0.,  ..., 0., 0., 0.],
        [0., 0., 0.,  ..., 0., 0., 0.]], device='cuda:0')
Is it a permutation matrix?
x.ndim:  2
x.shape[0] == x.shape[1]:  True
(x.sum(axis=0) == 1.).all():  False
(x.sum(axis=1) == 1.).all():  True
((x == 1.) | (x == 0.)).all()):  True
is_permuted?:  False
Ideal Lower Triangular                    matrix
 tensor([[1., 0., 0.,  ..., 0., 0., 0.],
        [1., 1., 1.,  ..., 1., 1., 1.],
        [1., 0., 1.,  ..., 0., 0., 0.],
        ...,
        [1., 0., 1.,  ..., 1., 0., 1.],
        [1., 0., 1.,  ..., 1., 1., 1.],
        [1., 0., 1.,  ..., 0., 0., 1.]], device='cuda:0')
