Using device: cuda
PermutedDKT
Number of questions:  1855
Number of students:  6468
Number of concepts: 1076
Using batch size: 64
Using batch size: 64
Successfull in data prepration!
Successfully loaded the optimizer

======== Epoch 1 / 200 ========
Training...
Step: 0
Parameter containing:
tensor([[ 0.0175, -0.0046, -0.0012,  ..., -0.0100,  0.0239, -0.0273],
        [-0.0265,  0.0188,  0.0179,  ...,  0.0295,  0.0167, -0.0190],
        [ 0.0248, -0.0124, -0.0046,  ...,  0.0001,  0.0107,  0.0065],
        ...,
        [-0.0257,  0.0084, -0.0284,  ..., -0.0296, -0.0007, -0.0252],
        [ 0.0004,  0.0232,  0.0189,  ...,  0.0131, -0.0070,  0.0143],
        [ 0.0168, -0.0115,  0.0002,  ...,  0.0163, -0.0140,  0.0154]],
       device='cuda:0', requires_grad=True)
