{"obj": {"type": "AssignString", "path": ["sys", "name"], "value": "Untitled"}, "version": 1}
{"obj": {"type": "AssignString", "path": ["sys", "description"], "value": ""}, "version": 2}
{"obj": {"type": "AssignString", "path": ["sys", "hostname"], "value": "login2"}, "version": 3}
{"obj": {"type": "AssignBool", "path": ["sys", "failed"], "value": false}, "version": 4}
{"obj": {"type": "ClearStringLog", "path": ["monitoring", "stdout"]}, "version": 5}
{"obj": {"type": "ClearStringLog", "path": ["monitoring", "stderr"]}, "version": 6}
{"obj": {"type": "AssignString", "path": ["source_code", "entrypoint"], "value": "train.py"}, "version": 7}
{"obj": {"type": "UploadFileSet", "path": ["source_code", "files"], "file_globs": ["/work/jaewooklee_umass_edu/neurips_2022/sanity_check/train.py"], "reset": "False"}, "version": 8}
{"obj": {"type": "LogStrings", "path": ["monitoring", "stderr"], "values": [{"value": "Info (NVML): NVML Shared Library Not Found. GPU usage metrics may not be reported. For more information, see https://docs.neptune.ai/you-should-know/what-can-you-log-and-display#hardware-consumption\n", "step": null, "ts": 1663988564.368428}]}, "version": 9}
{"obj": {"type": "ConfigFloatSeries", "path": ["monitoring", "cpu"], "min": 0.0, "max": 100.0, "unit": "%"}, "version": 10}
{"obj": {"type": "ClearFloatLog", "path": ["monitoring", "cpu"]}, "version": 11}
{"obj": {"type": "ConfigFloatSeries", "path": ["monitoring", "memory"], "min": 0.0, "max": 159.96484375, "unit": "GB"}, "version": 12}
{"obj": {"type": "ClearFloatLog", "path": ["monitoring", "memory"]}, "version": 13}
{"obj": {"type": "AssignInt", "path": ["parameters", "num_constructs"], "value": 4}, "version": 14}
{"obj": {"type": "AssignInt", "path": ["parameters", "num_questions"], "value": 50}, "version": 15}
{"obj": {"type": "AssignInt", "path": ["parameters", "num_students"], "value": 50}, "version": 16}
{"obj": {"type": "AssignInt", "path": ["parameters", "batch_size"], "value": 2}, "version": 17}
{"obj": {"type": "AssignInt", "path": ["parameters", "temperature"], "value": 100}, "version": 18}
{"obj": {"type": "AssignInt", "path": ["parameters", "unroll"], "value": 100}, "version": 19}
{"obj": {"type": "AssignFloat", "path": ["parameters", "learning_rate"], "value": 0.01}, "version": 20}
{"obj": {"type": "AssignInt", "path": ["parameters", "num_epochs"], "value": 500}, "version": 21}
{"obj": {"type": "LogFloats", "path": ["monitoring", "cpu"], "values": [{"value": 4.8, "step": null, "ts": 1663988564.383052}]}, "version": 22}
{"obj": {"type": "LogFloats", "path": ["monitoring", "memory"], "values": [{"value": 32.354278564453125, "step": null, "ts": 1663988564.383052}]}, "version": 23}
{"obj": {"type": "AssignFloat", "path": ["best_loss"], "value": 0.6056383395195007}, "version": 24}
{"obj": {"type": "AssignFloat", "path": ["best_accuracy"], "value": 0.6819999814033508}, "version": 25}
{"obj": {"type": "AssignInt", "path": ["best_epoch"], "value": 0}, "version": 26}
{"obj": {"type": "LogStrings", "path": ["monitoring", "stdout"], "values": [{"value": "Epoch 1/500, Train Loss: 0.5756, Train Accuracy: 0.68", "step": null, "ts": 1663988567.1339228}]}, "version": 27}
{"obj": {"type": "LogStrings", "path": ["monitoring", "stdout"], "values": [{"value": "\n", "step": null, "ts": 1663988567.1364267}]}, "version": 28}
{"obj": {"type": "LogFloats", "path": ["loss"], "values": [{"value": 0.6056383395195007, "step": null, "ts": 1663988567.1389663}]}, "version": 29}
{"obj": {"type": "LogFloats", "path": ["accuracy"], "values": [{"value": 0.6819999814033508, "step": null, "ts": 1663988567.1413279}]}, "version": 30}
{"obj": {"type": "AssignFloat", "path": ["best_loss"], "value": 0.5096031236648559}, "version": 31}
{"obj": {"type": "AssignFloat", "path": ["best_accuracy"], "value": 0.6987999677658081}, "version": 32}
{"obj": {"type": "AssignInt", "path": ["best_epoch"], "value": 1}, "version": 33}
{"obj": {"type": "LogStrings", "path": ["monitoring", "stdout"], "values": [{"value": "Epoch 2/500, Train Loss: 0.4452, Train Accuracy: 0.70", "step": null, "ts": 1663988569.9563274}]}, "version": 34}
{"obj": {"type": "LogStrings", "path": ["monitoring", "stdout"], "values": [{"value": "\n", "step": null, "ts": 1663988569.962809}]}, "version": 35}
{"obj": {"type": "LogFloats", "path": ["loss"], "values": [{"value": 0.5096031236648559, "step": null, "ts": 1663988569.966179}]}, "version": 36}
{"obj": {"type": "LogFloats", "path": ["accuracy"], "values": [{"value": 0.6987999677658081, "step": null, "ts": 1663988569.9686353}]}, "version": 37}
{"obj": {"type": "LogFloats", "path": ["monitoring", "cpu"], "values": [{"value": 7.2, "step": null, "ts": 1663988574.4091156}]}, "version": 38}
{"obj": {"type": "LogFloats", "path": ["monitoring", "memory"], "values": [{"value": 32.382667541503906, "step": null, "ts": 1663988574.4091156}]}, "version": 39}
{"obj": {"type": "AssignFloat", "path": ["best_loss"], "value": 0.4015480697154999}, "version": 40}
{"obj": {"type": "AssignFloat", "path": ["best_accuracy"], "value": 0.807200014591217}, "version": 41}
{"obj": {"type": "AssignInt", "path": ["best_epoch"], "value": 2}, "version": 42}
{"obj": {"type": "LogStrings", "path": ["monitoring", "stdout"], "values": [{"value": "Epoch 3/500, Train Loss: 0.3109, Train Accuracy: 0.81", "step": null, "ts": 1663988576.328754}]}, "version": 43}
{"obj": {"type": "LogStrings", "path": ["monitoring", "stdout"], "values": [{"value": "\n", "step": null, "ts": 1663988576.330788}]}, "version": 44}
{"obj": {"type": "LogFloats", "path": ["loss"], "values": [{"value": 0.4015480697154999, "step": null, "ts": 1663988576.3328953}]}, "version": 45}
{"obj": {"type": "LogFloats", "path": ["accuracy"], "values": [{"value": 0.807200014591217, "step": null, "ts": 1663988576.3352325}]}, "version": 46}
{"obj": {"type": "AssignFloat", "path": ["best_loss"], "value": 0.31059520423412323}, "version": 47}
{"obj": {"type": "AssignFloat", "path": ["best_accuracy"], "value": 0.8968001008033752}, "version": 48}
{"obj": {"type": "AssignInt", "path": ["best_epoch"], "value": 3}, "version": 49}
{"obj": {"type": "LogStrings", "path": ["monitoring", "stdout"], "values": [{"value": "Epoch 4/500, Train Loss: 0.2660, Train Accuracy: 0.90", "step": null, "ts": 1663988579.4921863}]}, "version": 50}
{"obj": {"type": "LogStrings", "path": ["monitoring", "stdout"], "values": [{"value": "\n", "step": null, "ts": 1663988579.4951837}]}, "version": 51}
{"obj": {"type": "LogFloats", "path": ["loss"], "values": [{"value": 0.31059520423412323, "step": null, "ts": 1663988579.4973593}]}, "version": 52}
{"obj": {"type": "LogFloats", "path": ["accuracy"], "values": [{"value": 0.8968001008033752, "step": null, "ts": 1663988579.5000007}]}, "version": 53}
{"obj": {"type": "AssignFloat", "path": ["best_loss"], "value": 0.24525177001953125}, "version": 54}
{"obj": {"type": "AssignFloat", "path": ["best_accuracy"], "value": 0.9259998798370361}, "version": 55}
{"obj": {"type": "AssignInt", "path": ["best_epoch"], "value": 4}, "version": 56}
{"obj": {"type": "LogStrings", "path": ["monitoring", "stdout"], "values": [{"value": "Epoch 5/500, Train Loss: 0.1939, Train Accuracy: 0.93", "step": null, "ts": 1663988581.30307}]}, "version": 57}
{"obj": {"type": "LogStrings", "path": ["monitoring", "stdout"], "values": [{"value": "\n", "step": null, "ts": 1663988581.305661}]}, "version": 58}
{"obj": {"type": "LogFloats", "path": ["loss"], "values": [{"value": 0.24525177001953125, "step": null, "ts": 1663988581.309365}]}, "version": 59}
{"obj": {"type": "LogFloats", "path": ["accuracy"], "values": [{"value": 0.9259998798370361, "step": null, "ts": 1663988581.3123136}]}, "version": 60}
{"obj": {"type": "AssignFloat", "path": ["best_loss"], "value": 0.2092194527387619}, "version": 61}
{"obj": {"type": "AssignFloat", "path": ["best_accuracy"], "value": 0.9363999366760254}, "version": 62}
{"obj": {"type": "AssignInt", "path": ["best_epoch"], "value": 5}, "version": 63}
{"obj": {"type": "LogStrings", "path": ["monitoring", "stdout"], "values": [{"value": "Epoch 6/500, Train Loss: 0.1722, Train Accuracy: 0.94", "step": null, "ts": 1663988583.196767}]}, "version": 64}
{"obj": {"type": "LogStrings", "path": ["monitoring", "stdout"], "values": [{"value": "\n", "step": null, "ts": 1663988583.1989665}]}, "version": 65}
{"obj": {"type": "LogFloats", "path": ["loss"], "values": [{"value": 0.2092194527387619, "step": null, "ts": 1663988583.2010505}]}, "version": 66}
{"obj": {"type": "LogFloats", "path": ["accuracy"], "values": [{"value": 0.9363999366760254, "step": null, "ts": 1663988583.2041986}]}, "version": 67}
{"obj": {"type": "LogFloats", "path": ["monitoring", "cpu"], "values": [{"value": 6.8, "step": null, "ts": 1663988584.418162}]}, "version": 68}
{"obj": {"type": "LogFloats", "path": ["monitoring", "memory"], "values": [{"value": 32.37564468383789, "step": null, "ts": 1663988584.418162}]}, "version": 69}
{"obj": {"type": "AssignFloat", "path": ["best_loss"], "value": 0.18455464988946915}, "version": 70}
{"obj": {"type": "AssignFloat", "path": ["best_accuracy"], "value": 0.9431999325752258}, "version": 71}
{"obj": {"type": "AssignInt", "path": ["best_epoch"], "value": 6}, "version": 72}
{"obj": {"type": "LogStrings", "path": ["monitoring", "stdout"], "values": [{"value": "Epoch 7/500, Train Loss: 0.1887, Train Accuracy: 0.94", "step": null, "ts": 1663988585.1372871}]}, "version": 73}
{"obj": {"type": "LogStrings", "path": ["monitoring", "stdout"], "values": [{"value": "\n", "step": null, "ts": 1663988585.1403744}]}, "version": 74}
{"obj": {"type": "LogFloats", "path": ["loss"], "values": [{"value": 0.18455464988946915, "step": null, "ts": 1663988585.142195}]}, "version": 75}
{"obj": {"type": "LogFloats", "path": ["accuracy"], "values": [{"value": 0.9431999325752258, "step": null, "ts": 1663988585.1450908}]}, "version": 76}
{"obj": {"type": "AssignFloat", "path": ["best_loss"], "value": 0.1709408140182495}, "version": 77}
{"obj": {"type": "AssignFloat", "path": ["best_accuracy"], "value": 0.9431999325752258}, "version": 78}
{"obj": {"type": "AssignInt", "path": ["best_epoch"], "value": 7}, "version": 79}
{"obj": {"type": "LogStrings", "path": ["monitoring", "stdout"], "values": [{"value": "Epoch 8/500, Train Loss: 0.1409, Train Accuracy: 0.94", "step": null, "ts": 1663988586.945312}]}, "version": 80}
{"obj": {"type": "LogStrings", "path": ["monitoring", "stdout"], "values": [{"value": "\n", "step": null, "ts": 1663988586.9478536}]}, "version": 81}
{"obj": {"type": "LogFloats", "path": ["loss"], "values": [{"value": 0.1709408140182495, "step": null, "ts": 1663988586.9506836}]}, "version": 82}
{"obj": {"type": "LogFloats", "path": ["accuracy"], "values": [{"value": 0.9431999325752258, "step": null, "ts": 1663988586.9537394}]}, "version": 83}
{"obj": {"type": "AssignFloat", "path": ["best_loss"], "value": 0.15883609384298325}, "version": 84}
{"obj": {"type": "AssignFloat", "path": ["best_accuracy"], "value": 0.949199914932251}, "version": 85}
{"obj": {"type": "AssignInt", "path": ["best_epoch"], "value": 8}, "version": 86}
{"obj": {"type": "LogStrings", "path": ["monitoring", "stdout"], "values": [{"value": "Epoch 9/500, Train Loss: 0.1149, Train Accuracy: 0.95", "step": null, "ts": 1663988588.9787884}]}, "version": 87}
{"obj": {"type": "LogStrings", "path": ["monitoring", "stdout"], "values": [{"value": "\n", "step": null, "ts": 1663988588.9814293}]}, "version": 88}
{"obj": {"type": "LogFloats", "path": ["loss"], "values": [{"value": 0.15883609384298325, "step": null, "ts": 1663988588.983865}]}, "version": 89}
{"obj": {"type": "LogFloats", "path": ["accuracy"], "values": [{"value": 0.949199914932251, "step": null, "ts": 1663988588.986757}]}, "version": 90}
{"obj": {"type": "AssignFloat", "path": ["best_loss"], "value": 0.15362408876419067}, "version": 91}
{"obj": {"type": "AssignFloat", "path": ["best_accuracy"], "value": 0.9467999339103699}, "version": 92}
{"obj": {"type": "AssignInt", "path": ["best_epoch"], "value": 9}, "version": 93}
{"obj": {"type": "LogStrings", "path": ["monitoring", "stdout"], "values": [{"value": "Epoch 10/500, Train Loss: 0.1535, Train Accuracy: 0.95", "step": null, "ts": 1663988590.7595274}]}, "version": 94}
{"obj": {"type": "LogStrings", "path": ["monitoring", "stdout"], "values": [{"value": "\n", "step": null, "ts": 1663988590.762232}]}, "version": 95}
{"obj": {"type": "LogFloats", "path": ["loss"], "values": [{"value": 0.15362408876419067, "step": null, "ts": 1663988590.764483}]}, "version": 96}
{"obj": {"type": "LogFloats", "path": ["accuracy"], "values": [{"value": 0.9467999339103699, "step": null, "ts": 1663988590.767001}]}, "version": 97}
{"obj": {"type": "LogStrings", "path": ["monitoring", "stdout"], "values": [{"value": "Epoch 11/500, Train Loss: 0.1426, Train Accuracy: 0.94", "step": null, "ts": 1663988592.66178}]}, "version": 98}
{"obj": {"type": "LogStrings", "path": ["monitoring", "stdout"], "values": [{"value": "\n", "step": null, "ts": 1663988592.6683757}]}, "version": 99}
{"obj": {"type": "LogFloats", "path": ["loss"], "values": [{"value": 0.1550562012195587, "step": null, "ts": 1663988592.682167}]}, "version": 100}
{"obj": {"type": "LogFloats", "path": ["accuracy"], "values": [{"value": 0.9435998797416687, "step": null, "ts": 1663988592.6853118}]}, "version": 101}
{"obj": {"type": "LogFloats", "path": ["monitoring", "cpu"], "values": [{"value": 6.9, "step": null, "ts": 1663988594.4299622}]}, "version": 102}
{"obj": {"type": "LogFloats", "path": ["monitoring", "memory"], "values": [{"value": 32.37950134277344, "step": null, "ts": 1663988594.4299622}]}, "version": 103}
{"obj": {"type": "AssignFloat", "path": ["best_loss"], "value": 0.14846092641353606}, "version": 104}
{"obj": {"type": "AssignFloat", "path": ["best_accuracy"], "value": 0.9495999217033386}, "version": 105}
{"obj": {"type": "AssignInt", "path": ["best_epoch"], "value": 11}, "version": 106}
{"obj": {"type": "LogStrings", "path": ["monitoring", "stdout"], "values": [{"value": "Epoch 12/500, Train Loss: 0.1158, Train Accuracy: 0.95", "step": null, "ts": 1663988596.633601}]}, "version": 107}
{"obj": {"type": "LogStrings", "path": ["monitoring", "stdout"], "values": [{"value": "\n", "step": null, "ts": 1663988596.638025}]}, "version": 108}
{"obj": {"type": "LogFloats", "path": ["loss"], "values": [{"value": 0.14846092641353606, "step": null, "ts": 1663988596.640377}]}, "version": 109}
{"obj": {"type": "LogFloats", "path": ["accuracy"], "values": [{"value": 0.9495999217033386, "step": null, "ts": 1663988596.6449301}]}, "version": 110}
{"obj": {"type": "AssignFloat", "path": ["best_loss"], "value": 0.14118683099746704}, "version": 111}
{"obj": {"type": "AssignFloat", "path": ["best_accuracy"], "value": 0.9527998566627502}, "version": 112}
{"obj": {"type": "AssignInt", "path": ["best_epoch"], "value": 12}, "version": 113}
{"obj": {"type": "LogStrings", "path": ["monitoring", "stdout"], "values": [{"value": "Epoch 13/500, Train Loss: 0.1227, Train Accuracy: 0.95", "step": null, "ts": 1663988598.673512}]}, "version": 114}
{"obj": {"type": "LogStrings", "path": ["monitoring", "stdout"], "values": [{"value": "\n", "step": null, "ts": 1663988598.6753871}]}, "version": 115}
{"obj": {"type": "LogFloats", "path": ["loss"], "values": [{"value": 0.14118683099746704, "step": null, "ts": 1663988598.6776216}]}, "version": 116}
{"obj": {"type": "LogFloats", "path": ["accuracy"], "values": [{"value": 0.9527998566627502, "step": null, "ts": 1663988598.6802106}]}, "version": 117}
{"obj": {"type": "LogStrings", "path": ["monitoring", "stdout"], "values": [{"value": "Epoch 14/500, Train Loss: 0.1337, Train Accuracy: 0.94", "step": null, "ts": 1663988600.554471}]}, "version": 118}
{"obj": {"type": "LogStrings", "path": ["monitoring", "stdout"], "values": [{"value": "\n", "step": null, "ts": 1663988600.5571988}]}, "version": 119}
{"obj": {"type": "LogFloats", "path": ["loss"], "values": [{"value": 0.1436828449368477, "step": null, "ts": 1663988600.5591664}]}, "version": 120}
{"obj": {"type": "LogFloats", "path": ["accuracy"], "values": [{"value": 0.9439999461174011, "step": null, "ts": 1663988600.561429}]}, "version": 121}
{"obj": {"type": "LogStrings", "path": ["monitoring", "stdout"], "values": [{"value": "Epoch 15/500, Train Loss: 0.1603, Train Accuracy: 0.95", "step": null, "ts": 1663988603.3721519}]}, "version": 122}
{"obj": {"type": "LogStrings", "path": ["monitoring", "stdout"], "values": [{"value": "\n", "step": null, "ts": 1663988603.375127}]}, "version": 123}
{"obj": {"type": "LogFloats", "path": ["loss"], "values": [{"value": 0.1476530221104622, "step": null, "ts": 1663988603.3776696}]}, "version": 124}
{"obj": {"type": "LogFloats", "path": ["accuracy"], "values": [{"value": 0.9463999271392822, "step": null, "ts": 1663988603.379969}]}, "version": 125}
{"obj": {"type": "LogFloats", "path": ["monitoring", "cpu"], "values": [{"value": 6.9, "step": null, "ts": 1663988604.441395}]}, "version": 126}
{"obj": {"type": "LogFloats", "path": ["monitoring", "memory"], "values": [{"value": 32.41573715209961, "step": null, "ts": 1663988604.441395}]}, "version": 127}
{"obj": {"type": "AssignFloat", "path": ["best_loss"], "value": 0.14068729907274247}, "version": 128}
{"obj": {"type": "AssignFloat", "path": ["best_accuracy"], "value": 0.9499998688697815}, "version": 129}
{"obj": {"type": "AssignInt", "path": ["best_epoch"], "value": 15}, "version": 130}
{"obj": {"type": "LogStrings", "path": ["monitoring", "stdout"], "values": [{"value": "Epoch 16/500, Train Loss: 0.0929, Train Accuracy: 0.95", "step": null, "ts": 1663988605.3194022}]}, "version": 131}
{"obj": {"type": "LogStrings", "path": ["monitoring", "stdout"], "values": [{"value": "\n", "step": null, "ts": 1663988605.3250306}]}, "version": 132}
{"obj": {"type": "LogFloats", "path": ["loss"], "values": [{"value": 0.14068729907274247, "step": null, "ts": 1663988605.3298268}]}, "version": 133}
{"obj": {"type": "LogFloats", "path": ["accuracy"], "values": [{"value": 0.9499998688697815, "step": null, "ts": 1663988605.3337219}]}, "version": 134}
{"obj": {"type": "AssignFloat", "path": ["best_loss"], "value": 0.13532329618930816}, "version": 135}
{"obj": {"type": "AssignFloat", "path": ["best_accuracy"], "value": 0.9483997821807861}, "version": 136}
{"obj": {"type": "AssignInt", "path": ["best_epoch"], "value": 16}, "version": 137}
{"obj": {"type": "LogStrings", "path": ["monitoring", "stdout"], "values": [{"value": "Epoch 17/500, Train Loss: 0.0760, Train Accuracy: 0.95", "step": null, "ts": 1663988607.097983}]}, "version": 138}
{"obj": {"type": "LogStrings", "path": ["monitoring", "stdout"], "values": [{"value": "\n", "step": null, "ts": 1663988607.1006458}]}, "version": 139}
{"obj": {"type": "LogFloats", "path": ["loss"], "values": [{"value": 0.13532329618930816, "step": null, "ts": 1663988607.102982}]}, "version": 140}
{"obj": {"type": "LogFloats", "path": ["accuracy"], "values": [{"value": 0.9483997821807861, "step": null, "ts": 1663988607.1121948}]}, "version": 141}
{"obj": {"type": "LogStrings", "path": ["monitoring", "stdout"], "values": [{"value": "Epoch 18/500, Train Loss: 0.1306, Train Accuracy: 0.95", "step": null, "ts": 1663988608.9900064}]}, "version": 142}
{"obj": {"type": "LogStrings", "path": ["monitoring", "stdout"], "values": [{"value": "\n", "step": null, "ts": 1663988608.9932017}]}, "version": 143}
{"obj": {"type": "LogFloats", "path": ["loss"], "values": [{"value": 0.13767859488725662, "step": null, "ts": 1663988608.9954479}]}, "version": 144}
{"obj": {"type": "LogFloats", "path": ["accuracy"], "values": [{"value": 0.9459999203681946, "step": null, "ts": 1663988608.9984555}]}, "version": 145}
{"obj": {"type": "LogStrings", "path": ["monitoring", "stdout"], "values": [{"value": "Epoch 19/500, Train Loss: 0.1020, Train Accuracy: 0.95", "step": null, "ts": 1663988610.8597076}]}, "version": 146}
{"obj": {"type": "LogStrings", "path": ["monitoring", "stdout"], "values": [{"value": "\n", "step": null, "ts": 1663988610.8671677}]}, "version": 147}
{"obj": {"type": "LogFloats", "path": ["loss"], "values": [{"value": 0.1370215231180191, "step": null, "ts": 1663988610.8700159}]}, "version": 148}
{"obj": {"type": "LogFloats", "path": ["accuracy"], "values": [{"value": 0.9495998620986938, "step": null, "ts": 1663988610.8730538}]}, "version": 149}
{"obj": {"type": "LogStrings", "path": ["monitoring", "stdout"], "values": [{"value": "Epoch 20/500, Train Loss: 0.0770, Train Accuracy: 0.95", "step": null, "ts": 1663988612.7624426}]}, "version": 150}
{"obj": {"type": "LogStrings", "path": ["monitoring", "stdout"], "values": [{"value": "\n", "step": null, "ts": 1663988612.7647254}]}, "version": 151}
{"obj": {"type": "LogFloats", "path": ["loss"], "values": [{"value": 0.1383616030216217, "step": null, "ts": 1663988612.766573}]}, "version": 152}
{"obj": {"type": "LogFloats", "path": ["accuracy"], "values": [{"value": 0.9455999135971069, "step": null, "ts": 1663988612.768884}]}, "version": 153}
{"obj": {"type": "LogFloats", "path": ["monitoring", "cpu"], "values": [{"value": 6.7, "step": null, "ts": 1663988614.4525104}]}, "version": 154}
{"obj": {"type": "LogFloats", "path": ["monitoring", "memory"], "values": [{"value": 32.411651611328125, "step": null, "ts": 1663988614.4525104}]}, "version": 155}
{"obj": {"type": "AssignFloat", "path": ["best_loss"], "value": 0.1312841695547104}, "version": 156}
{"obj": {"type": "AssignFloat", "path": ["best_accuracy"], "value": 0.9479999542236328}, "version": 157}
{"obj": {"type": "AssignInt", "path": ["best_epoch"], "value": 20}, "version": 158}
{"obj": {"type": "LogStrings", "path": ["monitoring", "stdout"], "values": [{"value": "Epoch 21/500, Train Loss: 0.1331, Train Accuracy: 0.95", "step": null, "ts": 1663988614.578036}]}, "version": 159}
{"obj": {"type": "LogStrings", "path": ["monitoring", "stdout"], "values": [{"value": "\n", "step": null, "ts": 1663988614.5808015}]}, "version": 160}
{"obj": {"type": "LogFloats", "path": ["loss"], "values": [{"value": 0.1312841695547104, "step": null, "ts": 1663988614.5831687}]}, "version": 161}
{"obj": {"type": "LogFloats", "path": ["accuracy"], "values": [{"value": 0.9479999542236328, "step": null, "ts": 1663988614.585589}]}, "version": 162}
{"obj": {"type": "LogStrings", "path": ["monitoring", "stdout"], "values": [{"value": "Epoch 22/500, Train Loss: 0.1314, Train Accuracy: 0.95", "step": null, "ts": 1663988616.4510257}]}, "version": 163}
{"obj": {"type": "LogStrings", "path": ["monitoring", "stdout"], "values": [{"value": "\n", "step": null, "ts": 1663988616.4538655}]}, "version": 164}
{"obj": {"type": "LogFloats", "path": ["loss"], "values": [{"value": 0.1342090144753456, "step": null, "ts": 1663988616.460239}]}, "version": 165}
{"obj": {"type": "LogFloats", "path": ["accuracy"], "values": [{"value": 0.946399986743927, "step": null, "ts": 1663988616.4627109}]}, "version": 166}
{"obj": {"type": "AssignFloat", "path": ["best_loss"], "value": 0.12978617757558822}, "version": 167}
{"obj": {"type": "AssignFloat", "path": ["best_accuracy"], "value": 0.9495999813079834}, "version": 168}
{"obj": {"type": "AssignInt", "path": ["best_epoch"], "value": 22}, "version": 169}
{"obj": {"type": "LogStrings", "path": ["monitoring", "stdout"], "values": [{"value": "Epoch 23/500, Train Loss: 0.1182, Train Accuracy: 0.95", "step": null, "ts": 1663988618.3849614}]}, "version": 170}
{"obj": {"type": "LogStrings", "path": ["monitoring", "stdout"], "values": [{"value": "\n", "step": null, "ts": 1663988618.387349}]}, "version": 171}
{"obj": {"type": "LogFloats", "path": ["loss"], "values": [{"value": 0.12978617757558822, "step": null, "ts": 1663988618.3900874}]}, "version": 172}
{"obj": {"type": "LogFloats", "path": ["accuracy"], "values": [{"value": 0.9495999813079834, "step": null, "ts": 1663988618.3928988}]}, "version": 173}
{"obj": {"type": "AssignFloat", "path": ["best_loss"], "value": 0.12761559009552}, "version": 174}
{"obj": {"type": "AssignFloat", "path": ["best_accuracy"], "value": 0.9515999555587769}, "version": 175}
{"obj": {"type": "AssignInt", "path": ["best_epoch"], "value": 23}, "version": 176}
{"obj": {"type": "LogStrings", "path": ["monitoring", "stdout"], "values": [{"value": "Epoch 24/500, Train Loss: 0.0951, Train Accuracy: 0.95", "step": null, "ts": 1663988620.3289697}]}, "version": 177}
{"obj": {"type": "LogStrings", "path": ["monitoring", "stdout"], "values": [{"value": "\n", "step": null, "ts": 1663988620.3349116}]}, "version": 178}
{"obj": {"type": "LogFloats", "path": ["loss"], "values": [{"value": 0.12761559009552, "step": null, "ts": 1663988620.3367925}]}, "version": 179}
{"obj": {"type": "LogFloats", "path": ["accuracy"], "values": [{"value": 0.9515999555587769, "step": null, "ts": 1663988620.3387196}]}, "version": 180}
{"obj": {"type": "LogStrings", "path": ["monitoring", "stdout"], "values": [{"value": "Epoch 25/500, Train Loss: 0.0925, Train Accuracy: 0.95", "step": null, "ts": 1663988622.134468}]}, "version": 181}
{"obj": {"type": "LogStrings", "path": ["monitoring", "stdout"], "values": [{"value": "\n", "step": null, "ts": 1663988622.1368864}]}, "version": 182}
{"obj": {"type": "LogFloats", "path": ["loss"], "values": [{"value": 0.1317041601240635, "step": null, "ts": 1663988622.1391675}]}, "version": 183}
{"obj": {"type": "LogFloats", "path": ["accuracy"], "values": [{"value": 0.9487999677658081, "step": null, "ts": 1663988622.1412983}]}, "version": 184}
{"obj": {"type": "LogStrings", "path": ["monitoring", "stdout"], "values": [{"value": "Epoch 26/500, Train Loss: 0.1233, Train Accuracy: 0.95", "step": null, "ts": 1663988624.0364473}]}, "version": 185}
{"obj": {"type": "LogStrings", "path": ["monitoring", "stdout"], "values": [{"value": "\n", "step": null, "ts": 1663988624.0417976}]}, "version": 186}
{"obj": {"type": "LogFloats", "path": ["loss"], "values": [{"value": 0.1323378375172615, "step": null, "ts": 1663988624.0468614}]}, "version": 187}
{"obj": {"type": "LogFloats", "path": ["accuracy"], "values": [{"value": 0.9475999474525452, "step": null, "ts": 1663988624.052436}]}, "version": 188}
{"obj": {"type": "LogFloats", "path": ["monitoring", "cpu"], "values": [{"value": 6.8, "step": null, "ts": 1663988624.462487}]}, "version": 189}
{"obj": {"type": "LogFloats", "path": ["monitoring", "memory"], "values": [{"value": 32.41027069091797, "step": null, "ts": 1663988624.462487}]}, "version": 190}
{"obj": {"type": "LogStrings", "path": ["monitoring", "stdout"], "values": [{"value": "Epoch 27/500, Train Loss: 0.1336, Train Accuracy: 0.95", "step": null, "ts": 1663988625.9488058}]}, "version": 191}
{"obj": {"type": "LogStrings", "path": ["monitoring", "stdout"], "values": [{"value": "\n", "step": null, "ts": 1663988625.9531658}]}, "version": 192}
{"obj": {"type": "LogFloats", "path": ["loss"], "values": [{"value": 0.132142324000597, "step": null, "ts": 1663988625.9599278}]}, "version": 193}
{"obj": {"type": "LogFloats", "path": ["accuracy"], "values": [{"value": 0.9483999609947205, "step": null, "ts": 1663988625.9635494}]}, "version": 194}
{"obj": {"type": "AssignFloat", "path": ["best_loss"], "value": 0.1213328617811203}, "version": 195}
{"obj": {"type": "AssignFloat", "path": ["best_accuracy"], "value": 0.9523998498916626}, "version": 196}
{"obj": {"type": "AssignInt", "path": ["best_epoch"], "value": 27}, "version": 197}
{"obj": {"type": "LogStrings", "path": ["monitoring", "stdout"], "values": [{"value": "Epoch 28/500, Train Loss: 0.0731, Train Accuracy: 0.95", "step": null, "ts": 1663988627.8649614}]}, "version": 198}
{"obj": {"type": "LogStrings", "path": ["monitoring", "stdout"], "values": [{"value": "\n", "step": null, "ts": 1663988627.8687425}]}, "version": 199}
{"obj": {"type": "LogFloats", "path": ["loss"], "values": [{"value": 0.1213328617811203, "step": null, "ts": 1663988627.8836637}]}, "version": 200}
{"obj": {"type": "LogFloats", "path": ["accuracy"], "values": [{"value": 0.9523998498916626, "step": null, "ts": 1663988627.8884416}]}, "version": 201}
{"obj": {"type": "LogStrings", "path": ["monitoring", "stdout"], "values": [{"value": "Epoch 29/500, Train Loss: 0.1156, Train Accuracy: 0.95", "step": null, "ts": 1663988629.6662998}]}, "version": 202}
{"obj": {"type": "LogStrings", "path": ["monitoring", "stdout"], "values": [{"value": "\n", "step": null, "ts": 1663988629.670298}]}, "version": 203}
{"obj": {"type": "LogFloats", "path": ["loss"], "values": [{"value": 0.13080118641257285, "step": null, "ts": 1663988629.673652}]}, "version": 204}
{"obj": {"type": "LogFloats", "path": ["accuracy"], "values": [{"value": 0.9495999813079834, "step": null, "ts": 1663988629.6783576}]}, "version": 205}
{"obj": {"type": "LogStrings", "path": ["monitoring", "stdout"], "values": [{"value": "Epoch 30/500, Train Loss: 0.1162, Train Accuracy: 0.95", "step": null, "ts": 1663988631.5587544}]}, "version": 206}
{"obj": {"type": "LogStrings", "path": ["monitoring", "stdout"], "values": [{"value": "\n", "step": null, "ts": 1663988631.5660424}]}, "version": 207}
{"obj": {"type": "LogFloats", "path": ["loss"], "values": [{"value": 0.12285700097680091, "step": null, "ts": 1663988631.5785584}]}, "version": 208}
{"obj": {"type": "LogFloats", "path": ["accuracy"], "values": [{"value": 0.9495999813079834, "step": null, "ts": 1663988631.5834758}]}, "version": 209}
{"obj": {"type": "LogStrings", "path": ["monitoring", "traceback"], "values": [{"value": "An uncaught exception occurred while run was active on worker login2.", "step": null, "ts": 1663988631.606857}, {"value": "Marking run as failed", "step": null, "ts": 1663988631.606857}, {"value": "Traceback:", "step": null, "ts": 1663988631.606857}, {"value": "  File \"train.py\", line 218, in <module>\n    test()\n", "step": null, "ts": 1663988631.606857}, {"value": "  File \"train.py\", line 161, in test\n    loss, acc = dkt(b_construct, b_label)\n", "step": null, "ts": 1663988631.606857}, {"value": "  File \"/home/jaewooklee_umass_edu/.local/lib/python3.8/site-packages/torch/nn/modules/module.py\", line 1130, in _call_impl\n    return forward_call(*input, **kwargs)\n", "step": null, "ts": 1663988631.606857}, {"value": "  File \"/work/jaewooklee_umass_edu/neurips_2022/sanity_check/model.py\", line 167, in forward\n    hidden_states, _ = self.gru(input)\n", "step": null, "ts": 1663988631.606857}, {"value": "  File \"/home/jaewooklee_umass_edu/.local/lib/python3.8/site-packages/torch/nn/modules/module.py\", line 1130, in _call_impl\n    return forward_call(*input, **kwargs)\n", "step": null, "ts": 1663988631.606857}, {"value": "  File \"/work/jaewooklee_umass_edu/neurips_2022/sanity_check/model.py\", line 130, in forward\n    lower = self.permuted_matrix(verbose=False)\n", "step": null, "ts": 1663988631.606857}, {"value": "  File \"/home/jaewooklee_umass_edu/.local/lib/python3.8/site-packages/torch/nn/modules/module.py\", line 1130, in _call_impl\n    return forward_call(*input, **kwargs)\n", "step": null, "ts": 1663988631.606857}]}, "version": 210}
{"obj": {"type": "LogStrings", "path": ["monitoring", "traceback"], "values": [{"value": "  File \"/work/jaewooklee_umass_edu/neurips_2022/sanity_check/model.py\", line 71, in forward\n    matrix = matrix / torch.sum(matrix, dim=1, keepdim=True)\n", "step": null, "ts": 1663988631.606857}, {"value": "", "step": null, "ts": 1663988631.606857}]}, "version": 211}
{"obj": {"type": "AssignBool", "path": ["sys", "failed"], "value": true}, "version": 212}
{"obj": {"type": "LogStrings", "path": ["monitoring", "stderr"], "values": [{"value": "Traceback (most recent call last):\n", "step": null, "ts": 1663988631.6417038}]}, "version": 213}
{"obj": {"type": "LogStrings", "path": ["monitoring", "stderr"], "values": [{"value": "  File \"train.py\", line 218, in <module>\n", "step": null, "ts": 1663988631.647364}]}, "version": 214}
{"obj": {"type": "LogStrings", "path": ["monitoring", "stderr"], "values": [{"value": "    ", "step": null, "ts": 1663988631.6512356}]}, "version": 215}
{"obj": {"type": "LogStrings", "path": ["monitoring", "stderr"], "values": [{"value": "test()", "step": null, "ts": 1663988631.6569355}]}, "version": 216}
{"obj": {"type": "LogStrings", "path": ["monitoring", "stderr"], "values": [{"value": "\n", "step": null, "ts": 1663988631.6649556}]}, "version": 217}
{"obj": {"type": "LogStrings", "path": ["monitoring", "stderr"], "values": [{"value": "  File \"train.py\", line 161, in test\n", "step": null, "ts": 1663988631.6692438}]}, "version": 218}
{"obj": {"type": "LogStrings", "path": ["monitoring", "stderr"], "values": [{"value": "    ", "step": null, "ts": 1663988631.676009}]}, "version": 219}
{"obj": {"type": "LogStrings", "path": ["monitoring", "stderr"], "values": [{"value": "loss, acc = dkt(b_construct, b_label)", "step": null, "ts": 1663988631.6813157}]}, "version": 220}
{"obj": {"type": "LogStrings", "path": ["monitoring", "stderr"], "values": [{"value": "\n", "step": null, "ts": 1663988631.6850023}]}, "version": 221}
{"obj": {"type": "LogStrings", "path": ["monitoring", "stderr"], "values": [{"value": "  File \"/home/jaewooklee_umass_edu/.local/lib/python3.8/site-packages/torch/nn/modules/module.py\", line 1130, in _call_impl\n", "step": null, "ts": 1663988631.7002258}]}, "version": 222}
{"obj": {"type": "LogStrings", "path": ["monitoring", "stderr"], "values": [{"value": "    ", "step": null, "ts": 1663988631.7054853}]}, "version": 223}
{"obj": {"type": "LogStrings", "path": ["monitoring", "stderr"], "values": [{"value": "return forward_call(*input, **kwargs)", "step": null, "ts": 1663988631.7113492}]}, "version": 224}
{"obj": {"type": "LogStrings", "path": ["monitoring", "stderr"], "values": [{"value": "\n", "step": null, "ts": 1663988631.7151191}]}, "version": 225}
{"obj": {"type": "LogStrings", "path": ["monitoring", "stderr"], "values": [{"value": "  File \"/work/jaewooklee_umass_edu/neurips_2022/sanity_check/model.py\", line 167, in forward\n", "step": null, "ts": 1663988631.718995}]}, "version": 226}
{"obj": {"type": "LogStrings", "path": ["monitoring", "stderr"], "values": [{"value": "    ", "step": null, "ts": 1663988631.7237837}]}, "version": 227}
{"obj": {"type": "LogStrings", "path": ["monitoring", "stderr"], "values": [{"value": "hidden_states, _ = self.gru(input)", "step": null, "ts": 1663988631.7279081}]}, "version": 228}
{"obj": {"type": "LogStrings", "path": ["monitoring", "stderr"], "values": [{"value": "\n", "step": null, "ts": 1663988631.7326994}]}, "version": 229}
{"obj": {"type": "LogStrings", "path": ["monitoring", "stderr"], "values": [{"value": "  File \"/home/jaewooklee_umass_edu/.local/lib/python3.8/site-packages/torch/nn/modules/module.py\", line 1130, in _call_impl\n", "step": null, "ts": 1663988631.7490845}]}, "version": 230}
{"obj": {"type": "LogStrings", "path": ["monitoring", "stderr"], "values": [{"value": "    ", "step": null, "ts": 1663988631.7547612}]}, "version": 231}
{"obj": {"type": "LogStrings", "path": ["monitoring", "stderr"], "values": [{"value": "return forward_call(*input, **kwargs)", "step": null, "ts": 1663988631.759198}]}, "version": 232}
{"obj": {"type": "LogStrings", "path": ["monitoring", "stderr"], "values": [{"value": "\n", "step": null, "ts": 1663988631.7649705}]}, "version": 233}
{"obj": {"type": "LogStrings", "path": ["monitoring", "stderr"], "values": [{"value": "  File \"/work/jaewooklee_umass_edu/neurips_2022/sanity_check/model.py\", line 130, in forward\n", "step": null, "ts": 1663988631.7697594}]}, "version": 234}
{"obj": {"type": "LogStrings", "path": ["monitoring", "stderr"], "values": [{"value": "    ", "step": null, "ts": 1663988631.7769356}]}, "version": 235}
{"obj": {"type": "LogStrings", "path": ["monitoring", "stderr"], "values": [{"value": "lower = self.permuted_matrix(verbose=False)", "step": null, "ts": 1663988631.7819352}]}, "version": 236}
{"obj": {"type": "LogStrings", "path": ["monitoring", "stderr"], "values": [{"value": "\n", "step": null, "ts": 1663988631.7898905}]}, "version": 237}
{"obj": {"type": "LogStrings", "path": ["monitoring", "stderr"], "values": [{"value": "  File \"/home/jaewooklee_umass_edu/.local/lib/python3.8/site-packages/torch/nn/modules/module.py\", line 1130, in _call_impl\n", "step": null, "ts": 1663988631.7935703}]}, "version": 238}
{"obj": {"type": "LogStrings", "path": ["monitoring", "stderr"], "values": [{"value": "    ", "step": null, "ts": 1663988631.7982714}]}, "version": 239}
{"obj": {"type": "LogStrings", "path": ["monitoring", "stderr"], "values": [{"value": "return forward_call(*input, **kwargs)", "step": null, "ts": 1663988631.8023574}]}, "version": 240}
{"obj": {"type": "LogStrings", "path": ["monitoring", "stderr"], "values": [{"value": "\n", "step": null, "ts": 1663988631.805798}]}, "version": 241}
{"obj": {"type": "LogStrings", "path": ["monitoring", "stderr"], "values": [{"value": "  File \"/work/jaewooklee_umass_edu/neurips_2022/sanity_check/model.py\", line 71, in forward\n", "step": null, "ts": 1663988631.8104303}]}, "version": 242}
{"obj": {"type": "LogStrings", "path": ["monitoring", "stderr"], "values": [{"value": "    ", "step": null, "ts": 1663988631.8150837}]}, "version": 243}
{"obj": {"type": "LogStrings", "path": ["monitoring", "stderr"], "values": [{"value": "matrix = matrix / torch.sum(matrix, dim=1, keepdim=True)", "step": null, "ts": 1663988631.8199968}]}, "version": 244}
{"obj": {"type": "LogStrings", "path": ["monitoring", "stderr"], "values": [{"value": "\n", "step": null, "ts": 1663988631.824044}]}, "version": 245}
{"obj": {"type": "LogStrings", "path": ["monitoring", "stderr"], "values": [{"value": "KeyboardInterrupt", "step": null, "ts": 1663988631.8289113}]}, "version": 246}
{"obj": {"type": "LogStrings", "path": ["monitoring", "stderr"], "values": [{"value": "", "step": null, "ts": 1663988631.833677}]}, "version": 247}
{"obj": {"type": "LogStrings", "path": ["monitoring", "stderr"], "values": [{"value": "\n", "step": null, "ts": 1663988631.8386078}]}, "version": 248}
{"obj": {"type": "LogStrings", "path": ["monitoring", "stdout"], "values": [{"value": "Shutting down background jobs, please wait a moment...\n", "step": null, "ts": 1663988631.8440714}]}, "version": 249}
