{"obj": {"type": "AssignString", "path": ["sys", "name"], "value": "Untitled"}, "version": 1}
{"obj": {"type": "AssignString", "path": ["sys", "description"], "value": ""}, "version": 2}
{"obj": {"type": "AssignString", "path": ["sys", "hostname"], "value": "login2"}, "version": 3}
{"obj": {"type": "AssignBool", "path": ["sys", "failed"], "value": false}, "version": 4}
{"obj": {"type": "ClearStringLog", "path": ["monitoring", "stdout"]}, "version": 5}
{"obj": {"type": "ClearStringLog", "path": ["monitoring", "stderr"]}, "version": 6}
{"obj": {"type": "AssignString", "path": ["source_code", "entrypoint"], "value": "train.py"}, "version": 7}
{"obj": {"type": "UploadFileSet", "path": ["source_code", "files"], "file_globs": ["/work/jaewooklee_umass_edu/neurips_2022/sanity_check/train.py"], "reset": "False"}, "version": 8}
{"obj": {"type": "LogStrings", "path": ["monitoring", "stderr"], "values": [{"value": "Info (NVML): NVML Shared Library Not Found. GPU usage metrics may not be reported. For more information, see https://docs.neptune.ai/you-should-know/what-can-you-log-and-display#hardware-consumption\n", "step": null, "ts": 1663987336.9620087}]}, "version": 9}
{"obj": {"type": "ConfigFloatSeries", "path": ["monitoring", "cpu"], "min": 0.0, "max": 100.0, "unit": "%"}, "version": 10}
{"obj": {"type": "ClearFloatLog", "path": ["monitoring", "cpu"]}, "version": 11}
{"obj": {"type": "ConfigFloatSeries", "path": ["monitoring", "memory"], "min": 0.0, "max": 159.96484375, "unit": "GB"}, "version": 12}
{"obj": {"type": "ClearFloatLog", "path": ["monitoring", "memory"]}, "version": 13}
{"obj": {"type": "LogStrings", "path": ["monitoring", "traceback"], "values": [{"value": "An uncaught exception occurred while run was active on worker login2.", "step": null, "ts": 1663987336.987553}, {"value": "Marking run as failed", "step": null, "ts": 1663987336.987553}, {"value": "Traceback:", "step": null, "ts": 1663987336.987553}, {"value": "  File \"train.py\", line 221, in <module>\n    test()\n", "step": null, "ts": 1663987336.987553}, {"value": "  File \"train.py\", line 149, in test\n    neptune.create_experiment(params=PARAMS)\n", "step": null, "ts": 1663987336.987553}, {"value": "  File \"/home/jaewooklee_umass_edu/.local/lib/python3.8/site-packages/neptune/new/__init__.py\", line 50, in _raise_legacy_client_expected\n    raise NeptunePossibleLegacyUsageException()\n", "step": null, "ts": 1663987336.987553}, {"value": "", "step": null, "ts": 1663987336.987553}, {"value": "\u001b[95m", "step": null, "ts": 1663987336.987553}, {"value": "----NeptunePossibleLegacyUsageException----------------------------------------------------------------", "step": null, "ts": 1663987336.987553}, {"value": "\u001b[0m", "step": null, "ts": 1663987336.987553}]}, "version": 14}
{"obj": {"type": "LogStrings", "path": ["monitoring", "traceback"], "values": [{"value": "It seems you are trying to use the legacy API, but you imported the new one.", "step": null, "ts": 1663987336.987553}, {"value": "", "step": null, "ts": 1663987336.987553}, {"value": "Simply update your import statement to:", "step": null, "ts": 1663987336.987553}, {"value": "    \u001b[96mimport neptune\u001b[0m", "step": null, "ts": 1663987336.987553}, {"value": "", "step": null, "ts": 1663987336.987553}, {"value": "You may want to check the legacy API docs:", "step": null, "ts": 1663987336.987553}, {"value": "    - https://docs-legacy.neptune.ai", "step": null, "ts": 1663987336.987553}, {"value": "", "step": null, "ts": 1663987336.987553}, {"value": "If you want to update your code with the new API, we prepared a handy migration guide:", "step": null, "ts": 1663987336.987553}, {"value": "    - https://docs.neptune.ai/migration-guide", "step": null, "ts": 1663987336.987553}]}, "version": 15}
{"obj": {"type": "LogStrings", "path": ["monitoring", "traceback"], "values": [{"value": "", "step": null, "ts": 1663987336.987553}, {"value": "You can read more about neptune.new in the release blog post:", "step": null, "ts": 1663987336.987553}, {"value": "    - https://neptune.ai/blog/neptune-new", "step": null, "ts": 1663987336.987553}, {"value": "", "step": null, "ts": 1663987336.987553}, {"value": "You may also want to check the following docs page:", "step": null, "ts": 1663987336.987553}, {"value": "    - https://docs-legacy.neptune.ai/getting-started/integrate-neptune-into-your-codebase.html", "step": null, "ts": 1663987336.987553}, {"value": "", "step": null, "ts": 1663987336.987553}, {"value": "\u001b[92mNeed help?\u001b[0m-> https://docs.neptune.ai/getting-started/getting-help", "step": null, "ts": 1663987336.987553}, {"value": "", "step": null, "ts": 1663987336.987553}]}, "version": 16}
{"obj": {"type": "AssignBool", "path": ["sys", "failed"], "value": true}, "version": 17}
{"obj": {"type": "LogFloats", "path": ["monitoring", "cpu"], "values": [{"value": 3.8, "step": null, "ts": 1663987336.981019}]}, "version": 18}
{"obj": {"type": "LogFloats", "path": ["monitoring", "memory"], "values": [{"value": 32.173946380615234, "step": null, "ts": 1663987336.981019}]}, "version": 19}
{"obj": {"type": "LogStrings", "path": ["monitoring", "stderr"], "values": [{"value": "Traceback (most recent call last):\n", "step": null, "ts": 1663987337.0233521}]}, "version": 20}
{"obj": {"type": "LogStrings", "path": ["monitoring", "stderr"], "values": [{"value": "  File \"train.py\", line 221, in <module>\n", "step": null, "ts": 1663987337.0250478}]}, "version": 21}
{"obj": {"type": "LogStrings", "path": ["monitoring", "stderr"], "values": [{"value": "    ", "step": null, "ts": 1663987337.0274968}]}, "version": 22}
{"obj": {"type": "LogStrings", "path": ["monitoring", "stderr"], "values": [{"value": "test()", "step": null, "ts": 1663987337.043896}]}, "version": 23}
{"obj": {"type": "LogStrings", "path": ["monitoring", "stderr"], "values": [{"value": "\n", "step": null, "ts": 1663987337.046283}]}, "version": 24}
{"obj": {"type": "LogStrings", "path": ["monitoring", "stderr"], "values": [{"value": "  File \"train.py\", line 149, in test\n", "step": null, "ts": 1663987337.0513668}]}, "version": 25}
{"obj": {"type": "LogStrings", "path": ["monitoring", "stderr"], "values": [{"value": "    ", "step": null, "ts": 1663987337.0536506}]}, "version": 26}
{"obj": {"type": "LogStrings", "path": ["monitoring", "stderr"], "values": [{"value": "neptune.create_experiment(params=PARAMS)", "step": null, "ts": 1663987337.0554862}]}, "version": 27}
{"obj": {"type": "LogStrings", "path": ["monitoring", "stderr"], "values": [{"value": "\n", "step": null, "ts": 1663987337.057518}]}, "version": 28}
{"obj": {"type": "LogStrings", "path": ["monitoring", "stderr"], "values": [{"value": "  File \"/home/jaewooklee_umass_edu/.local/lib/python3.8/site-packages/neptune/new/__init__.py\", line 50, in _raise_legacy_client_expected\n", "step": null, "ts": 1663987337.059169}]}, "version": 29}
{"obj": {"type": "LogStrings", "path": ["monitoring", "stderr"], "values": [{"value": "    ", "step": null, "ts": 1663987337.061289}]}, "version": 30}
{"obj": {"type": "LogStrings", "path": ["monitoring", "stderr"], "values": [{"value": "raise NeptunePossibleLegacyUsageException()", "step": null, "ts": 1663987337.0635319}]}, "version": 31}
{"obj": {"type": "LogStrings", "path": ["monitoring", "stderr"], "values": [{"value": "\n", "step": null, "ts": 1663987337.0656686}]}, "version": 32}
{"obj": {"type": "LogStrings", "path": ["monitoring", "stderr"], "values": [{"value": "neptune.new.exceptions", "step": null, "ts": 1663987337.0687046}]}, "version": 33}
{"obj": {"type": "LogStrings", "path": ["monitoring", "stderr"], "values": [{"value": ".", "step": null, "ts": 1663987337.070885}]}, "version": 34}
{"obj": {"type": "LogStrings", "path": ["monitoring", "stderr"], "values": [{"value": "NeptunePossibleLegacyUsageException", "step": null, "ts": 1663987337.0727813}]}, "version": 35}
{"obj": {"type": "LogStrings", "path": ["monitoring", "stderr"], "values": [{"value": ": ", "step": null, "ts": 1663987337.0745003}]}, "version": 36}
{"obj": {"type": "LogStrings", "path": ["monitoring", "stderr"], "values": [{"value": "\n\u001b[95m\n----NeptunePossibleLegacyUsageException----------------------------------------------------------------\n\u001b[0m\nIt seems you are trying to use the legacy API, but you imported the new one.\n\nSimply update your import statement to:\n    \u001b[96mimport neptune\u001b[0m\n\nYou may want to check the legacy API docs:\n    - https://docs-legacy.neptune.ai\n\nIf you want to update your code with the new API, we prepared a handy migration guide:\n    - https://docs.neptune.ai/migration-guide\n\nYou can read more about neptune.new in the release blog post:\n    - https://neptune.ai/blog/neptune-new\n\nYou may also want to check the following docs page:\n    - https://docs-legacy.neptune.ai/getting-started/integrate-neptune-into-your-codebase.html\n\n\u001b[92mNeed help?\u001b[0m-> https://docs.neptune.ai/getting-started/getting-help\n", "step": null, "ts": 1663987337.0769913}]}, "version": 37}
{"obj": {"type": "LogStrings", "path": ["monitoring", "stderr"], "values": [{"value": "\n", "step": null, "ts": 1663987337.0795767}]}, "version": 38}
{"obj": {"type": "LogStrings", "path": ["monitoring", "stdout"], "values": [{"value": "Shutting down background jobs, please wait a moment...\n", "step": null, "ts": 1663987337.081743}]}, "version": 39}
