wandb: Currently logged in as: nashokkumar (ml4ed). Use `wandb login --relogin` to force relogin
wandb: Tracking run with wandb version 0.13.3
wandb: Run data is saved locally in /work/nashokkumar_umass_edu/nipschal/Neurips-Challenge-22/wandb/run-20221002_162156-17x2dkua
wandb: Run `wandb offline` to turn off syncing.
wandb: Syncing run nips embed
wandb: ⭐️ View project at https://wandb.ai/ml4ed/predict-graph
wandb: 🚀 View run at https://wandb.ai/ml4ed/predict-graph/runs/17x2dkua
/work/nashokkumar_umass_edu/nipschal/Neurips-Challenge-22/predict_graph_embed.py:433: UserWarning: To copy construct from a tensor, it is recommended to use sourceTensor.clone().detach() or sourceTensor.clone().detach().requires_grad_(True), rather than torch.tensor(sourceTensor).
  labels = torch.tensor(dataset_tensor[:, 1, :].clone().detach(), dtype=torch.long)
Traceback (most recent call last):
  File "/work/nashokkumar_umass_edu/nipschal/Neurips-Challenge-22/predict_graph_embed.py", line 490, in <module>
    main()
  File "/work/nashokkumar_umass_edu/nipschal/Neurips-Challenge-22/predict_graph_embed.py", line 475, in main
    model, epoch_train_loss, epoch_val_loss = train(epochs, dkt_model, train_dataloader, val_dataloader, optimizer, scheduler) # add val_dataloader later
  File "/work/nashokkumar_umass_edu/nipschal/Neurips-Challenge-22/predict_graph_embed.py", line 346, in train
    loss, acc = model(b_input_ids, b_labels, epoch_i+1)
  File "/work/nashokkumar_umass_edu/.conda/envs/nistorch/lib/python3.10/site-packages/torch/nn/modules/module.py", line 1130, in _call_impl
    return forward_call(*input, **kwargs)
  File "/work/nashokkumar_umass_edu/nipschal/Neurips-Challenge-22/predict_graph_embed.py", line 235, in forward
    hidden_states, _ = self.gru(input_embed, epoch)
  File "/work/nashokkumar_umass_edu/.conda/envs/nistorch/lib/python3.10/site-packages/torch/nn/modules/module.py", line 1130, in _call_impl
    return forward_call(*input, **kwargs)
  File "/work/nashokkumar_umass_edu/nipschal/Neurips-Challenge-22/predict_graph_embed.py", line 168, in forward
    hidden = self.cell(x, lower, hidden)
  File "/work/nashokkumar_umass_edu/.conda/envs/nistorch/lib/python3.10/site-packages/torch/nn/modules/module.py", line 1130, in _call_impl
    return forward_call(*input, **kwargs)
  File "/work/nashokkumar_umass_edu/nipschal/Neurips-Challenge-22/predict_graph_embed.py", line 63, in forward
    W_iz = self.W_iz * lower
RuntimeError: CUDA out of memory. Tried to allocate 20.00 MiB (GPU 0; 47.46 GiB total capacity; 41.48 GiB already allocated; 17.44 MiB free; 46.60 GiB reserved in total by PyTorch) If reserved memory is >> allocated memory try setting max_split_size_mb to avoid fragmentation.  See documentation for Memory Management and PYTORCH_CUDA_ALLOC_CONF
wandb: Waiting for W&B process to finish... (failed 1). Press Control-C to abort syncing.
wandb: - 0.001 MB of 0.001 MB uploaded (0.000 MB deduped)wandb: \ 0.001 MB of 0.001 MB uploaded (0.000 MB deduped)wandb: | 0.001 MB of 0.001 MB uploaded (0.000 MB deduped)wandb: / 0.001 MB of 0.010 MB uploaded (0.000 MB deduped)wandb: - 0.001 MB of 0.010 MB uploaded (0.000 MB deduped)wandb: \ 0.007 MB of 0.010 MB uploaded (0.000 MB deduped)wandb: | 0.007 MB of 0.010 MB uploaded (0.000 MB deduped)wandb: / 0.007 MB of 0.010 MB uploaded (0.000 MB deduped)wandb: - 0.010 MB of 0.010 MB uploaded (0.000 MB deduped)wandb: \ 0.010 MB of 0.010 MB uploaded (0.000 MB deduped)wandb: | 0.010 MB of 0.010 MB uploaded (0.000 MB deduped)wandb: / 0.010 MB of 0.010 MB uploaded (0.000 MB deduped)wandb: - 0.010 MB of 0.010 MB uploaded (0.000 MB deduped)wandb: \ 0.010 MB of 0.010 MB uploaded (0.000 MB deduped)wandb:                                                                                
wandb: Synced nips embed: https://wandb.ai/ml4ed/predict-graph/runs/17x2dkua
wandb: Synced 6 W&B file(s), 0 media file(s), 0 artifact file(s) and 0 other file(s)
wandb: Find logs at: ./wandb/run-20221002_162156-17x2dkua/logs
