wandb: Currently logged in as: nashokkumar (ml4ed). Use `wandb login --relogin` to force relogin
wandb: Tracking run with wandb version 0.13.3
wandb: Run data is saved locally in /work/nashokkumar_umass_edu/nipschal/Neurips-Challenge-22/wandb/run-20221003_191939-3qbumi2c
wandb: Run `wandb offline` to turn off syncing.
wandb: Syncing run nips embed
wandb: ⭐️ View project at https://wandb.ai/ml4ed/predict-graph
wandb: 🚀 View run at https://wandb.ai/ml4ed/predict-graph/runs/3qbumi2c
/work/nashokkumar_umass_edu/nipschal/Neurips-Challenge-22/predict_graph_embed_small.py:438: UserWarning: To copy construct from a tensor, it is recommended to use sourceTensor.clone().detach() or sourceTensor.clone().detach().requires_grad_(True), rather than torch.tensor(sourceTensor).
  labels = torch.tensor(dataset_tensor[:, 1, :].clone().detach(), dtype=torch.long)
Traceback (most recent call last):
  File "/work/nashokkumar_umass_edu/nipschal/Neurips-Challenge-22/predict_graph_embed_small.py", line 497, in <module>
    main()
  File "/work/nashokkumar_umass_edu/nipschal/Neurips-Challenge-22/predict_graph_embed_small.py", line 482, in main
    model, epoch_train_loss, epoch_val_loss = train(epochs, dkt_model, train_dataloader, val_dataloader, optimizer, scheduler) # add val_dataloader later
  File "/work/nashokkumar_umass_edu/nipschal/Neurips-Challenge-22/predict_graph_embed_small.py", line 348, in train
    loss, acc = model(b_input_ids, b_labels, epoch_i+1)
  File "/work/nashokkumar_umass_edu/.conda/envs/nistorch/lib/python3.10/site-packages/torch/nn/modules/module.py", line 1130, in _call_impl
    return forward_call(*input, **kwargs)
  File "/work/nashokkumar_umass_edu/.conda/envs/nistorch/lib/python3.10/site-packages/torch/nn/parallel/data_parallel.py", line 168, in forward
    outputs = self.parallel_apply(replicas, inputs, kwargs)
  File "/work/nashokkumar_umass_edu/.conda/envs/nistorch/lib/python3.10/site-packages/torch/nn/parallel/data_parallel.py", line 178, in parallel_apply
    return parallel_apply(replicas, inputs, kwargs, self.device_ids[:len(replicas)])
  File "/work/nashokkumar_umass_edu/.conda/envs/nistorch/lib/python3.10/site-packages/torch/nn/parallel/parallel_apply.py", line 86, in parallel_apply
    output.reraise()
  File "/work/nashokkumar_umass_edu/.conda/envs/nistorch/lib/python3.10/site-packages/torch/_utils.py", line 461, in reraise
    raise exception
RuntimeError: Caught RuntimeError in replica 1 on device 1.
Original Traceback (most recent call last):
  File "/work/nashokkumar_umass_edu/.conda/envs/nistorch/lib/python3.10/site-packages/torch/nn/parallel/parallel_apply.py", line 61, in _worker
    output = module(*input, **kwargs)
  File "/work/nashokkumar_umass_edu/.conda/envs/nistorch/lib/python3.10/site-packages/torch/nn/modules/module.py", line 1130, in _call_impl
    return forward_call(*input, **kwargs)
  File "/work/nashokkumar_umass_edu/nipschal/Neurips-Challenge-22/predict_graph_embed_small.py", line 236, in forward
    hidden_states, _ = self.gru(input_embed, epoch)
  File "/work/nashokkumar_umass_edu/.conda/envs/nistorch/lib/python3.10/site-packages/torch/nn/modules/module.py", line 1130, in _call_impl
    return forward_call(*input, **kwargs)
  File "/work/nashokkumar_umass_edu/nipschal/Neurips-Challenge-22/predict_graph_embed_small.py", line 160, in forward
    lower = self.permuted_matrix(epoch, verbose=False) # (PLP')'
  File "/work/nashokkumar_umass_edu/.conda/envs/nistorch/lib/python3.10/site-packages/torch/nn/modules/module.py", line 1130, in _call_impl
    return forward_call(*input, **kwargs)
  File "/work/nashokkumar_umass_edu/nipschal/Neurips-Challenge-22/predict_graph_embed_small.py", line 105, in forward
    output_lower = torch.matmul(torch.matmul(matrix, self.lower), matrix.t()).t()
RuntimeError: Expected all tensors to be on the same device, but found at least two devices, cuda:1 and cuda:0! (when checking argument for argument mat2 in method wrapper_mm)

wandb: Waiting for W&B process to finish... (failed 1). Press Control-C to abort syncing.
wandb: - 0.001 MB of 0.001 MB uploaded (0.000 MB deduped)wandb: \ 0.001 MB of 0.001 MB uploaded (0.000 MB deduped)wandb: | 0.001 MB of 0.001 MB uploaded (0.000 MB deduped)wandb: / 0.001 MB of 0.007 MB uploaded (0.000 MB deduped)wandb: - 0.001 MB of 0.007 MB uploaded (0.000 MB deduped)wandb: \ 0.007 MB of 0.007 MB uploaded (0.000 MB deduped)wandb: | 0.007 MB of 0.007 MB uploaded (0.000 MB deduped)wandb: / 0.007 MB of 0.007 MB uploaded (0.000 MB deduped)wandb: - 0.007 MB of 0.007 MB uploaded (0.000 MB deduped)wandb: \ 0.007 MB of 0.007 MB uploaded (0.000 MB deduped)wandb: | 0.007 MB of 0.007 MB uploaded (0.000 MB deduped)wandb: / 0.007 MB of 0.007 MB uploaded (0.000 MB deduped)wandb:                                                                                
wandb: Synced nips embed: https://wandb.ai/ml4ed/predict-graph/runs/3qbumi2c
wandb: Synced 6 W&B file(s), 0 media file(s), 0 artifact file(s) and 0 other file(s)
wandb: Find logs at: ./wandb/run-20221003_191939-3qbumi2c/logs
