wandb: Currently logged in as: nashokkumar (ml4ed). Use `wandb login --relogin` to force relogin
wandb: wandb version 0.13.4 is available!  To upgrade, please run:
wandb:  $ pip install wandb --upgrade
wandb: Tracking run with wandb version 0.13.3
wandb: Run data is saved locally in /work/nashokkumar_umass_edu/nipschal/Neurips-Challenge-22/wandb/run-20221009_151144-2vguc5o4
wandb: Run `wandb offline` to turn off syncing.
wandb: Syncing run nips_embed_300_proper
wandb: â­ï¸ View project at https://wandb.ai/ml4ed/predict-graph
wandb: ðŸš€ View run at https://wandb.ai/ml4ed/predict-graph/runs/2vguc5o4
/work/nashokkumar_umass_edu/nipschal/Neurips-Challenge-22/predict_graph_embed_small.py:540: UserWarning: To copy construct from a tensor, it is recommended to use sourceTensor.clone().detach() or sourceTensor.clone().detach().requires_grad_(True), rather than torch.tensor(sourceTensor).
  labels = torch.tensor(dataset_tensor[:, 1, :].clone().detach(), dtype=torch.long)
/work/nashokkumar_umass_edu/.conda/envs/nistorch/lib/python3.10/site-packages/torch/nn/parallel/_functions.py:68: UserWarning: Was asked to gather along dimension 0, but all input tensors were scalars; will instead unsqueeze and return a vector.
  warnings.warn('Was asked to gather along dimension 0, but all '
/opt/conda/conda-bld/pytorch_1659484772832/work/aten/src/ATen/native/cuda/ScatterGatherKernel.cu:145: operator(): block: [66,0,0], thread: [80,0,0] Assertion `idx_dim >= 0 && idx_dim < index_size && "index out of bounds"` failed.
/opt/conda/conda-bld/pytorch_1659484772832/work/aten/src/ATen/native/cuda/ScatterGatherKernel.cu:145: operator(): block: [66,0,0], thread: [81,0,0] Assertion `idx_dim >= 0 && idx_dim < index_size && "index out of bounds"` failed.
/opt/conda/conda-bld/pytorch_1659484772832/work/aten/src/ATen/native/cuda/ScatterGatherKernel.cu:145: operator(): block: [66,0,0], thread: [82,0,0] Assertion `idx_dim >= 0 && idx_dim < index_size && "index out of bounds"` failed.
/opt/conda/conda-bld/pytorch_1659484772832/work/aten/src/ATen/native/cuda/ScatterGatherKernel.cu:145: operator(): block: [66,0,0], thread: [83,0,0] Assertion `idx_dim >= 0 && idx_dim < index_size && "index out of bounds"` failed.
/opt/conda/conda-bld/pytorch_1659484772832/work/aten/src/ATen/native/cuda/ScatterGatherKernel.cu:145: operator(): block: [66,0,0], thread: [84,0,0] Assertion `idx_dim >= 0 && idx_dim < index_size && "index out of bounds"` failed.
/opt/conda/conda-bld/pytorch_1659484772832/work/aten/src/ATen/native/cuda/ScatterGatherKernel.cu:145: operator(): block: [66,0,0], thread: [85,0,0] Assertion `idx_dim >= 0 && idx_dim < index_size && "index out of bounds"` failed.
/opt/conda/conda-bld/pytorch_1659484772832/work/aten/src/ATen/native/cuda/ScatterGatherKernel.cu:145: operator(): block: [66,0,0], thread: [86,0,0] Assertion `idx_dim >= 0 && idx_dim < index_size && "index out of bounds"` failed.
/opt/conda/conda-bld/pytorch_1659484772832/work/aten/src/ATen/native/cuda/ScatterGatherKernel.cu:145: operator(): block: [66,0,0], thread: [87,0,0] Assertion `idx_dim >= 0 && idx_dim < index_size && "index out of bounds"` failed.
/opt/conda/conda-bld/pytorch_1659484772832/work/aten/src/ATen/native/cuda/ScatterGatherKernel.cu:145: operator(): block: [66,0,0], thread: [88,0,0] Assertion `idx_dim >= 0 && idx_dim < index_size && "index out of bounds"` failed.
/opt/conda/conda-bld/pytorch_1659484772832/work/aten/src/ATen/native/cuda/ScatterGatherKernel.cu:145: operator(): block: [66,0,0], thread: [89,0,0] Assertion `idx_dim >= 0 && idx_dim < index_size && "index out of bounds"` failed.
/opt/conda/conda-bld/pytorch_1659484772832/work/aten/src/ATen/native/cuda/ScatterGatherKernel.cu:145: operator(): block: [66,0,0], thread: [90,0,0] Assertion `idx_dim >= 0 && idx_dim < index_size && "index out of bounds"` failed.
/opt/conda/conda-bld/pytorch_1659484772832/work/aten/src/ATen/native/cuda/ScatterGatherKernel.cu:145: operator(): block: [66,0,0], thread: [91,0,0] Assertion `idx_dim >= 0 && idx_dim < index_size && "index out of bounds"` failed.
/opt/conda/conda-bld/pytorch_1659484772832/work/aten/src/ATen/native/cuda/ScatterGatherKernel.cu:145: operator(): block: [66,0,0], thread: [92,0,0] Assertion `idx_dim >= 0 && idx_dim < index_size && "index out of bounds"` failed.
/opt/conda/conda-bld/pytorch_1659484772832/work/aten/src/ATen/native/cuda/ScatterGatherKernel.cu:145: operator(): block: [66,0,0], thread: [93,0,0] Assertion `idx_dim >= 0 && idx_dim < index_size && "index out of bounds"` failed.
/opt/conda/conda-bld/pytorch_1659484772832/work/aten/src/ATen/native/cuda/ScatterGatherKernel.cu:145: operator(): block: [66,0,0], thread: [94,0,0] Assertion `idx_dim >= 0 && idx_dim < index_size && "index out of bounds"` failed.
/opt/conda/conda-bld/pytorch_1659484772832/work/aten/src/ATen/native/cuda/ScatterGatherKernel.cu:145: operator(): block: [66,0,0], thread: [95,0,0] Assertion `idx_dim >= 0 && idx_dim < index_size && "index out of bounds"` failed.
/opt/conda/conda-bld/pytorch_1659484772832/work/aten/src/ATen/native/cuda/ScatterGatherKernel.cu:145: operator(): block: [66,0,0], thread: [48,0,0] Assertion `idx_dim >= 0 && idx_dim < index_size && "index out of bounds"` failed.
/opt/conda/conda-bld/pytorch_1659484772832/work/aten/src/ATen/native/cuda/ScatterGatherKernel.cu:145: operator(): block: [66,0,0], thread: [49,0,0] Assertion `idx_dim >= 0 && idx_dim < index_size && "index out of bounds"` failed.
/opt/conda/conda-bld/pytorch_1659484772832/work/aten/src/ATen/native/cuda/ScatterGatherKernel.cu:145: operator(): block: [66,0,0], thread: [50,0,0] Assertion `idx_dim >= 0 && idx_dim < index_size && "index out of bounds"` failed.
/opt/conda/conda-bld/pytorch_1659484772832/work/aten/src/ATen/native/cuda/ScatterGatherKernel.cu:145: operator(): block: [66,0,0], thread: [51,0,0] Assertion `idx_dim >= 0 && idx_dim < index_size && "index out of bounds"` failed.
/opt/conda/conda-bld/pytorch_1659484772832/work/aten/src/ATen/native/cuda/ScatterGatherKernel.cu:145: operator(): block: [66,0,0], thread: [52,0,0] Assertion `idx_dim >= 0 && idx_dim < index_size && "index out of bounds"` failed.
/opt/conda/conda-bld/pytorch_1659484772832/work/aten/src/ATen/native/cuda/ScatterGatherKernel.cu:145: operator(): block: [66,0,0], thread: [53,0,0] Assertion `idx_dim >= 0 && idx_dim < index_size && "index out of bounds"` failed.
/opt/conda/conda-bld/pytorch_1659484772832/work/aten/src/ATen/native/cuda/ScatterGatherKernel.cu:145: operator(): block: [66,0,0], thread: [54,0,0] Assertion `idx_dim >= 0 && idx_dim < index_size && "index out of bounds"` failed.
/opt/conda/conda-bld/pytorch_1659484772832/work/aten/src/ATen/native/cuda/ScatterGatherKernel.cu:145: operator(): block: [66,0,0], thread: [55,0,0] Assertion `idx_dim >= 0 && idx_dim < index_size && "index out of bounds"` failed.
/opt/conda/conda-bld/pytorch_1659484772832/work/aten/src/ATen/native/cuda/ScatterGatherKernel.cu:145: operator(): block: [66,0,0], thread: [56,0,0] Assertion `idx_dim >= 0 && idx_dim < index_size && "index out of bounds"` failed.
/opt/conda/conda-bld/pytorch_1659484772832/work/aten/src/ATen/native/cuda/ScatterGatherKernel.cu:145: operator(): block: [66,0,0], thread: [57,0,0] Assertion `idx_dim >= 0 && idx_dim < index_size && "index out of bounds"` failed.
/opt/conda/conda-bld/pytorch_1659484772832/work/aten/src/ATen/native/cuda/ScatterGatherKernel.cu:145: operator(): block: [66,0,0], thread: [58,0,0] Assertion `idx_dim >= 0 && idx_dim < index_size && "index out of bounds"` failed.
/opt/conda/conda-bld/pytorch_1659484772832/work/aten/src/ATen/native/cuda/ScatterGatherKernel.cu:145: operator(): block: [66,0,0], thread: [59,0,0] Assertion `idx_dim >= 0 && idx_dim < index_size && "index out of bounds"` failed.
/opt/conda/conda-bld/pytorch_1659484772832/work/aten/src/ATen/native/cuda/ScatterGatherKernel.cu:145: operator(): block: [66,0,0], thread: [60,0,0] Assertion `idx_dim >= 0 && idx_dim < index_size && "index out of bounds"` failed.
/opt/conda/conda-bld/pytorch_1659484772832/work/aten/src/ATen/native/cuda/ScatterGatherKernel.cu:145: operator(): block: [66,0,0], thread: [61,0,0] Assertion `idx_dim >= 0 && idx_dim < index_size && "index out of bounds"` failed.
/opt/conda/conda-bld/pytorch_1659484772832/work/aten/src/ATen/native/cuda/ScatterGatherKernel.cu:145: operator(): block: [66,0,0], thread: [62,0,0] Assertion `idx_dim >= 0 && idx_dim < index_size && "index out of bounds"` failed.
/opt/conda/conda-bld/pytorch_1659484772832/work/aten/src/ATen/native/cuda/ScatterGatherKernel.cu:145: operator(): block: [66,0,0], thread: [63,0,0] Assertion `idx_dim >= 0 && idx_dim < index_size && "index out of bounds"` failed.
/opt/conda/conda-bld/pytorch_1659484772832/work/aten/src/ATen/native/cuda/ScatterGatherKernel.cu:145: operator(): block: [67,0,0], thread: [48,0,0] Assertion `idx_dim >= 0 && idx_dim < index_size && "index out of bounds"` failed.
/opt/conda/conda-bld/pytorch_1659484772832/work/aten/src/ATen/native/cuda/ScatterGatherKernel.cu:145: operator(): block: [67,0,0], thread: [49,0,0] Assertion `idx_dim >= 0 && idx_dim < index_size && "index out of bounds"` failed.
/opt/conda/conda-bld/pytorch_1659484772832/work/aten/src/ATen/native/cuda/ScatterGatherKernel.cu:145: operator(): block: [67,0,0], thread: [50,0,0] Assertion `idx_dim >= 0 && idx_dim < index_size && "index out of bounds"` failed.
/opt/conda/conda-bld/pytorch_1659484772832/work/aten/src/ATen/native/cuda/ScatterGatherKernel.cu:145: operator(): block: [67,0,0], thread: [51,0,0] Assertion `idx_dim >= 0 && idx_dim < index_size && "index out of bounds"` failed.
/opt/conda/conda-bld/pytorch_1659484772832/work/aten/src/ATen/native/cuda/ScatterGatherKernel.cu:145: operator(): block: [67,0,0], thread: [52,0,0] Assertion `idx_dim >= 0 && idx_dim < index_size && "index out of bounds"` failed.
/opt/conda/conda-bld/pytorch_1659484772832/work/aten/src/ATen/native/cuda/ScatterGatherKernel.cu:145: operator(): block: [67,0,0], thread: [53,0,0] Assertion `idx_dim >= 0 && idx_dim < index_size && "index out of bounds"` failed.
/opt/conda/conda-bld/pytorch_1659484772832/work/aten/src/ATen/native/cuda/ScatterGatherKernel.cu:145: operator(): block: [67,0,0], thread: [54,0,0] Assertion `idx_dim >= 0 && idx_dim < index_size && "index out of bounds"` failed.
/opt/conda/conda-bld/pytorch_1659484772832/work/aten/src/ATen/native/cuda/ScatterGatherKernel.cu:145: operator(): block: [67,0,0], thread: [55,0,0] Assertion `idx_dim >= 0 && idx_dim < index_size && "index out of bounds"` failed.
/opt/conda/conda-bld/pytorch_1659484772832/work/aten/src/ATen/native/cuda/ScatterGatherKernel.cu:145: operator(): block: [67,0,0], thread: [56,0,0] Assertion `idx_dim >= 0 && idx_dim < index_size && "index out of bounds"` failed.
/opt/conda/conda-bld/pytorch_1659484772832/work/aten/src/ATen/native/cuda/ScatterGatherKernel.cu:145: operator(): block: [67,0,0], thread: [57,0,0] Assertion `idx_dim >= 0 && idx_dim < index_size && "index out of bounds"` failed.
/opt/conda/conda-bld/pytorch_1659484772832/work/aten/src/ATen/native/cuda/ScatterGatherKernel.cu:145: operator(): block: [67,0,0], thread: [58,0,0] Assertion `idx_dim >= 0 && idx_dim < index_size && "index out of bounds"` failed.
/opt/conda/conda-bld/pytorch_1659484772832/work/aten/src/ATen/native/cuda/ScatterGatherKernel.cu:145: operator(): block: [67,0,0], thread: [59,0,0] Assertion `idx_dim >= 0 && idx_dim < index_size && "index out of bounds"` failed.
/opt/conda/conda-bld/pytorch_1659484772832/work/aten/src/ATen/native/cuda/ScatterGatherKernel.cu:145: operator(): block: [67,0,0], thread: [60,0,0] Assertion `idx_dim >= 0 && idx_dim < index_size && "index out of bounds"` failed.
/opt/conda/conda-bld/pytorch_1659484772832/work/aten/src/ATen/native/cuda/ScatterGatherKernel.cu:145: operator(): block: [67,0,0], thread: [61,0,0] Assertion `idx_dim >= 0 && idx_dim < index_size && "index out of bounds"` failed.
/opt/conda/conda-bld/pytorch_1659484772832/work/aten/src/ATen/native/cuda/ScatterGatherKernel.cu:145: operator(): block: [67,0,0], thread: [62,0,0] Assertion `idx_dim >= 0 && idx_dim < index_size && "index out of bounds"` failed.
/opt/conda/conda-bld/pytorch_1659484772832/work/aten/src/ATen/native/cuda/ScatterGatherKernel.cu:145: operator(): block: [67,0,0], thread: [63,0,0] Assertion `idx_dim >= 0 && idx_dim < index_size && "index out of bounds"` failed.
/opt/conda/conda-bld/pytorch_1659484772832/work/aten/src/ATen/native/cuda/ScatterGatherKernel.cu:145: operator(): block: [48,0,0], thread: [16,0,0] Assertion `idx_dim >= 0 && idx_dim < index_size && "index out of bounds"` failed.
/opt/conda/conda-bld/pytorch_1659484772832/work/aten/src/ATen/native/cuda/ScatterGatherKernel.cu:145: operator(): block: [48,0,0], thread: [17,0,0] Assertion `idx_dim >= 0 && idx_dim < index_size && "index out of bounds"` failed.
/opt/conda/conda-bld/pytorch_1659484772832/work/aten/src/ATen/native/cuda/ScatterGatherKernel.cu:145: operator(): block: [48,0,0], thread: [18,0,0] Assertion `idx_dim >= 0 && idx_dim < index_size && "index out of bounds"` failed.
/opt/conda/conda-bld/pytorch_1659484772832/work/aten/src/ATen/native/cuda/ScatterGatherKernel.cu:145: operator(): block: [48,0,0], thread: [19,0,0] Assertion `idx_dim >= 0 && idx_dim < index_size && "index out of bounds"` failed.
/opt/conda/conda-bld/pytorch_1659484772832/work/aten/src/ATen/native/cuda/ScatterGatherKernel.cu:145: operator(): block: [48,0,0], thread: [20,0,0] Assertion `idx_dim >= 0 && idx_dim < index_size && "index out of bounds"` failed.
/opt/conda/conda-bld/pytorch_1659484772832/work/aten/src/ATen/native/cuda/ScatterGatherKernel.cu:145: operator(): block: [48,0,0], thread: [21,0,0] Assertion `idx_dim >= 0 && idx_dim < index_size && "index out of bounds"` failed.
/opt/conda/conda-bld/pytorch_1659484772832/work/aten/src/ATen/native/cuda/ScatterGatherKernel.cu:145: operator(): block: [48,0,0], thread: [22,0,0] Assertion `idx_dim >= 0 && idx_dim < index_size && "index out of bounds"` failed.
/opt/conda/conda-bld/pytorch_1659484772832/work/aten/src/ATen/native/cuda/ScatterGatherKernel.cu:145: operator(): block: [48,0,0], thread: [23,0,0] Assertion `idx_dim >= 0 && idx_dim < index_size && "index out of bounds"` failed.
/opt/conda/conda-bld/pytorch_1659484772832/work/aten/src/ATen/native/cuda/ScatterGatherKernel.cu:145: operator(): block: [48,0,0], thread: [24,0,0] Assertion `idx_dim >= 0 && idx_dim < index_size && "index out of bounds"` failed.
/opt/conda/conda-bld/pytorch_1659484772832/work/aten/src/ATen/native/cuda/ScatterGatherKernel.cu:145: operator(): block: [48,0,0], thread: [25,0,0] Assertion `idx_dim >= 0 && idx_dim < index_size && "index out of bounds"` failed.
/opt/conda/conda-bld/pytorch_1659484772832/work/aten/src/ATen/native/cuda/ScatterGatherKernel.cu:145: operator(): block: [48,0,0], thread: [26,0,0] Assertion `idx_dim >= 0 && idx_dim < index_size && "index out of bounds"` failed.
/opt/conda/conda-bld/pytorch_1659484772832/work/aten/src/ATen/native/cuda/ScatterGatherKernel.cu:145: operator(): block: [48,0,0], thread: [27,0,0] Assertion `idx_dim >= 0 && idx_dim < index_size && "index out of bounds"` failed.
/opt/conda/conda-bld/pytorch_1659484772832/work/aten/src/ATen/native/cuda/ScatterGatherKernel.cu:145: operator(): block: [48,0,0], thread: [28,0,0] Assertion `idx_dim >= 0 && idx_dim < index_size && "index out of bounds"` failed.
/opt/conda/conda-bld/pytorch_1659484772832/work/aten/src/ATen/native/cuda/ScatterGatherKernel.cu:145: operator(): block: [48,0,0], thread: [29,0,0] Assertion `idx_dim >= 0 && idx_dim < index_size && "index out of bounds"` failed.
/opt/conda/conda-bld/pytorch_1659484772832/work/aten/src/ATen/native/cuda/ScatterGatherKernel.cu:145: operator(): block: [48,0,0], thread: [30,0,0] Assertion `idx_dim >= 0 && idx_dim < index_size && "index out of bounds"` failed.
/opt/conda/conda-bld/pytorch_1659484772832/work/aten/src/ATen/native/cuda/ScatterGatherKernel.cu:145: operator(): block: [48,0,0], thread: [31,0,0] Assertion `idx_dim >= 0 && idx_dim < index_size && "index out of bounds"` failed.
/opt/conda/conda-bld/pytorch_1659484772832/work/aten/src/ATen/native/cuda/ScatterGatherKernel.cu:145: operator(): block: [66,0,0], thread: [112,0,0] Assertion `idx_dim >= 0 && idx_dim < index_size && "index out of bounds"` failed.
/opt/conda/conda-bld/pytorch_1659484772832/work/aten/src/ATen/native/cuda/ScatterGatherKernel.cu:145: operator(): block: [66,0,0], thread: [113,0,0] Assertion `idx_dim >= 0 && idx_dim < index_size && "index out of bounds"` failed.
/opt/conda/conda-bld/pytorch_1659484772832/work/aten/src/ATen/native/cuda/ScatterGatherKernel.cu:145: operator(): block: [66,0,0], thread: [114,0,0] Assertion `idx_dim >= 0 && idx_dim < index_size && "index out of bounds"` failed.
/opt/conda/conda-bld/pytorch_1659484772832/work/aten/src/ATen/native/cuda/ScatterGatherKernel.cu:145: operator(): block: [66,0,0], thread: [115,0,0] Assertion `idx_dim >= 0 && idx_dim < index_size && "index out of bounds"` failed.
/opt/conda/conda-bld/pytorch_1659484772832/work/aten/src/ATen/native/cuda/ScatterGatherKernel.cu:145: operator(): block: [66,0,0], thread: [116,0,0] Assertion `idx_dim >= 0 && idx_dim < index_size && "index out of bounds"` failed.
/opt/conda/conda-bld/pytorch_1659484772832/work/aten/src/ATen/native/cuda/ScatterGatherKernel.cu:145: operator(): block: [66,0,0], thread: [117,0,0] Assertion `idx_dim >= 0 && idx_dim < index_size && "index out of bounds"` failed.
/opt/conda/conda-bld/pytorch_1659484772832/work/aten/src/ATen/native/cuda/ScatterGatherKernel.cu:145: operator(): block: [66,0,0], thread: [118,0,0] Assertion `idx_dim >= 0 && idx_dim < index_size && "index out of bounds"` failed.
/opt/conda/conda-bld/pytorch_1659484772832/work/aten/src/ATen/native/cuda/ScatterGatherKernel.cu:145: operator(): block: [66,0,0], thread: [119,0,0] Assertion `idx_dim >= 0 && idx_dim < index_size && "index out of bounds"` failed.
/opt/conda/conda-bld/pytorch_1659484772832/work/aten/src/ATen/native/cuda/ScatterGatherKernel.cu:145: operator(): block: [66,0,0], thread: [120,0,0] Assertion `idx_dim >= 0 && idx_dim < index_size && "index out of bounds"` failed.
/opt/conda/conda-bld/pytorch_1659484772832/work/aten/src/ATen/native/cuda/ScatterGatherKernel.cu:145: operator(): block: [66,0,0], thread: [121,0,0] Assertion `idx_dim >= 0 && idx_dim < index_size && "index out of bounds"` failed.
/opt/conda/conda-bld/pytorch_1659484772832/work/aten/src/ATen/native/cuda/ScatterGatherKernel.cu:145: operator(): block: [66,0,0], thread: [122,0,0] Assertion `idx_dim >= 0 && idx_dim < index_size && "index out of bounds"` failed.
/opt/conda/conda-bld/pytorch_1659484772832/work/aten/src/ATen/native/cuda/ScatterGatherKernel.cu:145: operator(): block: [66,0,0], thread: [123,0,0] Assertion `idx_dim >= 0 && idx_dim < index_size && "index out of bounds"` failed.
/opt/conda/conda-bld/pytorch_1659484772832/work/aten/src/ATen/native/cuda/ScatterGatherKernel.cu:145: operator(): block: [66,0,0], thread: [124,0,0] Assertion `idx_dim >= 0 && idx_dim < index_size && "index out of bounds"` failed.
/opt/conda/conda-bld/pytorch_1659484772832/work/aten/src/ATen/native/cuda/ScatterGatherKernel.cu:145: operator(): block: [66,0,0], thread: [125,0,0] Assertion `idx_dim >= 0 && idx_dim < index_size && "index out of bounds"` failed.
/opt/conda/conda-bld/pytorch_1659484772832/work/aten/src/ATen/native/cuda/ScatterGatherKernel.cu:145: operator(): block: [66,0,0], thread: [126,0,0] Assertion `idx_dim >= 0 && idx_dim < index_size && "index out of bounds"` failed.
/opt/conda/conda-bld/pytorch_1659484772832/work/aten/src/ATen/native/cuda/ScatterGatherKernel.cu:145: operator(): block: [66,0,0], thread: [127,0,0] Assertion `idx_dim >= 0 && idx_dim < index_size && "index out of bounds"` failed.
/opt/conda/conda-bld/pytorch_1659484772832/work/aten/src/ATen/native/cuda/ScatterGatherKernel.cu:145: operator(): block: [48,0,0], thread: [48,0,0] Assertion `idx_dim >= 0 && idx_dim < index_size && "index out of bounds"` failed.
/opt/conda/conda-bld/pytorch_1659484772832/work/aten/src/ATen/native/cuda/ScatterGatherKernel.cu:145: operator(): block: [48,0,0], thread: [49,0,0] Assertion `idx_dim >= 0 && idx_dim < index_size && "index out of bounds"` failed.
/opt/conda/conda-bld/pytorch_1659484772832/work/aten/src/ATen/native/cuda/ScatterGatherKernel.cu:145: operator(): block: [48,0,0], thread: [50,0,0] Assertion `idx_dim >= 0 && idx_dim < index_size && "index out of bounds"` failed.
/opt/conda/conda-bld/pytorch_1659484772832/work/aten/src/ATen/native/cuda/ScatterGatherKernel.cu:145: operator(): block: [48,0,0], thread: [51,0,0] Assertion `idx_dim >= 0 && idx_dim < index_size && "index out of bounds"` failed.
/opt/conda/conda-bld/pytorch_1659484772832/work/aten/src/ATen/native/cuda/ScatterGatherKernel.cu:145: operator(): block: [48,0,0], thread: [52,0,0] Assertion `idx_dim >= 0 && idx_dim < index_size && "index out of bounds"` failed.
/opt/conda/conda-bld/pytorch_1659484772832/work/aten/src/ATen/native/cuda/ScatterGatherKernel.cu:145: operator(): block: [48,0,0], thread: [53,0,0] Assertion `idx_dim >= 0 && idx_dim < index_size && "index out of bounds"` failed.
/opt/conda/conda-bld/pytorch_1659484772832/work/aten/src/ATen/native/cuda/ScatterGatherKernel.cu:145: operator(): block: [48,0,0], thread: [54,0,0] Assertion `idx_dim >= 0 && idx_dim < index_size && "index out of bounds"` failed.
/opt/conda/conda-bld/pytorch_1659484772832/work/aten/src/ATen/native/cuda/ScatterGatherKernel.cu:145: operator(): block: [48,0,0], thread: [55,0,0] Assertion `idx_dim >= 0 && idx_dim < index_size && "index out of bounds"` failed.
/opt/conda/conda-bld/pytorch_1659484772832/work/aten/src/ATen/native/cuda/ScatterGatherKernel.cu:145: operator(): block: [48,0,0], thread: [56,0,0] Assertion `idx_dim >= 0 && idx_dim < index_size && "index out of bounds"` failed.
/opt/conda/conda-bld/pytorch_1659484772832/work/aten/src/ATen/native/cuda/ScatterGatherKernel.cu:145: operator(): block: [48,0,0], thread: [57,0,0] Assertion `idx_dim >= 0 && idx_dim < index_size && "index out of bounds"` failed.
/opt/conda/conda-bld/pytorch_1659484772832/work/aten/src/ATen/native/cuda/ScatterGatherKernel.cu:145: operator(): block: [48,0,0], thread: [58,0,0] Assertion `idx_dim >= 0 && idx_dim < index_size && "index out of bounds"` failed.
/opt/conda/conda-bld/pytorch_1659484772832/work/aten/src/ATen/native/cuda/ScatterGatherKernel.cu:145: operator(): block: [48,0,0], thread: [59,0,0] Assertion `idx_dim >= 0 && idx_dim < index_size && "index out of bounds"` failed.
/opt/conda/conda-bld/pytorch_1659484772832/work/aten/src/ATen/native/cuda/ScatterGatherKernel.cu:145: operator(): block: [48,0,0], thread: [60,0,0] Assertion `idx_dim >= 0 && idx_dim < index_size && "index out of bounds"` failed.
/opt/conda/conda-bld/pytorch_1659484772832/work/aten/src/ATen/native/cuda/ScatterGatherKernel.cu:145: operator(): block: [48,0,0], thread: [61,0,0] Assertion `idx_dim >= 0 && idx_dim < index_size && "index out of bounds"` failed.
/opt/conda/conda-bld/pytorch_1659484772832/work/aten/src/ATen/native/cuda/ScatterGatherKernel.cu:145: operator(): block: [48,0,0], thread: [62,0,0] Assertion `idx_dim >= 0 && idx_dim < index_size && "index out of bounds"` failed.
/opt/conda/conda-bld/pytorch_1659484772832/work/aten/src/ATen/native/cuda/ScatterGatherKernel.cu:145: operator(): block: [48,0,0], thread: [63,0,0] Assertion `idx_dim >= 0 && idx_dim < index_size && "index out of bounds"` failed.
/opt/conda/conda-bld/pytorch_1659484772832/work/aten/src/ATen/native/cuda/ScatterGatherKernel.cu:145: operator(): block: [48,0,0], thread: [80,0,0] Assertion `idx_dim >= 0 && idx_dim < index_size && "index out of bounds"` failed.
/opt/conda/conda-bld/pytorch_1659484772832/work/aten/src/ATen/native/cuda/ScatterGatherKernel.cu:145: operator(): block: [48,0,0], thread: [81,0,0] Assertion `idx_dim >= 0 && idx_dim < index_size && "index out of bounds"` failed.
/opt/conda/conda-bld/pytorch_1659484772832/work/aten/src/ATen/native/cuda/ScatterGatherKernel.cu:145: operator(): block: [48,0,0], thread: [82,0,0] Assertion `idx_dim >= 0 && idx_dim < index_size && "index out of bounds"` failed.
/opt/conda/conda-bld/pytorch_1659484772832/work/aten/src/ATen/native/cuda/ScatterGatherKernel.cu:145: operator(): block: [48,0,0], thread: [83,0,0] Assertion `idx_dim >= 0 && idx_dim < index_size && "index out of bounds"` failed.
/opt/conda/conda-bld/pytorch_1659484772832/work/aten/src/ATen/native/cuda/ScatterGatherKernel.cu:145: operator(): block: [48,0,0], thread: [84,0,0] Assertion `idx_dim >= 0 && idx_dim < index_size && "index out of bounds"` failed.
/opt/conda/conda-bld/pytorch_1659484772832/work/aten/src/ATen/native/cuda/ScatterGatherKernel.cu:145: operator(): block: [48,0,0], thread: [85,0,0] Assertion `idx_dim >= 0 && idx_dim < index_size && "index out of bounds"` failed.
/opt/conda/conda-bld/pytorch_1659484772832/work/aten/src/ATen/native/cuda/ScatterGatherKernel.cu:145: operator(): block: [48,0,0], thread: [86,0,0] Assertion `idx_dim >= 0 && idx_dim < index_size && "index out of bounds"` failed.
/opt/conda/conda-bld/pytorch_1659484772832/work/aten/src/ATen/native/cuda/ScatterGatherKernel.cu:145: operator(): block: [48,0,0], thread: [87,0,0] Assertion `idx_dim >= 0 && idx_dim < index_size && "index out of bounds"` failed.
/opt/conda/conda-bld/pytorch_1659484772832/work/aten/src/ATen/native/cuda/ScatterGatherKernel.cu:145: operator(): block: [48,0,0], thread: [88,0,0] Assertion `idx_dim >= 0 && idx_dim < index_size && "index out of bounds"` failed.
/opt/conda/conda-bld/pytorch_1659484772832/work/aten/src/ATen/native/cuda/ScatterGatherKernel.cu:145: operator(): block: [48,0,0], thread: [89,0,0] Assertion `idx_dim >= 0 && idx_dim < index_size && "index out of bounds"` failed.
/opt/conda/conda-bld/pytorch_1659484772832/work/aten/src/ATen/native/cuda/ScatterGatherKernel.cu:145: operator(): block: [48,0,0], thread: [90,0,0] Assertion `idx_dim >= 0 && idx_dim < index_size && "index out of bounds"` failed.
/opt/conda/conda-bld/pytorch_1659484772832/work/aten/src/ATen/native/cuda/ScatterGatherKernel.cu:145: operator(): block: [48,0,0], thread: [91,0,0] Assertion `idx_dim >= 0 && idx_dim < index_size && "index out of bounds"` failed.
/opt/conda/conda-bld/pytorch_1659484772832/work/aten/src/ATen/native/cuda/ScatterGatherKernel.cu:145: operator(): block: [48,0,0], thread: [92,0,0] Assertion `idx_dim >= 0 && idx_dim < index_size && "index out of bounds"` failed.
/opt/conda/conda-bld/pytorch_1659484772832/work/aten/src/ATen/native/cuda/ScatterGatherKernel.cu:145: operator(): block: [48,0,0], thread: [93,0,0] Assertion `idx_dim >= 0 && idx_dim < index_size && "index out of bounds"` failed.
/opt/conda/conda-bld/pytorch_1659484772832/work/aten/src/ATen/native/cuda/ScatterGatherKernel.cu:145: operator(): block: [48,0,0], thread: [94,0,0] Assertion `idx_dim >= 0 && idx_dim < index_size && "index out of bounds"` failed.
/opt/conda/conda-bld/pytorch_1659484772832/work/aten/src/ATen/native/cuda/ScatterGatherKernel.cu:145: operator(): block: [48,0,0], thread: [95,0,0] Assertion `idx_dim >= 0 && idx_dim < index_size && "index out of bounds"` failed.
/opt/conda/conda-bld/pytorch_1659484772832/work/aten/src/ATen/native/cuda/ScatterGatherKernel.cu:145: operator(): block: [66,0,0], thread: [16,0,0] Assertion `idx_dim >= 0 && idx_dim < index_size && "index out of bounds"` failed.
/opt/conda/conda-bld/pytorch_1659484772832/work/aten/src/ATen/native/cuda/ScatterGatherKernel.cu:145: operator(): block: [66,0,0], thread: [17,0,0] Assertion `idx_dim >= 0 && idx_dim < index_size && "index out of bounds"` failed.
/opt/conda/conda-bld/pytorch_1659484772832/work/aten/src/ATen/native/cuda/ScatterGatherKernel.cu:145: operator(): block: [66,0,0], thread: [18,0,0] Assertion `idx_dim >= 0 && idx_dim < index_size && "index out of bounds"` failed.
/opt/conda/conda-bld/pytorch_1659484772832/work/aten/src/ATen/native/cuda/ScatterGatherKernel.cu:145: operator(): block: [66,0,0], thread: [19,0,0] Assertion `idx_dim >= 0 && idx_dim < index_size && "index out of bounds"` failed.
/opt/conda/conda-bld/pytorch_1659484772832/work/aten/src/ATen/native/cuda/ScatterGatherKernel.cu:145: operator(): block: [66,0,0], thread: [20,0,0] Assertion `idx_dim >= 0 && idx_dim < index_size && "index out of bounds"` failed.
/opt/conda/conda-bld/pytorch_1659484772832/work/aten/src/ATen/native/cuda/ScatterGatherKernel.cu:145: operator(): block: [66,0,0], thread: [21,0,0] Assertion `idx_dim >= 0 && idx_dim < index_size && "index out of bounds"` failed.
/opt/conda/conda-bld/pytorch_1659484772832/work/aten/src/ATen/native/cuda/ScatterGatherKernel.cu:145: operator(): block: [66,0,0], thread: [22,0,0] Assertion `idx_dim >= 0 && idx_dim < index_size && "index out of bounds"` failed.
/opt/conda/conda-bld/pytorch_1659484772832/work/aten/src/ATen/native/cuda/ScatterGatherKernel.cu:145: operator(): block: [66,0,0], thread: [23,0,0] Assertion `idx_dim >= 0 && idx_dim < index_size && "index out of bounds"` failed.
/opt/conda/conda-bld/pytorch_1659484772832/work/aten/src/ATen/native/cuda/ScatterGatherKernel.cu:145: operator(): block: [66,0,0], thread: [24,0,0] Assertion `idx_dim >= 0 && idx_dim < index_size && "index out of bounds"` failed.
/opt/conda/conda-bld/pytorch_1659484772832/work/aten/src/ATen/native/cuda/ScatterGatherKernel.cu:145: operator(): block: [66,0,0], thread: [25,0,0] Assertion `idx_dim >= 0 && idx_dim < index_size && "index out of bounds"` failed.
/opt/conda/conda-bld/pytorch_1659484772832/work/aten/src/ATen/native/cuda/ScatterGatherKernel.cu:145: operator(): block: [66,0,0], thread: [26,0,0] Assertion `idx_dim >= 0 && idx_dim < index_size && "index out of bounds"` failed.
/opt/conda/conda-bld/pytorch_1659484772832/work/aten/src/ATen/native/cuda/ScatterGatherKernel.cu:145: operator(): block: [66,0,0], thread: [27,0,0] Assertion `idx_dim >= 0 && idx_dim < index_size && "index out of bounds"` failed.
/opt/conda/conda-bld/pytorch_1659484772832/work/aten/src/ATen/native/cuda/ScatterGatherKernel.cu:145: operator(): block: [66,0,0], thread: [28,0,0] Assertion `idx_dim >= 0 && idx_dim < index_size && "index out of bounds"` failed.
/opt/conda/conda-bld/pytorch_1659484772832/work/aten/src/ATen/native/cuda/ScatterGatherKernel.cu:145: operator(): block: [66,0,0], thread: [29,0,0] Assertion `idx_dim >= 0 && idx_dim < index_size && "index out of bounds"` failed.
/opt/conda/conda-bld/pytorch_1659484772832/work/aten/src/ATen/native/cuda/ScatterGatherKernel.cu:145: operator(): block: [66,0,0], thread: [30,0,0] Assertion `idx_dim >= 0 && idx_dim < index_size && "index out of bounds"` failed.
/opt/conda/conda-bld/pytorch_1659484772832/work/aten/src/ATen/native/cuda/ScatterGatherKernel.cu:145: operator(): block: [66,0,0], thread: [31,0,0] Assertion `idx_dim >= 0 && idx_dim < index_size && "index out of bounds"` failed.
/opt/conda/conda-bld/pytorch_1659484772832/work/aten/src/ATen/native/cuda/ScatterGatherKernel.cu:145: operator(): block: [48,0,0], thread: [112,0,0] Assertion `idx_dim >= 0 && idx_dim < index_size && "index out of bounds"` failed.
/opt/conda/conda-bld/pytorch_1659484772832/work/aten/src/ATen/native/cuda/ScatterGatherKernel.cu:145: operator(): block: [48,0,0], thread: [113,0,0] Assertion `idx_dim >= 0 && idx_dim < index_size && "index out of bounds"` failed.
/opt/conda/conda-bld/pytorch_1659484772832/work/aten/src/ATen/native/cuda/ScatterGatherKernel.cu:145: operator(): block: [48,0,0], thread: [114,0,0] Assertion `idx_dim >= 0 && idx_dim < index_size && "index out of bounds"` failed.
/opt/conda/conda-bld/pytorch_1659484772832/work/aten/src/ATen/native/cuda/ScatterGatherKernel.cu:145: operator(): block: [48,0,0], thread: [115,0,0] Assertion `idx_dim >= 0 && idx_dim < index_size && "index out of bounds"` failed.
/opt/conda/conda-bld/pytorch_1659484772832/work/aten/src/ATen/native/cuda/ScatterGatherKernel.cu:145: operator(): block: [48,0,0], thread: [116,0,0] Assertion `idx_dim >= 0 && idx_dim < index_size && "index out of bounds"` failed.
/opt/conda/conda-bld/pytorch_1659484772832/work/aten/src/ATen/native/cuda/ScatterGatherKernel.cu:145: operator(): block: [48,0,0], thread: [117,0,0] Assertion `idx_dim >= 0 && idx_dim < index_size && "index out of bounds"` failed.
/opt/conda/conda-bld/pytorch_1659484772832/work/aten/src/ATen/native/cuda/ScatterGatherKernel.cu:145: operator(): block: [48,0,0], thread: [118,0,0] Assertion `idx_dim >= 0 && idx_dim < index_size && "index out of bounds"` failed.
/opt/conda/conda-bld/pytorch_1659484772832/work/aten/src/ATen/native/cuda/ScatterGatherKernel.cu:145: operator(): block: [48,0,0], thread: [119,0,0] Assertion `idx_dim >= 0 && idx_dim < index_size && "index out of bounds"` failed.
/opt/conda/conda-bld/pytorch_1659484772832/work/aten/src/ATen/native/cuda/ScatterGatherKernel.cu:145: operator(): block: [48,0,0], thread: [120,0,0] Assertion `idx_dim >= 0 && idx_dim < index_size && "index out of bounds"` failed.
/opt/conda/conda-bld/pytorch_1659484772832/work/aten/src/ATen/native/cuda/ScatterGatherKernel.cu:145: operator(): block: [48,0,0], thread: [121,0,0] Assertion `idx_dim >= 0 && idx_dim < index_size && "index out of bounds"` failed.
/opt/conda/conda-bld/pytorch_1659484772832/work/aten/src/ATen/native/cuda/ScatterGatherKernel.cu:145: operator(): block: [48,0,0], thread: [122,0,0] Assertion `idx_dim >= 0 && idx_dim < index_size && "index out of bounds"` failed.
/opt/conda/conda-bld/pytorch_1659484772832/work/aten/src/ATen/native/cuda/ScatterGatherKernel.cu:145: operator(): block: [48,0,0], thread: [123,0,0] Assertion `idx_dim >= 0 && idx_dim < index_size && "index out of bounds"` failed.
/opt/conda/conda-bld/pytorch_1659484772832/work/aten/src/ATen/native/cuda/ScatterGatherKernel.cu:145: operator(): block: [48,0,0], thread: [124,0,0] Assertion `idx_dim >= 0 && idx_dim < index_size && "index out of bounds"` failed.
/opt/conda/conda-bld/pytorch_1659484772832/work/aten/src/ATen/native/cuda/ScatterGatherKernel.cu:145: operator(): block: [48,0,0], thread: [125,0,0] Assertion `idx_dim >= 0 && idx_dim < index_size && "index out of bounds"` failed.
/opt/conda/conda-bld/pytorch_1659484772832/work/aten/src/ATen/native/cuda/ScatterGatherKernel.cu:145: operator(): block: [48,0,0], thread: [126,0,0] Assertion `idx_dim >= 0 && idx_dim < index_size && "index out of bounds"` failed.
/opt/conda/conda-bld/pytorch_1659484772832/work/aten/src/ATen/native/cuda/ScatterGatherKernel.cu:145: operator(): block: [48,0,0], thread: [127,0,0] Assertion `idx_dim >= 0 && idx_dim < index_size && "index out of bounds"` failed.
/opt/conda/conda-bld/pytorch_1659484772832/work/aten/src/ATen/native/cuda/ScatterGatherKernel.cu:145: operator(): block: [30,0,0], thread: [48,0,0] Assertion `idx_dim >= 0 && idx_dim < index_size && "index out of bounds"` failed.
/opt/conda/conda-bld/pytorch_1659484772832/work/aten/src/ATen/native/cuda/ScatterGatherKernel.cu:145: operator(): block: [30,0,0], thread: [49,0,0] Assertion `idx_dim >= 0 && idx_dim < index_size && "index out of bounds"` failed.
/opt/conda/conda-bld/pytorch_1659484772832/work/aten/src/ATen/native/cuda/ScatterGatherKernel.cu:145: operator(): block: [30,0,0], thread: [50,0,0] Assertion `idx_dim >= 0 && idx_dim < index_size && "index out of bounds"` failed.
/opt/conda/conda-bld/pytorch_1659484772832/work/aten/src/ATen/native/cuda/ScatterGatherKernel.cu:145: operator(): block: [30,0,0], thread: [51,0,0] Assertion `idx_dim >= 0 && idx_dim < index_size && "index out of bounds"` failed.
/opt/conda/conda-bld/pytorch_1659484772832/work/aten/src/ATen/native/cuda/ScatterGatherKernel.cu:145: operator(): block: [30,0,0], thread: [52,0,0] Assertion `idx_dim >= 0 && idx_dim < index_size && "index out of bounds"` failed.
/opt/conda/conda-bld/pytorch_1659484772832/work/aten/src/ATen/native/cuda/ScatterGatherKernel.cu:145: operator(): block: [30,0,0], thread: [53,0,0] Assertion `idx_dim >= 0 && idx_dim < index_size && "index out of bounds"` failed.
/opt/conda/conda-bld/pytorch_1659484772832/work/aten/src/ATen/native/cuda/ScatterGatherKernel.cu:145: operator(): block: [30,0,0], thread: [54,0,0] Assertion `idx_dim >= 0 && idx_dim < index_size && "index out of bounds"` failed.
/opt/conda/conda-bld/pytorch_1659484772832/work/aten/src/ATen/native/cuda/ScatterGatherKernel.cu:145: operator(): block: [30,0,0], thread: [55,0,0] Assertion `idx_dim >= 0 && idx_dim < index_size && "index out of bounds"` failed.
/opt/conda/conda-bld/pytorch_1659484772832/work/aten/src/ATen/native/cuda/ScatterGatherKernel.cu:145: operator(): block: [30,0,0], thread: [56,0,0] Assertion `idx_dim >= 0 && idx_dim < index_size && "index out of bounds"` failed.
/opt/conda/conda-bld/pytorch_1659484772832/work/aten/src/ATen/native/cuda/ScatterGatherKernel.cu:145: operator(): block: [30,0,0], thread: [57,0,0] Assertion `idx_dim >= 0 && idx_dim < index_size && "index out of bounds"` failed.
/opt/conda/conda-bld/pytorch_1659484772832/work/aten/src/ATen/native/cuda/ScatterGatherKernel.cu:145: operator(): block: [30,0,0], thread: [58,0,0] Assertion `idx_dim >= 0 && idx_dim < index_size && "index out of bounds"` failed.
/opt/conda/conda-bld/pytorch_1659484772832/work/aten/src/ATen/native/cuda/ScatterGatherKernel.cu:145: operator(): block: [30,0,0], thread: [59,0,0] Assertion `idx_dim >= 0 && idx_dim < index_size && "index out of bounds"` failed.
/opt/conda/conda-bld/pytorch_1659484772832/work/aten/src/ATen/native/cuda/ScatterGatherKernel.cu:145: operator(): block: [30,0,0], thread: [60,0,0] Assertion `idx_dim >= 0 && idx_dim < index_size && "index out of bounds"` failed.
/opt/conda/conda-bld/pytorch_1659484772832/work/aten/src/ATen/native/cuda/ScatterGatherKernel.cu:145: operator(): block: [30,0,0], thread: [61,0,0] Assertion `idx_dim >= 0 && idx_dim < index_size && "index out of bounds"` failed.
/opt/conda/conda-bld/pytorch_1659484772832/work/aten/src/ATen/native/cuda/ScatterGatherKernel.cu:145: operator(): block: [30,0,0], thread: [62,0,0] Assertion `idx_dim >= 0 && idx_dim < index_size && "index out of bounds"` failed.
/opt/conda/conda-bld/pytorch_1659484772832/work/aten/src/ATen/native/cuda/ScatterGatherKernel.cu:145: operator(): block: [30,0,0], thread: [63,0,0] Assertion `idx_dim >= 0 && idx_dim < index_size && "index out of bounds"` failed.
/opt/conda/conda-bld/pytorch_1659484772832/work/aten/src/ATen/native/cuda/ScatterGatherKernel.cu:145: operator(): block: [30,0,0], thread: [16,0,0] Assertion `idx_dim >= 0 && idx_dim < index_size && "index out of bounds"` failed.
/opt/conda/conda-bld/pytorch_1659484772832/work/aten/src/ATen/native/cuda/ScatterGatherKernel.cu:145: operator(): block: [30,0,0], thread: [17,0,0] Assertion `idx_dim >= 0 && idx_dim < index_size && "index out of bounds"` failed.
/opt/conda/conda-bld/pytorch_1659484772832/work/aten/src/ATen/native/cuda/ScatterGatherKernel.cu:145: operator(): block: [30,0,0], thread: [18,0,0] Assertion `idx_dim >= 0 && idx_dim < index_size && "index out of bounds"` failed.
/opt/conda/conda-bld/pytorch_1659484772832/work/aten/src/ATen/native/cuda/ScatterGatherKernel.cu:145: operator(): block: [30,0,0], thread: [19,0,0] Assertion `idx_dim >= 0 && idx_dim < index_size && "index out of bounds"` failed.
/opt/conda/conda-bld/pytorch_1659484772832/work/aten/src/ATen/native/cuda/ScatterGatherKernel.cu:145: operator(): block: [30,0,0], thread: [20,0,0] Assertion `idx_dim >= 0 && idx_dim < index_size && "index out of bounds"` failed.
/opt/conda/conda-bld/pytorch_1659484772832/work/aten/src/ATen/native/cuda/ScatterGatherKernel.cu:145: operator(): block: [30,0,0], thread: [21,0,0] Assertion `idx_dim >= 0 && idx_dim < index_size && "index out of bounds"` failed.
/opt/conda/conda-bld/pytorch_1659484772832/work/aten/src/ATen/native/cuda/ScatterGatherKernel.cu:145: operator(): block: [30,0,0], thread: [22,0,0] Assertion `idx_dim >= 0 && idx_dim < index_size && "index out of bounds"` failed.
/opt/conda/conda-bld/pytorch_1659484772832/work/aten/src/ATen/native/cuda/ScatterGatherKernel.cu:145: operator(): block: [30,0,0], thread: [23,0,0] Assertion `idx_dim >= 0 && idx_dim < index_size && "index out of bounds"` failed.
/opt/conda/conda-bld/pytorch_1659484772832/work/aten/src/ATen/native/cuda/ScatterGatherKernel.cu:145: operator(): block: [30,0,0], thread: [24,0,0] Assertion `idx_dim >= 0 && idx_dim < index_size && "index out of bounds"` failed.
/opt/conda/conda-bld/pytorch_1659484772832/work/aten/src/ATen/native/cuda/ScatterGatherKernel.cu:145: operator(): block: [30,0,0], thread: [25,0,0] Assertion `idx_dim >= 0 && idx_dim < index_size && "index out of bounds"` failed.
/opt/conda/conda-bld/pytorch_1659484772832/work/aten/src/ATen/native/cuda/ScatterGatherKernel.cu:145: operator(): block: [30,0,0], thread: [26,0,0] Assertion `idx_dim >= 0 && idx_dim < index_size && "index out of bounds"` failed.
/opt/conda/conda-bld/pytorch_1659484772832/work/aten/src/ATen/native/cuda/ScatterGatherKernel.cu:145: operator(): block: [30,0,0], thread: [27,0,0] Assertion `idx_dim >= 0 && idx_dim < index_size && "index out of bounds"` failed.
/opt/conda/conda-bld/pytorch_1659484772832/work/aten/src/ATen/native/cuda/ScatterGatherKernel.cu:145: operator(): block: [30,0,0], thread: [28,0,0] Assertion `idx_dim >= 0 && idx_dim < index_size && "index out of bounds"` failed.
/opt/conda/conda-bld/pytorch_1659484772832/work/aten/src/ATen/native/cuda/ScatterGatherKernel.cu:145: operator(): block: [30,0,0], thread: [29,0,0] Assertion `idx_dim >= 0 && idx_dim < index_size && "index out of bounds"` failed.
/opt/conda/conda-bld/pytorch_1659484772832/work/aten/src/ATen/native/cuda/ScatterGatherKernel.cu:145: operator(): block: [30,0,0], thread: [30,0,0] Assertion `idx_dim >= 0 && idx_dim < index_size && "index out of bounds"` failed.
/opt/conda/conda-bld/pytorch_1659484772832/work/aten/src/ATen/native/cuda/ScatterGatherKernel.cu:145: operator(): block: [30,0,0], thread: [31,0,0] Assertion `idx_dim >= 0 && idx_dim < index_size && "index out of bounds"` failed.
/opt/conda/conda-bld/pytorch_1659484772832/work/aten/src/ATen/native/cuda/ScatterGatherKernel.cu:145: operator(): block: [102,0,0], thread: [48,0,0] Assertion `idx_dim >= 0 && idx_dim < index_size && "index out of bounds"` failed.
/opt/conda/conda-bld/pytorch_1659484772832/work/aten/src/ATen/native/cuda/ScatterGatherKernel.cu:145: operator(): block: [102,0,0], thread: [49,0,0] Assertion `idx_dim >= 0 && idx_dim < index_size && "index out of bounds"` failed.
/opt/conda/conda-bld/pytorch_1659484772832/work/aten/src/ATen/native/cuda/ScatterGatherKernel.cu:145: operator(): block: [102,0,0], thread: [50,0,0] Assertion `idx_dim >= 0 && idx_dim < index_size && "index out of bounds"` failed.
/opt/conda/conda-bld/pytorch_1659484772832/work/aten/src/ATen/native/cuda/ScatterGatherKernel.cu:145: operator(): block: [102,0,0], thread: [51,0,0] Assertion `idx_dim >= 0 && idx_dim < index_size && "index out of bounds"` failed.
/opt/conda/conda-bld/pytorch_1659484772832/work/aten/src/ATen/native/cuda/ScatterGatherKernel.cu:145: operator(): block: [102,0,0], thread: [52,0,0] Assertion `idx_dim >= 0 && idx_dim < index_size && "index out of bounds"` failed.
/opt/conda/conda-bld/pytorch_1659484772832/work/aten/src/ATen/native/cuda/ScatterGatherKernel.cu:145: operator(): block: [102,0,0], thread: [53,0,0] Assertion `idx_dim >= 0 && idx_dim < index_size && "index out of bounds"` failed.
/opt/conda/conda-bld/pytorch_1659484772832/work/aten/src/ATen/native/cuda/ScatterGatherKernel.cu:145: operator(): block: [102,0,0], thread: [54,0,0] Assertion `idx_dim >= 0 && idx_dim < index_size && "index out of bounds"` failed.
/opt/conda/conda-bld/pytorch_1659484772832/work/aten/src/ATen/native/cuda/ScatterGatherKernel.cu:145: operator(): block: [102,0,0], thread: [55,0,0] Assertion `idx_dim >= 0 && idx_dim < index_size && "index out of bounds"` failed.
/opt/conda/conda-bld/pytorch_1659484772832/work/aten/src/ATen/native/cuda/ScatterGatherKernel.cu:145: operator(): block: [102,0,0], thread: [56,0,0] Assertion `idx_dim >= 0 && idx_dim < index_size && "index out of bounds"` failed.
/opt/conda/conda-bld/pytorch_1659484772832/work/aten/src/ATen/native/cuda/ScatterGatherKernel.cu:145: operator(): block: [102,0,0], thread: [57,0,0] Assertion `idx_dim >= 0 && idx_dim < index_size && "index out of bounds"` failed.
/opt/conda/conda-bld/pytorch_1659484772832/work/aten/src/ATen/native/cuda/ScatterGatherKernel.cu:145: operator(): block: [102,0,0], thread: [58,0,0] Assertion `idx_dim >= 0 && idx_dim < index_size && "index out of bounds"` failed.
/opt/conda/conda-bld/pytorch_1659484772832/work/aten/src/ATen/native/cuda/ScatterGatherKernel.cu:145: operator(): block: [102,0,0], thread: [59,0,0] Assertion `idx_dim >= 0 && idx_dim < index_size && "index out of bounds"` failed.
/opt/conda/conda-bld/pytorch_1659484772832/work/aten/src/ATen/native/cuda/ScatterGatherKernel.cu:145: operator(): block: [102,0,0], thread: [60,0,0] Assertion `idx_dim >= 0 && idx_dim < index_size && "index out of bounds"` failed.
/opt/conda/conda-bld/pytorch_1659484772832/work/aten/src/ATen/native/cuda/ScatterGatherKernel.cu:145: operator(): block: [102,0,0], thread: [61,0,0] Assertion `idx_dim >= 0 && idx_dim < index_size && "index out of bounds"` failed.
/opt/conda/conda-bld/pytorch_1659484772832/work/aten/src/ATen/native/cuda/ScatterGatherKernel.cu:145: operator(): block: [102,0,0], thread: [62,0,0] Assertion `idx_dim >= 0 && idx_dim < index_size && "index out of bounds"` failed.
/opt/conda/conda-bld/pytorch_1659484772832/work/aten/src/ATen/native/cuda/ScatterGatherKernel.cu:145: operator(): block: [102,0,0], thread: [63,0,0] Assertion `idx_dim >= 0 && idx_dim < index_size && "index out of bounds"` failed.
/opt/conda/conda-bld/pytorch_1659484772832/work/aten/src/ATen/native/cuda/ScatterGatherKernel.cu:145: operator(): block: [102,0,0], thread: [16,0,0] Assertion `idx_dim >= 0 && idx_dim < index_size && "index out of bounds"` failed.
/opt/conda/conda-bld/pytorch_1659484772832/work/aten/src/ATen/native/cuda/ScatterGatherKernel.cu:145: operator(): block: [102,0,0], thread: [17,0,0] Assertion `idx_dim >= 0 && idx_dim < index_size && "index out of bounds"` failed.
/opt/conda/conda-bld/pytorch_1659484772832/work/aten/src/ATen/native/cuda/ScatterGatherKernel.cu:145: operator(): block: [102,0,0], thread: [18,0,0] Assertion `idx_dim >= 0 && idx_dim < index_size && "index out of bounds"` failed.
/opt/conda/conda-bld/pytorch_1659484772832/work/aten/src/ATen/native/cuda/ScatterGatherKernel.cu:145: operator(): block: [102,0,0], thread: [19,0,0] Assertion `idx_dim >= 0 && idx_dim < index_size && "index out of bounds"` failed.
/opt/conda/conda-bld/pytorch_1659484772832/work/aten/src/ATen/native/cuda/ScatterGatherKernel.cu:145: operator(): block: [102,0,0], thread: [20,0,0] Assertion `idx_dim >= 0 && idx_dim < index_size && "index out of bounds"` failed.
/opt/conda/conda-bld/pytorch_1659484772832/work/aten/src/ATen/native/cuda/ScatterGatherKernel.cu:145: operator(): block: [102,0,0], thread: [21,0,0] Assertion `idx_dim >= 0 && idx_dim < index_size && "index out of bounds"` failed.
/opt/conda/conda-bld/pytorch_1659484772832/work/aten/src/ATen/native/cuda/ScatterGatherKernel.cu:145: operator(): block: [102,0,0], thread: [22,0,0] Assertion `idx_dim >= 0 && idx_dim < index_size && "index out of bounds"` failed.
/opt/conda/conda-bld/pytorch_1659484772832/work/aten/src/ATen/native/cuda/ScatterGatherKernel.cu:145: operator(): block: [102,0,0], thread: [23,0,0] Assertion `idx_dim >= 0 && idx_dim < index_size && "index out of bounds"` failed.
/opt/conda/conda-bld/pytorch_1659484772832/work/aten/src/ATen/native/cuda/ScatterGatherKernel.cu:145: operator(): block: [102,0,0], thread: [24,0,0] Assertion `idx_dim >= 0 && idx_dim < index_size && "index out of bounds"` failed.
/opt/conda/conda-bld/pytorch_1659484772832/work/aten/src/ATen/native/cuda/ScatterGatherKernel.cu:145: operator(): block: [102,0,0], thread: [25,0,0] Assertion `idx_dim >= 0 && idx_dim < index_size && "index out of bounds"` failed.
/opt/conda/conda-bld/pytorch_1659484772832/work/aten/src/ATen/native/cuda/ScatterGatherKernel.cu:145: operator(): block: [102,0,0], thread: [26,0,0] Assertion `idx_dim >= 0 && idx_dim < index_size && "index out of bounds"` failed.
/opt/conda/conda-bld/pytorch_1659484772832/work/aten/src/ATen/native/cuda/ScatterGatherKernel.cu:145: operator(): block: [102,0,0], thread: [27,0,0] Assertion `idx_dim >= 0 && idx_dim < index_size && "index out of bounds"` failed.
/opt/conda/conda-bld/pytorch_1659484772832/work/aten/src/ATen/native/cuda/ScatterGatherKernel.cu:145: operator(): block: [102,0,0], thread: [28,0,0] Assertion `idx_dim >= 0 && idx_dim < index_size && "index out of bounds"` failed.
/opt/conda/conda-bld/pytorch_1659484772832/work/aten/src/ATen/native/cuda/ScatterGatherKernel.cu:145: operator(): block: [102,0,0], thread: [29,0,0] Assertion `idx_dim >= 0 && idx_dim < index_size && "index out of bounds"` failed.
/opt/conda/conda-bld/pytorch_1659484772832/work/aten/src/ATen/native/cuda/ScatterGatherKernel.cu:145: operator(): block: [102,0,0], thread: [30,0,0] Assertion `idx_dim >= 0 && idx_dim < index_size && "index out of bounds"` failed.
/opt/conda/conda-bld/pytorch_1659484772832/work/aten/src/ATen/native/cuda/ScatterGatherKernel.cu:145: operator(): block: [102,0,0], thread: [31,0,0] Assertion `idx_dim >= 0 && idx_dim < index_size && "index out of bounds"` failed.
/opt/conda/conda-bld/pytorch_1659484772832/work/aten/src/ATen/native/cuda/ScatterGatherKernel.cu:145: operator(): block: [102,0,0], thread: [112,0,0] Assertion `idx_dim >= 0 && idx_dim < index_size && "index out of bounds"` failed.
/opt/conda/conda-bld/pytorch_1659484772832/work/aten/src/ATen/native/cuda/ScatterGatherKernel.cu:145: operator(): block: [102,0,0], thread: [113,0,0] Assertion `idx_dim >= 0 && idx_dim < index_size && "index out of bounds"` failed.
/opt/conda/conda-bld/pytorch_1659484772832/work/aten/src/ATen/native/cuda/ScatterGatherKernel.cu:145: operator(): block: [102,0,0], thread: [114,0,0] Assertion `idx_dim >= 0 && idx_dim < index_size && "index out of bounds"` failed.
/opt/conda/conda-bld/pytorch_1659484772832/work/aten/src/ATen/native/cuda/ScatterGatherKernel.cu:145: operator(): block: [102,0,0], thread: [115,0,0] Assertion `idx_dim >= 0 && idx_dim < index_size && "index out of bounds"` failed.
/opt/conda/conda-bld/pytorch_1659484772832/work/aten/src/ATen/native/cuda/ScatterGatherKernel.cu:145: operator(): block: [102,0,0], thread: [116,0,0] Assertion `idx_dim >= 0 && idx_dim < index_size && "index out of bounds"` failed.
/opt/conda/conda-bld/pytorch_1659484772832/work/aten/src/ATen/native/cuda/ScatterGatherKernel.cu:145: operator(): block: [102,0,0], thread: [117,0,0] Assertion `idx_dim >= 0 && idx_dim < index_size && "index out of bounds"` failed.
/opt/conda/conda-bld/pytorch_1659484772832/work/aten/src/ATen/native/cuda/ScatterGatherKernel.cu:145: operator(): block: [102,0,0], thread: [118,0,0] Assertion `idx_dim >= 0 && idx_dim < index_size && "index out of bounds"` failed.
/opt/conda/conda-bld/pytorch_1659484772832/work/aten/src/ATen/native/cuda/ScatterGatherKernel.cu:145: operator(): block: [102,0,0], thread: [119,0,0] Assertion `idx_dim >= 0 && idx_dim < index_size && "index out of bounds"` failed.
/opt/conda/conda-bld/pytorch_1659484772832/work/aten/src/ATen/native/cuda/ScatterGatherKernel.cu:145: operator(): block: [102,0,0], thread: [120,0,0] Assertion `idx_dim >= 0 && idx_dim < index_size && "index out of bounds"` failed.
/opt/conda/conda-bld/pytorch_1659484772832/work/aten/src/ATen/native/cuda/ScatterGatherKernel.cu:145: operator(): block: [102,0,0], thread: [121,0,0] Assertion `idx_dim >= 0 && idx_dim < index_size && "index out of bounds"` failed.
/opt/conda/conda-bld/pytorch_1659484772832/work/aten/src/ATen/native/cuda/ScatterGatherKernel.cu:145: operator(): block: [102,0,0], thread: [122,0,0] Assertion `idx_dim >= 0 && idx_dim < index_size && "index out of bounds"` failed.
/opt/conda/conda-bld/pytorch_1659484772832/work/aten/src/ATen/native/cuda/ScatterGatherKernel.cu:145: operator(): block: [102,0,0], thread: [123,0,0] Assertion `idx_dim >= 0 && idx_dim < index_size && "index out of bounds"` failed.
/opt/conda/conda-bld/pytorch_1659484772832/work/aten/src/ATen/native/cuda/ScatterGatherKernel.cu:145: operator(): block: [102,0,0], thread: [124,0,0] Assertion `idx_dim >= 0 && idx_dim < index_size && "index out of bounds"` failed.
/opt/conda/conda-bld/pytorch_1659484772832/work/aten/src/ATen/native/cuda/ScatterGatherKernel.cu:145: operator(): block: [102,0,0], thread: [125,0,0] Assertion `idx_dim >= 0 && idx_dim < index_size && "index out of bounds"` failed.
/opt/conda/conda-bld/pytorch_1659484772832/work/aten/src/ATen/native/cuda/ScatterGatherKernel.cu:145: operator(): block: [102,0,0], thread: [126,0,0] Assertion `idx_dim >= 0 && idx_dim < index_size && "index out of bounds"` failed.
/opt/conda/conda-bld/pytorch_1659484772832/work/aten/src/ATen/native/cuda/ScatterGatherKernel.cu:145: operator(): block: [102,0,0], thread: [127,0,0] Assertion `idx_dim >= 0 && idx_dim < index_size && "index out of bounds"` failed.
/opt/conda/conda-bld/pytorch_1659484772832/work/aten/src/ATen/native/cuda/ScatterGatherKernel.cu:145: operator(): block: [102,0,0], thread: [80,0,0] Assertion `idx_dim >= 0 && idx_dim < index_size && "index out of bounds"` failed.
/opt/conda/conda-bld/pytorch_1659484772832/work/aten/src/ATen/native/cuda/ScatterGatherKernel.cu:145: operator(): block: [102,0,0], thread: [81,0,0] Assertion `idx_dim >= 0 && idx_dim < index_size && "index out of bounds"` failed.
/opt/conda/conda-bld/pytorch_1659484772832/work/aten/src/ATen/native/cuda/ScatterGatherKernel.cu:145: operator(): block: [102,0,0], thread: [82,0,0] Assertion `idx_dim >= 0 && idx_dim < index_size && "index out of bounds"` failed.
/opt/conda/conda-bld/pytorch_1659484772832/work/aten/src/ATen/native/cuda/ScatterGatherKernel.cu:145: operator(): block: [102,0,0], thread: [83,0,0] Assertion `idx_dim >= 0 && idx_dim < index_size && "index out of bounds"` failed.
/opt/conda/conda-bld/pytorch_1659484772832/work/aten/src/ATen/native/cuda/ScatterGatherKernel.cu:145: operator(): block: [102,0,0], thread: [84,0,0] Assertion `idx_dim >= 0 && idx_dim < index_size && "index out of bounds"` failed.
/opt/conda/conda-bld/pytorch_1659484772832/work/aten/src/ATen/native/cuda/ScatterGatherKernel.cu:145: operator(): block: [102,0,0], thread: [85,0,0] Assertion `idx_dim >= 0 && idx_dim < index_size && "index out of bounds"` failed.
/opt/conda/conda-bld/pytorch_1659484772832/work/aten/src/ATen/native/cuda/ScatterGatherKernel.cu:145: operator(): block: [102,0,0], thread: [86,0,0] Assertion `idx_dim >= 0 && idx_dim < index_size && "index out of bounds"` failed.
/opt/conda/conda-bld/pytorch_1659484772832/work/aten/src/ATen/native/cuda/ScatterGatherKernel.cu:145: operator(): block: [102,0,0], thread: [87,0,0] Assertion `idx_dim >= 0 && idx_dim < index_size && "index out of bounds"` failed.
/opt/conda/conda-bld/pytorch_1659484772832/work/aten/src/ATen/native/cuda/ScatterGatherKernel.cu:145: operator(): block: [102,0,0], thread: [88,0,0] Assertion `idx_dim >= 0 && idx_dim < index_size && "index out of bounds"` failed.
/opt/conda/conda-bld/pytorch_1659484772832/work/aten/src/ATen/native/cuda/ScatterGatherKernel.cu:145: operator(): block: [102,0,0], thread: [89,0,0] Assertion `idx_dim >= 0 && idx_dim < index_size && "index out of bounds"` failed.
/opt/conda/conda-bld/pytorch_1659484772832/work/aten/src/ATen/native/cuda/ScatterGatherKernel.cu:145: operator(): block: [102,0,0], thread: [90,0,0] Assertion `idx_dim >= 0 && idx_dim < index_size && "index out of bounds"` failed.
/opt/conda/conda-bld/pytorch_1659484772832/work/aten/src/ATen/native/cuda/ScatterGatherKernel.cu:145: operator(): block: [102,0,0], thread: [91,0,0] Assertion `idx_dim >= 0 && idx_dim < index_size && "index out of bounds"` failed.
/opt/conda/conda-bld/pytorch_1659484772832/work/aten/src/ATen/native/cuda/ScatterGatherKernel.cu:145: operator(): block: [102,0,0], thread: [92,0,0] Assertion `idx_dim >= 0 && idx_dim < index_size && "index out of bounds"` failed.
/opt/conda/conda-bld/pytorch_1659484772832/work/aten/src/ATen/native/cuda/ScatterGatherKernel.cu:145: operator(): block: [102,0,0], thread: [93,0,0] Assertion `idx_dim >= 0 && idx_dim < index_size && "index out of bounds"` failed.
/opt/conda/conda-bld/pytorch_1659484772832/work/aten/src/ATen/native/cuda/ScatterGatherKernel.cu:145: operator(): block: [102,0,0], thread: [94,0,0] Assertion `idx_dim >= 0 && idx_dim < index_size && "index out of bounds"` failed.
/opt/conda/conda-bld/pytorch_1659484772832/work/aten/src/ATen/native/cuda/ScatterGatherKernel.cu:145: operator(): block: [102,0,0], thread: [95,0,0] Assertion `idx_dim >= 0 && idx_dim < index_size && "index out of bounds"` failed.
/opt/conda/conda-bld/pytorch_1659484772832/work/aten/src/ATen/native/cuda/ScatterGatherKernel.cu:145: operator(): block: [30,0,0], thread: [80,0,0] Assertion `idx_dim >= 0 && idx_dim < index_size && "index out of bounds"` failed.
/opt/conda/conda-bld/pytorch_1659484772832/work/aten/src/ATen/native/cuda/ScatterGatherKernel.cu:145: operator(): block: [30,0,0], thread: [81,0,0] Assertion `idx_dim >= 0 && idx_dim < index_size && "index out of bounds"` failed.
/opt/conda/conda-bld/pytorch_1659484772832/work/aten/src/ATen/native/cuda/ScatterGatherKernel.cu:145: operator(): block: [30,0,0], thread: [82,0,0] Assertion `idx_dim >= 0 && idx_dim < index_size && "index out of bounds"` failed.
/opt/conda/conda-bld/pytorch_1659484772832/work/aten/src/ATen/native/cuda/ScatterGatherKernel.cu:145: operator(): block: [30,0,0], thread: [83,0,0] Assertion `idx_dim >= 0 && idx_dim < index_size && "index out of bounds"` failed.
/opt/conda/conda-bld/pytorch_1659484772832/work/aten/src/ATen/native/cuda/ScatterGatherKernel.cu:145: operator(): block: [30,0,0], thread: [84,0,0] Assertion `idx_dim >= 0 && idx_dim < index_size && "index out of bounds"` failed.
/opt/conda/conda-bld/pytorch_1659484772832/work/aten/src/ATen/native/cuda/ScatterGatherKernel.cu:145: operator(): block: [30,0,0], thread: [85,0,0] Assertion `idx_dim >= 0 && idx_dim < index_size && "index out of bounds"` failed.
/opt/conda/conda-bld/pytorch_1659484772832/work/aten/src/ATen/native/cuda/ScatterGatherKernel.cu:145: operator(): block: [30,0,0], thread: [86,0,0] Assertion `idx_dim >= 0 && idx_dim < index_size && "index out of bounds"` failed.
/opt/conda/conda-bld/pytorch_1659484772832/work/aten/src/ATen/native/cuda/ScatterGatherKernel.cu:145: operator(): block: [30,0,0], thread: [87,0,0] Assertion `idx_dim >= 0 && idx_dim < index_size && "index out of bounds"` failed.
/opt/conda/conda-bld/pytorch_1659484772832/work/aten/src/ATen/native/cuda/ScatterGatherKernel.cu:145: operator(): block: [30,0,0], thread: [88,0,0] Assertion `idx_dim >= 0 && idx_dim < index_size && "index out of bounds"` failed.
/opt/conda/conda-bld/pytorch_1659484772832/work/aten/src/ATen/native/cuda/ScatterGatherKernel.cu:145: operator(): block: [30,0,0], thread: [89,0,0] Assertion `idx_dim >= 0 && idx_dim < index_size && "index out of bounds"` failed.
/opt/conda/conda-bld/pytorch_1659484772832/work/aten/src/ATen/native/cuda/ScatterGatherKernel.cu:145: operator(): block: [30,0,0], thread: [90,0,0] Assertion `idx_dim >= 0 && idx_dim < index_size && "index out of bounds"` failed.
/opt/conda/conda-bld/pytorch_1659484772832/work/aten/src/ATen/native/cuda/ScatterGatherKernel.cu:145: operator(): block: [30,0,0], thread: [91,0,0] Assertion `idx_dim >= 0 && idx_dim < index_size && "index out of bounds"` failed.
/opt/conda/conda-bld/pytorch_1659484772832/work/aten/src/ATen/native/cuda/ScatterGatherKernel.cu:145: operator(): block: [30,0,0], thread: [92,0,0] Assertion `idx_dim >= 0 && idx_dim < index_size && "index out of bounds"` failed.
/opt/conda/conda-bld/pytorch_1659484772832/work/aten/src/ATen/native/cuda/ScatterGatherKernel.cu:145: operator(): block: [30,0,0], thread: [93,0,0] Assertion `idx_dim >= 0 && idx_dim < index_size && "index out of bounds"` failed.
/opt/conda/conda-bld/pytorch_1659484772832/work/aten/src/ATen/native/cuda/ScatterGatherKernel.cu:145: operator(): block: [30,0,0], thread: [94,0,0] Assertion `idx_dim >= 0 && idx_dim < index_size && "index out of bounds"` failed.
/opt/conda/conda-bld/pytorch_1659484772832/work/aten/src/ATen/native/cuda/ScatterGatherKernel.cu:145: operator(): block: [30,0,0], thread: [95,0,0] Assertion `idx_dim >= 0 && idx_dim < index_size && "index out of bounds"` failed.
/opt/conda/conda-bld/pytorch_1659484772832/work/aten/src/ATen/native/cuda/ScatterGatherKernel.cu:145: operator(): block: [30,0,0], thread: [112,0,0] Assertion `idx_dim >= 0 && idx_dim < index_size && "index out of bounds"` failed.
/opt/conda/conda-bld/pytorch_1659484772832/work/aten/src/ATen/native/cuda/ScatterGatherKernel.cu:145: operator(): block: [30,0,0], thread: [113,0,0] Assertion `idx_dim >= 0 && idx_dim < index_size && "index out of bounds"` failed.
/opt/conda/conda-bld/pytorch_1659484772832/work/aten/src/ATen/native/cuda/ScatterGatherKernel.cu:145: operator(): block: [30,0,0], thread: [114,0,0] Assertion `idx_dim >= 0 && idx_dim < index_size && "index out of bounds"` failed.
/opt/conda/conda-bld/pytorch_1659484772832/work/aten/src/ATen/native/cuda/ScatterGatherKernel.cu:145: operator(): block: [30,0,0], thread: [115,0,0] Assertion `idx_dim >= 0 && idx_dim < index_size && "index out of bounds"` failed.
/opt/conda/conda-bld/pytorch_1659484772832/work/aten/src/ATen/native/cuda/ScatterGatherKernel.cu:145: operator(): block: [30,0,0], thread: [116,0,0] Assertion `idx_dim >= 0 && idx_dim < index_size && "index out of bounds"` failed.
/opt/conda/conda-bld/pytorch_1659484772832/work/aten/src/ATen/native/cuda/ScatterGatherKernel.cu:145: operator(): block: [30,0,0], thread: [117,0,0] Assertion `idx_dim >= 0 && idx_dim < index_size && "index out of bounds"` failed.
/opt/conda/conda-bld/pytorch_1659484772832/work/aten/src/ATen/native/cuda/ScatterGatherKernel.cu:145: operator(): block: [30,0,0], thread: [118,0,0] Assertion `idx_dim >= 0 && idx_dim < index_size && "index out of bounds"` failed.
/opt/conda/conda-bld/pytorch_1659484772832/work/aten/src/ATen/native/cuda/ScatterGatherKernel.cu:145: operator(): block: [30,0,0], thread: [119,0,0] Assertion `idx_dim >= 0 && idx_dim < index_size && "index out of bounds"` failed.
/opt/conda/conda-bld/pytorch_1659484772832/work/aten/src/ATen/native/cuda/ScatterGatherKernel.cu:145: operator(): block: [30,0,0], thread: [120,0,0] Assertion `idx_dim >= 0 && idx_dim < index_size && "index out of bounds"` failed.
/opt/conda/conda-bld/pytorch_1659484772832/work/aten/src/ATen/native/cuda/ScatterGatherKernel.cu:145: operator(): block: [30,0,0], thread: [121,0,0] Assertion `idx_dim >= 0 && idx_dim < index_size && "index out of bounds"` failed.
/opt/conda/conda-bld/pytorch_1659484772832/work/aten/src/ATen/native/cuda/ScatterGatherKernel.cu:145: operator(): block: [30,0,0], thread: [122,0,0] Assertion `idx_dim >= 0 && idx_dim < index_size && "index out of bounds"` failed.
/opt/conda/conda-bld/pytorch_1659484772832/work/aten/src/ATen/native/cuda/ScatterGatherKernel.cu:145: operator(): block: [30,0,0], thread: [123,0,0] Assertion `idx_dim >= 0 && idx_dim < index_size && "index out of bounds"` failed.
/opt/conda/conda-bld/pytorch_1659484772832/work/aten/src/ATen/native/cuda/ScatterGatherKernel.cu:145: operator(): block: [30,0,0], thread: [124,0,0] Assertion `idx_dim >= 0 && idx_dim < index_size && "index out of bounds"` failed.
/opt/conda/conda-bld/pytorch_1659484772832/work/aten/src/ATen/native/cuda/ScatterGatherKernel.cu:145: operator(): block: [30,0,0], thread: [125,0,0] Assertion `idx_dim >= 0 && idx_dim < index_size && "index out of bounds"` failed.
/opt/conda/conda-bld/pytorch_1659484772832/work/aten/src/ATen/native/cuda/ScatterGatherKernel.cu:145: operator(): block: [30,0,0], thread: [126,0,0] Assertion `idx_dim >= 0 && idx_dim < index_size && "index out of bounds"` failed.
/opt/conda/conda-bld/pytorch_1659484772832/work/aten/src/ATen/native/cuda/ScatterGatherKernel.cu:145: operator(): block: [30,0,0], thread: [127,0,0] Assertion `idx_dim >= 0 && idx_dim < index_size && "index out of bounds"` failed.
Traceback (most recent call last):
  File "/work/nashokkumar_umass_edu/nipschal/Neurips-Challenge-22/predict_graph_embed_small.py", line 604, in <module>
    main()
  File "/work/nashokkumar_umass_edu/nipschal/Neurips-Challenge-22/predict_graph_embed_small.py", line 589, in main
    model, epoch_train_loss, epoch_val_loss = train(epochs, dkt_model, train_dataloader, val_dataloader, optimizer, scheduler) # add val_dataloader later
  File "/work/nashokkumar_umass_edu/nipschal/Neurips-Challenge-22/predict_graph_embed_small.py", line 433, in train
    loss = model(b_input_ids, b_labels, epoch_i+1)
  File "/work/nashokkumar_umass_edu/.conda/envs/nistorch/lib/python3.10/site-packages/torch/nn/modules/module.py", line 1130, in _call_impl
    return forward_call(*input, **kwargs)
  File "/work/nashokkumar_umass_edu/.conda/envs/nistorch/lib/python3.10/site-packages/torch/nn/parallel/data_parallel.py", line 168, in forward
    outputs = self.parallel_apply(replicas, inputs, kwargs)
  File "/work/nashokkumar_umass_edu/.conda/envs/nistorch/lib/python3.10/site-packages/torch/nn/parallel/data_parallel.py", line 178, in parallel_apply
    return parallel_apply(replicas, inputs, kwargs, self.device_ids[:len(replicas)])
  File "/work/nashokkumar_umass_edu/.conda/envs/nistorch/lib/python3.10/site-packages/torch/nn/parallel/parallel_apply.py", line 86, in parallel_apply
    output.reraise()
  File "/work/nashokkumar_umass_edu/.conda/envs/nistorch/lib/python3.10/site-packages/torch/_utils.py", line 461, in reraise
    raise exception
RuntimeError: Caught RuntimeError in replica 0 on device 0.
Original Traceback (most recent call last):
  File "/work/nashokkumar_umass_edu/.conda/envs/nistorch/lib/python3.10/site-packages/torch/nn/parallel/parallel_apply.py", line 61, in _worker
    output = module(*input, **kwargs)
  File "/work/nashokkumar_umass_edu/.conda/envs/nistorch/lib/python3.10/site-packages/torch/nn/modules/module.py", line 1130, in _call_impl
    return forward_call(*input, **kwargs)
  File "/work/nashokkumar_umass_edu/nipschal/Neurips-Challenge-22/predict_graph_embed_small.py", line 303, in forward
    zero_index_row, zero_index_col = (labels==0).nonzero(as_tuple=True)
RuntimeError: CUDA error: device-side assert triggered
CUDA kernel errors might be asynchronously reported at some other API call,so the stacktrace below might be incorrect.
For debugging consider passing CUDA_LAUNCH_BLOCKING=1.

wandb: Waiting for W&B process to finish... (failed 1). Press Control-C to abort syncing.
wandb: - 0.001 MB of 0.001 MB uploaded (0.000 MB deduped)wandb: \ 0.001 MB of 0.001 MB uploaded (0.000 MB deduped)wandb: | 0.001 MB of 0.001 MB uploaded (0.000 MB deduped)wandb: / 0.001 MB of 0.024 MB uploaded (0.000 MB deduped)wandb: - 0.001 MB of 0.024 MB uploaded (0.000 MB deduped)wandb: \ 0.024 MB of 0.024 MB uploaded (0.000 MB deduped)wandb: | 0.024 MB of 0.024 MB uploaded (0.000 MB deduped)wandb: / 0.024 MB of 0.024 MB uploaded (0.000 MB deduped)wandb: - 0.024 MB of 0.024 MB uploaded (0.000 MB deduped)wandb: \ 0.024 MB of 0.024 MB uploaded (0.000 MB deduped)wandb: | 0.024 MB of 0.024 MB uploaded (0.000 MB deduped)wandb: / 0.024 MB of 0.024 MB uploaded (0.000 MB deduped)wandb:                                                                                
wandb: Synced nips_embed_300_proper: https://wandb.ai/ml4ed/predict-graph/runs/2vguc5o4
wandb: Synced 6 W&B file(s), 0 media file(s), 0 artifact file(s) and 0 other file(s)
wandb: Find logs at: ./wandb/run-20221009_151144-2vguc5o4/logs
