{"obj": {"type": "AssignString", "path": ["sys", "name"], "value": "Untitled"}, "version": 1}
{"obj": {"type": "AssignString", "path": ["sys", "description"], "value": ""}, "version": 2}
{"obj": {"type": "AssignString", "path": ["sys", "hostname"], "value": "gypsum-gpu185"}, "version": 3}
{"obj": {"type": "AssignBool", "path": ["sys", "failed"], "value": false}, "version": 4}
{"obj": {"type": "ClearStringLog", "path": ["monitoring", "stdout"]}, "version": 5}
{"obj": {"type": "ClearStringLog", "path": ["monitoring", "stderr"]}, "version": 6}
{"obj": {"type": "AssignString", "path": ["source_code", "entrypoint"], "value": "predict_graph.py"}, "version": 7}
{"obj": {"type": "UploadFileSet", "path": ["source_code", "files"], "file_globs": ["/home/wanyongfeng_umass_edu/my-work/Neurips-Challenge-22/predict_graph.py"], "reset": "False"}, "version": 8}
{"obj": {"type": "LogStrings", "path": ["monitoring", "stdout"], "values": [{"value": "Epoch ", "step": null, "ts": 1663351253.4664989}]}, "version": 9}
{"obj": {"type": "LogStrings", "path": ["monitoring", "stdout"], "values": [{"value": " ", "step": null, "ts": 1663351253.4720154}]}, "version": 10}
{"obj": {"type": "LogStrings", "path": ["monitoring", "stdout"], "values": [{"value": "0", "step": null, "ts": 1663351253.4743085}]}, "version": 11}
{"obj": {"type": "LogStrings", "path": ["monitoring", "stdout"], "values": [{"value": "\n", "step": null, "ts": 1663351253.476006}]}, "version": 12}
{"obj": {"type": "LogStrings", "path": ["monitoring", "stdout"], "values": [{"value": "Median Row Sum: 1.0, Col Sum: 1.0 Row Max: 0.01 Col Max: 0.01", "step": null, "ts": 1663351258.948286}]}, "version": 13}
{"obj": {"type": "LogStrings", "path": ["monitoring", "stdout"], "values": [{"value": "\n", "step": null, "ts": 1663351258.951959}]}, "version": 14}
{"obj": {"type": "LogStrings", "path": ["monitoring", "stdout"], "values": [{"value": "Ideal Permutation Matrix\n", "step": null, "ts": 1663351258.9543407}]}, "version": 15}
{"obj": {"type": "LogStrings", "path": ["monitoring", "stdout"], "values": [{"value": " ", "step": null, "ts": 1663351258.9572139}]}, "version": 16}
{"obj": {"type": "LogStrings", "path": ["monitoring", "stdout"], "values": [{"value": "tensor([[0., 0., 0.,  ..., 0., 0., 0.],\n        [0., 0., 0.,  ..., 0., 0., 0.],\n        [0., 0., 0.,  ..., 0., 0., 0.],\n        ...,\n        [0., 0., 0.,  ..., 0., 0., 0.],\n        [0., 0., 0.,  ..., 0., 0., 0.],\n        [0., 0., 0.,  ..., 0., 0., 0.]], device='cuda:0')", "step": null, "ts": 1663351259.0013607}]}, "version": 17}
{"obj": {"type": "LogStrings", "path": ["monitoring", "stdout"], "values": [{"value": "\n", "step": null, "ts": 1663351259.0035827}]}, "version": 18}
{"obj": {"type": "LogStrings", "path": ["monitoring", "stdout"], "values": [{"value": "Is it a permutation matrix?", "step": null, "ts": 1663351259.0073698}]}, "version": 19}
{"obj": {"type": "LogStrings", "path": ["monitoring", "stdout"], "values": [{"value": "\n", "step": null, "ts": 1663351259.0136375}]}, "version": 20}
{"obj": {"type": "LogStrings", "path": ["monitoring", "stdout"], "values": [{"value": "x.ndim: ", "step": null, "ts": 1663351259.0156498}]}, "version": 21}
{"obj": {"type": "LogStrings", "path": ["monitoring", "stdout"], "values": [{"value": " ", "step": null, "ts": 1663351259.0177565}]}, "version": 22}
{"obj": {"type": "LogStrings", "path": ["monitoring", "stdout"], "values": [{"value": "2", "step": null, "ts": 1663351259.0199754}]}, "version": 23}
{"obj": {"type": "LogStrings", "path": ["monitoring", "stdout"], "values": [{"value": "\n", "step": null, "ts": 1663351259.021849}]}, "version": 24}
{"obj": {"type": "LogStrings", "path": ["monitoring", "stdout"], "values": [{"value": "x.shape[0] == x.shape[1]: ", "step": null, "ts": 1663351259.026213}]}, "version": 25}
{"obj": {"type": "LogStrings", "path": ["monitoring", "stdout"], "values": [{"value": " ", "step": null, "ts": 1663351259.0285518}]}, "version": 26}
{"obj": {"type": "LogStrings", "path": ["monitoring", "stdout"], "values": [{"value": "True", "step": null, "ts": 1663351259.0411038}]}, "version": 27}
{"obj": {"type": "LogStrings", "path": ["monitoring", "stdout"], "values": [{"value": "\n", "step": null, "ts": 1663351259.0430655}]}, "version": 28}
{"obj": {"type": "LogStrings", "path": ["monitoring", "stdout"], "values": [{"value": "(x.sum(axis=0) == 1.).all(): ", "step": null, "ts": 1663351259.046052}]}, "version": 29}
{"obj": {"type": "LogStrings", "path": ["monitoring", "stdout"], "values": [{"value": " ", "step": null, "ts": 1663351259.0526512}]}, "version": 30}
{"obj": {"type": "LogStrings", "path": ["monitoring", "stdout"], "values": [{"value": "False", "step": null, "ts": 1663351259.0552416}]}, "version": 31}
{"obj": {"type": "LogStrings", "path": ["monitoring", "stdout"], "values": [{"value": "\n", "step": null, "ts": 1663351259.05735}]}, "version": 32}
{"obj": {"type": "LogStrings", "path": ["monitoring", "stdout"], "values": [{"value": "(x.sum(axis=1) == 1.).all(): ", "step": null, "ts": 1663351259.0601656}]}, "version": 33}
{"obj": {"type": "LogStrings", "path": ["monitoring", "stdout"], "values": [{"value": " ", "step": null, "ts": 1663351259.0622327}]}, "version": 34}
{"obj": {"type": "LogStrings", "path": ["monitoring", "stdout"], "values": [{"value": "True", "step": null, "ts": 1663351259.0643392}]}, "version": 35}
{"obj": {"type": "LogStrings", "path": ["monitoring", "stdout"], "values": [{"value": "\n", "step": null, "ts": 1663351259.0773125}]}, "version": 36}
{"obj": {"type": "LogStrings", "path": ["monitoring", "stdout"], "values": [{"value": "((x == 1.) | (x == 0.)).all()): ", "step": null, "ts": 1663351259.088678}]}, "version": 37}
{"obj": {"type": "LogStrings", "path": ["monitoring", "stdout"], "values": [{"value": " ", "step": null, "ts": 1663351259.091249}]}, "version": 38}
{"obj": {"type": "LogStrings", "path": ["monitoring", "stdout"], "values": [{"value": "True", "step": null, "ts": 1663351259.0934129}]}, "version": 39}
{"obj": {"type": "LogStrings", "path": ["monitoring", "stdout"], "values": [{"value": "\n", "step": null, "ts": 1663351259.0951087}]}, "version": 40}
{"obj": {"type": "LogStrings", "path": ["monitoring", "stdout"], "values": [{"value": "is_permuted?: ", "step": null, "ts": 1663351259.097754}]}, "version": 41}
{"obj": {"type": "LogStrings", "path": ["monitoring", "stdout"], "values": [{"value": " ", "step": null, "ts": 1663351259.1011581}]}, "version": 42}
{"obj": {"type": "LogStrings", "path": ["monitoring", "stdout"], "values": [{"value": "False", "step": null, "ts": 1663351259.1029153}]}, "version": 43}
{"obj": {"type": "LogStrings", "path": ["monitoring", "stdout"], "values": [{"value": "\n", "step": null, "ts": 1663351259.1075773}]}, "version": 44}
{"obj": {"type": "LogStrings", "path": ["monitoring", "stdout"], "values": [{"value": "Ideal Lower Triangular                    matrix\n", "step": null, "ts": 1663351259.1108859}]}, "version": 45}
{"obj": {"type": "LogStrings", "path": ["monitoring", "stdout"], "values": [{"value": " ", "step": null, "ts": 1663351259.1145349}]}, "version": 46}
{"obj": {"type": "LogStrings", "path": ["monitoring", "stdout"], "values": [{"value": "tensor([[1., 1., 0.,  ..., 1., 0., 1.],\n        [0., 1., 0.,  ..., 1., 0., 0.],\n        [1., 1., 1.,  ..., 1., 1., 1.],\n        ...,\n        [0., 0., 0.,  ..., 1., 0., 0.],\n        [1., 1., 0.,  ..., 1., 1., 1.],\n        [1., 1., 0.,  ..., 1., 0., 1.]], device='cuda:0')", "step": null, "ts": 1663351259.13653}]}, "version": 47}
{"obj": {"type": "LogStrings", "path": ["monitoring", "stdout"], "values": [{"value": "\n", "step": null, "ts": 1663351259.1385703}]}, "version": 48}
{"obj": {"type": "AssignFloat", "path": ["best_loss"], "value": 0.7320616245269775}, "version": 49}
{"obj": {"type": "AssignFloat", "path": ["best_accuracy"], "value": 0.5344898700714111}, "version": 50}
{"obj": {"type": "AssignInt", "path": ["best_epoch"], "value": 0}, "version": 51}
{"obj": {"type": "LogFloats", "path": ["loss"], "values": [{"value": 0.7320616245269775, "step": null, "ts": 1663351260.604205}]}, "version": 52}
{"obj": {"type": "LogFloats", "path": ["accuracy"], "values": [{"value": 0.5344898700714111, "step": null, "ts": 1663351260.607111}]}, "version": 53}
{"obj": {"type": "LogStrings", "path": ["monitoring", "stdout"], "values": [{"value": "Epoch ", "step": null, "ts": 1663351260.610441}]}, "version": 54}
{"obj": {"type": "LogStrings", "path": ["monitoring", "stdout"], "values": [{"value": " ", "step": null, "ts": 1663351260.612376}]}, "version": 55}
{"obj": {"type": "LogStrings", "path": ["monitoring", "stdout"], "values": [{"value": "1", "step": null, "ts": 1663351260.6153908}]}, "version": 56}
{"obj": {"type": "LogStrings", "path": ["monitoring", "stdout"], "values": [{"value": "\n", "step": null, "ts": 1663351260.6171303}]}, "version": 57}
{"obj": {"type": "LogStrings", "path": ["monitoring", "stdout"], "values": [{"value": "Median Row Sum: 1.0, Col Sum: 1.0 Row Max: 0.01 Col Max: 0.01", "step": null, "ts": 1663351260.9022708}]}, "version": 58}
{"obj": {"type": "LogStrings", "path": ["monitoring", "stdout"], "values": [{"value": "\n", "step": null, "ts": 1663351260.9045413}]}, "version": 59}
{"obj": {"type": "LogStrings", "path": ["monitoring", "stdout"], "values": [{"value": "Ideal Permutation Matrix\n", "step": null, "ts": 1663351260.9064717}]}, "version": 60}
{"obj": {"type": "LogStrings", "path": ["monitoring", "stdout"], "values": [{"value": " ", "step": null, "ts": 1663351260.9081352}]}, "version": 61}
{"obj": {"type": "LogStrings", "path": ["monitoring", "stdout"], "values": [{"value": "tensor([[0., 0., 0.,  ..., 0., 0., 0.],\n        [0., 0., 0.,  ..., 0., 0., 0.],\n        [0., 0., 0.,  ..., 0., 0., 0.],\n        ...,\n        [0., 0., 0.,  ..., 0., 0., 0.],\n        [0., 0., 0.,  ..., 0., 0., 0.],\n        [0., 0., 0.,  ..., 0., 0., 0.]], device='cuda:0')", "step": null, "ts": 1663351260.9124403}]}, "version": 62}
{"obj": {"type": "LogStrings", "path": ["monitoring", "stdout"], "values": [{"value": "\n", "step": null, "ts": 1663351260.914092}]}, "version": 63}
{"obj": {"type": "LogStrings", "path": ["monitoring", "stdout"], "values": [{"value": "Is it a permutation matrix?", "step": null, "ts": 1663351260.9168952}]}, "version": 64}
{"obj": {"type": "LogStrings", "path": ["monitoring", "stdout"], "values": [{"value": "\n", "step": null, "ts": 1663351260.919017}]}, "version": 65}
{"obj": {"type": "LogStrings", "path": ["monitoring", "stdout"], "values": [{"value": "x.ndim: ", "step": null, "ts": 1663351260.9215312}]}, "version": 66}
{"obj": {"type": "LogStrings", "path": ["monitoring", "stdout"], "values": [{"value": " ", "step": null, "ts": 1663351260.9232585}]}, "version": 67}
{"obj": {"type": "LogStrings", "path": ["monitoring", "stdout"], "values": [{"value": "2", "step": null, "ts": 1663351260.9254026}]}, "version": 68}
{"obj": {"type": "LogStrings", "path": ["monitoring", "stdout"], "values": [{"value": "\n", "step": null, "ts": 1663351260.9278169}]}, "version": 69}
{"obj": {"type": "LogStrings", "path": ["monitoring", "stdout"], "values": [{"value": "x.shape[0] == x.shape[1]: ", "step": null, "ts": 1663351260.9294071}]}, "version": 70}
{"obj": {"type": "LogStrings", "path": ["monitoring", "stdout"], "values": [{"value": " ", "step": null, "ts": 1663351260.9316826}]}, "version": 71}
{"obj": {"type": "LogStrings", "path": ["monitoring", "stdout"], "values": [{"value": "True", "step": null, "ts": 1663351260.93434}]}, "version": 72}
{"obj": {"type": "LogStrings", "path": ["monitoring", "stdout"], "values": [{"value": "\n", "step": null, "ts": 1663351260.9362025}]}, "version": 73}
{"obj": {"type": "LogStrings", "path": ["monitoring", "stdout"], "values": [{"value": "(x.sum(axis=0) == 1.).all(): ", "step": null, "ts": 1663351260.9390287}]}, "version": 74}
{"obj": {"type": "LogStrings", "path": ["monitoring", "stdout"], "values": [{"value": " ", "step": null, "ts": 1663351260.9408836}]}, "version": 75}
{"obj": {"type": "LogStrings", "path": ["monitoring", "stdout"], "values": [{"value": "False", "step": null, "ts": 1663351260.9428587}]}, "version": 76}
{"obj": {"type": "LogStrings", "path": ["monitoring", "stdout"], "values": [{"value": "\n", "step": null, "ts": 1663351260.944887}]}, "version": 77}
{"obj": {"type": "LogStrings", "path": ["monitoring", "stdout"], "values": [{"value": "(x.sum(axis=1) == 1.).all(): ", "step": null, "ts": 1663351260.9527843}]}, "version": 78}
{"obj": {"type": "LogStrings", "path": ["monitoring", "stdout"], "values": [{"value": " ", "step": null, "ts": 1663351260.955321}]}, "version": 79}
{"obj": {"type": "LogStrings", "path": ["monitoring", "stdout"], "values": [{"value": "True", "step": null, "ts": 1663351260.957693}]}, "version": 80}
{"obj": {"type": "LogStrings", "path": ["monitoring", "stdout"], "values": [{"value": "\n", "step": null, "ts": 1663351260.961376}]}, "version": 81}
{"obj": {"type": "LogStrings", "path": ["monitoring", "stdout"], "values": [{"value": "((x == 1.) | (x == 0.)).all()): ", "step": null, "ts": 1663351260.9664776}]}, "version": 82}
{"obj": {"type": "LogStrings", "path": ["monitoring", "stdout"], "values": [{"value": " ", "step": null, "ts": 1663351260.978682}]}, "version": 83}
{"obj": {"type": "LogStrings", "path": ["monitoring", "stdout"], "values": [{"value": "True", "step": null, "ts": 1663351260.9807703}]}, "version": 84}
{"obj": {"type": "LogStrings", "path": ["monitoring", "stdout"], "values": [{"value": "\n", "step": null, "ts": 1663351260.9837065}]}, "version": 85}
{"obj": {"type": "LogStrings", "path": ["monitoring", "stdout"], "values": [{"value": "is_permuted?: ", "step": null, "ts": 1663351260.9860811}]}, "version": 86}
{"obj": {"type": "LogStrings", "path": ["monitoring", "stdout"], "values": [{"value": " ", "step": null, "ts": 1663351260.9893599}]}, "version": 87}
{"obj": {"type": "LogStrings", "path": ["monitoring", "stdout"], "values": [{"value": "False", "step": null, "ts": 1663351260.9914887}]}, "version": 88}
{"obj": {"type": "LogStrings", "path": ["monitoring", "stdout"], "values": [{"value": "\n", "step": null, "ts": 1663351260.9934206}]}, "version": 89}
{"obj": {"type": "LogStrings", "path": ["monitoring", "stdout"], "values": [{"value": "Ideal Lower Triangular                    matrix\n", "step": null, "ts": 1663351260.9963894}]}, "version": 90}
{"obj": {"type": "LogStrings", "path": ["monitoring", "stdout"], "values": [{"value": " ", "step": null, "ts": 1663351260.9984992}]}, "version": 91}
{"obj": {"type": "LogStrings", "path": ["monitoring", "stdout"], "values": [{"value": "tensor([[1., 1., 0.,  ..., 1., 0., 1.],\n        [0., 1., 0.,  ..., 1., 0., 0.],\n        [1., 1., 1.,  ..., 1., 1., 1.],\n        ...,\n        [0., 0., 0.,  ..., 1., 0., 0.],\n        [1., 1., 0.,  ..., 1., 1., 1.],\n        [1., 1., 0.,  ..., 1., 0., 1.]], device='cuda:0')", "step": null, "ts": 1663351261.0066614}]}, "version": 92}
{"obj": {"type": "LogStrings", "path": ["monitoring", "stdout"], "values": [{"value": "\n", "step": null, "ts": 1663351261.0089662}]}, "version": 93}
{"obj": {"type": "AssignFloat", "path": ["best_loss"], "value": 0.7318001389503479}, "version": 94}
{"obj": {"type": "AssignFloat", "path": ["best_accuracy"], "value": 0.5344898700714111}, "version": 95}
{"obj": {"type": "AssignInt", "path": ["best_epoch"], "value": 1}, "version": 96}
{"obj": {"type": "LogFloats", "path": ["loss"], "values": [{"value": 0.7318001389503479, "step": null, "ts": 1663351262.0974545}]}, "version": 97}
{"obj": {"type": "LogFloats", "path": ["accuracy"], "values": [{"value": 0.5344898700714111, "step": null, "ts": 1663351262.1021307}]}, "version": 98}
{"obj": {"type": "LogStrings", "path": ["monitoring", "stdout"], "values": [{"value": "Epoch ", "step": null, "ts": 1663351262.105569}]}, "version": 99}
{"obj": {"type": "LogStrings", "path": ["monitoring", "stdout"], "values": [{"value": " ", "step": null, "ts": 1663351262.1087954}]}, "version": 100}
{"obj": {"type": "LogStrings", "path": ["monitoring", "stdout"], "values": [{"value": "2", "step": null, "ts": 1663351262.1107233}]}, "version": 101}
{"obj": {"type": "LogStrings", "path": ["monitoring", "stdout"], "values": [{"value": "\n", "step": null, "ts": 1663351262.1128204}]}, "version": 102}
{"obj": {"type": "LogStrings", "path": ["monitoring", "stdout"], "values": [{"value": "Median Row Sum: 1.0, Col Sum: 1.0 Row Max: 0.01 Col Max: 0.01", "step": null, "ts": 1663351262.3115819}]}, "version": 103}
{"obj": {"type": "LogStrings", "path": ["monitoring", "stdout"], "values": [{"value": "\n", "step": null, "ts": 1663351262.3135893}]}, "version": 104}
{"obj": {"type": "LogStrings", "path": ["monitoring", "stdout"], "values": [{"value": "Ideal Permutation Matrix\n", "step": null, "ts": 1663351262.3153358}]}, "version": 105}
{"obj": {"type": "LogStrings", "path": ["monitoring", "stdout"], "values": [{"value": " ", "step": null, "ts": 1663351262.3172963}]}, "version": 106}
{"obj": {"type": "LogStrings", "path": ["monitoring", "stdout"], "values": [{"value": "tensor([[0., 0., 0.,  ..., 0., 0., 0.],\n        [0., 0., 0.,  ..., 0., 0., 0.],\n        [0., 0., 0.,  ..., 0., 0., 0.],\n        ...,\n        [0., 0., 0.,  ..., 0., 0., 0.],\n        [0., 0., 0.,  ..., 0., 0., 0.],\n        [0., 0., 0.,  ..., 0., 0., 0.]], device='cuda:0')", "step": null, "ts": 1663351262.3201761}]}, "version": 107}
{"obj": {"type": "LogStrings", "path": ["monitoring", "stdout"], "values": [{"value": "\n", "step": null, "ts": 1663351262.3268342}]}, "version": 108}
{"obj": {"type": "LogStrings", "path": ["monitoring", "stdout"], "values": [{"value": "Is it a permutation matrix?", "step": null, "ts": 1663351262.3297925}]}, "version": 109}
{"obj": {"type": "LogStrings", "path": ["monitoring", "stdout"], "values": [{"value": "\n", "step": null, "ts": 1663351262.3334293}]}, "version": 110}
{"obj": {"type": "LogStrings", "path": ["monitoring", "stdout"], "values": [{"value": "x.ndim: ", "step": null, "ts": 1663351262.335533}]}, "version": 111}
{"obj": {"type": "LogStrings", "path": ["monitoring", "stdout"], "values": [{"value": " ", "step": null, "ts": 1663351262.3380506}]}, "version": 112}
{"obj": {"type": "LogStrings", "path": ["monitoring", "stdout"], "values": [{"value": "2", "step": null, "ts": 1663351262.342298}]}, "version": 113}
{"obj": {"type": "LogStrings", "path": ["monitoring", "stdout"], "values": [{"value": "\n", "step": null, "ts": 1663351262.3470757}]}, "version": 114}
{"obj": {"type": "LogStrings", "path": ["monitoring", "stdout"], "values": [{"value": "x.shape[0] == x.shape[1]: ", "step": null, "ts": 1663351262.3500872}]}, "version": 115}
{"obj": {"type": "LogStrings", "path": ["monitoring", "stdout"], "values": [{"value": " ", "step": null, "ts": 1663351262.3562245}]}, "version": 116}
{"obj": {"type": "LogStrings", "path": ["monitoring", "stdout"], "values": [{"value": "True", "step": null, "ts": 1663351262.3599787}]}, "version": 117}
{"obj": {"type": "LogStrings", "path": ["monitoring", "stdout"], "values": [{"value": "\n", "step": null, "ts": 1663351262.3620937}]}, "version": 118}
{"obj": {"type": "LogStrings", "path": ["monitoring", "stdout"], "values": [{"value": "(x.sum(axis=0) == 1.).all(): ", "step": null, "ts": 1663351262.3694694}]}, "version": 119}
{"obj": {"type": "LogStrings", "path": ["monitoring", "stdout"], "values": [{"value": " ", "step": null, "ts": 1663351262.3735695}]}, "version": 120}
{"obj": {"type": "LogStrings", "path": ["monitoring", "stdout"], "values": [{"value": "False", "step": null, "ts": 1663351262.3826861}]}, "version": 121}
{"obj": {"type": "LogStrings", "path": ["monitoring", "stdout"], "values": [{"value": "\n", "step": null, "ts": 1663351262.3846173}]}, "version": 122}
{"obj": {"type": "LogStrings", "path": ["monitoring", "stdout"], "values": [{"value": "(x.sum(axis=1) == 1.).all(): ", "step": null, "ts": 1663351262.390912}]}, "version": 123}
{"obj": {"type": "LogStrings", "path": ["monitoring", "stdout"], "values": [{"value": " ", "step": null, "ts": 1663351262.3932126}]}, "version": 124}
{"obj": {"type": "LogStrings", "path": ["monitoring", "stdout"], "values": [{"value": "True", "step": null, "ts": 1663351262.3960123}]}, "version": 125}
{"obj": {"type": "LogStrings", "path": ["monitoring", "stdout"], "values": [{"value": "\n", "step": null, "ts": 1663351262.403057}]}, "version": 126}
{"obj": {"type": "LogStrings", "path": ["monitoring", "stdout"], "values": [{"value": "((x == 1.) | (x == 0.)).all()): ", "step": null, "ts": 1663351262.4064481}]}, "version": 127}
{"obj": {"type": "LogStrings", "path": ["monitoring", "stdout"], "values": [{"value": " ", "step": null, "ts": 1663351262.4096801}]}, "version": 128}
{"obj": {"type": "LogStrings", "path": ["monitoring", "stdout"], "values": [{"value": "True", "step": null, "ts": 1663351262.4121215}]}, "version": 129}
{"obj": {"type": "LogStrings", "path": ["monitoring", "stdout"], "values": [{"value": "\n", "step": null, "ts": 1663351262.413955}]}, "version": 130}
{"obj": {"type": "LogStrings", "path": ["monitoring", "stdout"], "values": [{"value": "is_permuted?: ", "step": null, "ts": 1663351262.4167197}]}, "version": 131}
{"obj": {"type": "LogStrings", "path": ["monitoring", "stdout"], "values": [{"value": " ", "step": null, "ts": 1663351262.421349}]}, "version": 132}
{"obj": {"type": "LogStrings", "path": ["monitoring", "stdout"], "values": [{"value": "False", "step": null, "ts": 1663351262.426857}]}, "version": 133}
{"obj": {"type": "LogStrings", "path": ["monitoring", "stdout"], "values": [{"value": "\n", "step": null, "ts": 1663351262.4296367}]}, "version": 134}
{"obj": {"type": "LogStrings", "path": ["monitoring", "stdout"], "values": [{"value": "Ideal Lower Triangular                    matrix\n", "step": null, "ts": 1663351262.4319408}]}, "version": 135}
{"obj": {"type": "LogStrings", "path": ["monitoring", "stdout"], "values": [{"value": " ", "step": null, "ts": 1663351262.4354165}]}, "version": 136}
{"obj": {"type": "LogStrings", "path": ["monitoring", "stdout"], "values": [{"value": "tensor([[1., 1., 0.,  ..., 1., 0., 1.],\n        [0., 1., 0.,  ..., 1., 0., 0.],\n        [1., 1., 1.,  ..., 1., 1., 1.],\n        ...,\n        [0., 0., 0.,  ..., 1., 0., 0.],\n        [1., 1., 0.,  ..., 1., 1., 1.],\n        [1., 1., 0.,  ..., 1., 0., 1.]], device='cuda:0')", "step": null, "ts": 1663351262.4446144}]}, "version": 137}
{"obj": {"type": "LogStrings", "path": ["monitoring", "stdout"], "values": [{"value": "\n", "step": null, "ts": 1663351262.4465678}]}, "version": 138}
{"obj": {"type": "AssignFloat", "path": ["best_loss"], "value": 0.7315384745597839}, "version": 139}
{"obj": {"type": "AssignFloat", "path": ["best_accuracy"], "value": 0.5344898700714111}, "version": 140}
{"obj": {"type": "AssignInt", "path": ["best_epoch"], "value": 2}, "version": 141}
{"obj": {"type": "LogFloats", "path": ["loss"], "values": [{"value": 0.7315384745597839, "step": null, "ts": 1663351263.5337665}]}, "version": 142}
{"obj": {"type": "LogFloats", "path": ["accuracy"], "values": [{"value": 0.5344898700714111, "step": null, "ts": 1663351263.537336}]}, "version": 143}
{"obj": {"type": "LogStrings", "path": ["monitoring", "stdout"], "values": [{"value": "Epoch ", "step": null, "ts": 1663351263.5396786}]}, "version": 144}
{"obj": {"type": "LogStrings", "path": ["monitoring", "stdout"], "values": [{"value": " ", "step": null, "ts": 1663351263.5417652}]}, "version": 145}
{"obj": {"type": "LogStrings", "path": ["monitoring", "stdout"], "values": [{"value": "3", "step": null, "ts": 1663351263.545463}]}, "version": 146}
{"obj": {"type": "LogStrings", "path": ["monitoring", "stdout"], "values": [{"value": "\n", "step": null, "ts": 1663351263.5477767}]}, "version": 147}
{"obj": {"type": "LogStrings", "path": ["monitoring", "stdout"], "values": [{"value": "Median Row Sum: 1.0, Col Sum: 1.0 Row Max: 0.01 Col Max: 0.01", "step": null, "ts": 1663351263.743998}]}, "version": 148}
{"obj": {"type": "LogStrings", "path": ["monitoring", "stdout"], "values": [{"value": "\n", "step": null, "ts": 1663351263.7469275}]}, "version": 149}
{"obj": {"type": "LogStrings", "path": ["monitoring", "stdout"], "values": [{"value": "Ideal Permutation Matrix\n", "step": null, "ts": 1663351263.74911}]}, "version": 150}
{"obj": {"type": "LogStrings", "path": ["monitoring", "stdout"], "values": [{"value": " ", "step": null, "ts": 1663351263.751463}]}, "version": 151}
{"obj": {"type": "LogStrings", "path": ["monitoring", "stdout"], "values": [{"value": "tensor([[0., 0., 0.,  ..., 0., 0., 0.],\n        [0., 0., 0.,  ..., 0., 0., 0.],\n        [0., 0., 0.,  ..., 0., 0., 0.],\n        ...,\n        [0., 0., 0.,  ..., 0., 0., 0.],\n        [0., 0., 0.,  ..., 0., 0., 0.],\n        [0., 0., 0.,  ..., 0., 0., 0.]], device='cuda:0')", "step": null, "ts": 1663351263.7545779}]}, "version": 152}
{"obj": {"type": "LogStrings", "path": ["monitoring", "stdout"], "values": [{"value": "\n", "step": null, "ts": 1663351263.7563822}]}, "version": 153}
{"obj": {"type": "LogStrings", "path": ["monitoring", "stdout"], "values": [{"value": "Is it a permutation matrix?", "step": null, "ts": 1663351263.7586286}]}, "version": 154}
{"obj": {"type": "LogStrings", "path": ["monitoring", "stdout"], "values": [{"value": "\n", "step": null, "ts": 1663351263.7605646}]}, "version": 155}
{"obj": {"type": "LogStrings", "path": ["monitoring", "stdout"], "values": [{"value": "x.ndim: ", "step": null, "ts": 1663351263.7625277}]}, "version": 156}
{"obj": {"type": "LogStrings", "path": ["monitoring", "stdout"], "values": [{"value": " ", "step": null, "ts": 1663351263.7649882}]}, "version": 157}
{"obj": {"type": "LogStrings", "path": ["monitoring", "stdout"], "values": [{"value": "2", "step": null, "ts": 1663351263.7674015}]}, "version": 158}
{"obj": {"type": "LogStrings", "path": ["monitoring", "stdout"], "values": [{"value": "\n", "step": null, "ts": 1663351263.7706535}]}, "version": 159}
{"obj": {"type": "LogStrings", "path": ["monitoring", "stdout"], "values": [{"value": "x.shape[0] == x.shape[1]: ", "step": null, "ts": 1663351263.7739465}]}, "version": 160}
{"obj": {"type": "LogStrings", "path": ["monitoring", "stdout"], "values": [{"value": " ", "step": null, "ts": 1663351263.7763848}]}, "version": 161}
{"obj": {"type": "LogStrings", "path": ["monitoring", "stdout"], "values": [{"value": "True", "step": null, "ts": 1663351263.7786813}]}, "version": 162}
{"obj": {"type": "LogStrings", "path": ["monitoring", "stdout"], "values": [{"value": "\n", "step": null, "ts": 1663351263.7810173}]}, "version": 163}
{"obj": {"type": "LogStrings", "path": ["monitoring", "stdout"], "values": [{"value": "(x.sum(axis=0) == 1.).all(): ", "step": null, "ts": 1663351263.7836854}]}, "version": 164}
{"obj": {"type": "LogStrings", "path": ["monitoring", "stdout"], "values": [{"value": " ", "step": null, "ts": 1663351263.7859085}]}, "version": 165}
{"obj": {"type": "LogStrings", "path": ["monitoring", "stdout"], "values": [{"value": "False", "step": null, "ts": 1663351263.7880502}]}, "version": 166}
{"obj": {"type": "LogStrings", "path": ["monitoring", "stdout"], "values": [{"value": "\n", "step": null, "ts": 1663351263.7899814}]}, "version": 167}
{"obj": {"type": "LogStrings", "path": ["monitoring", "stdout"], "values": [{"value": "(x.sum(axis=1) == 1.).all(): ", "step": null, "ts": 1663351263.7929533}]}, "version": 168}
{"obj": {"type": "LogStrings", "path": ["monitoring", "stdout"], "values": [{"value": " ", "step": null, "ts": 1663351263.7961493}]}, "version": 169}
{"obj": {"type": "LogStrings", "path": ["monitoring", "stdout"], "values": [{"value": "True", "step": null, "ts": 1663351263.799812}]}, "version": 170}
{"obj": {"type": "LogStrings", "path": ["monitoring", "stdout"], "values": [{"value": "\n", "step": null, "ts": 1663351263.8020513}]}, "version": 171}
{"obj": {"type": "LogStrings", "path": ["monitoring", "stdout"], "values": [{"value": "((x == 1.) | (x == 0.)).all()): ", "step": null, "ts": 1663351263.8051233}]}, "version": 172}
{"obj": {"type": "LogStrings", "path": ["monitoring", "stdout"], "values": [{"value": " ", "step": null, "ts": 1663351263.8074145}]}, "version": 173}
{"obj": {"type": "LogStrings", "path": ["monitoring", "stdout"], "values": [{"value": "True", "step": null, "ts": 1663351263.8094392}]}, "version": 174}
{"obj": {"type": "LogStrings", "path": ["monitoring", "stdout"], "values": [{"value": "\n", "step": null, "ts": 1663351263.8116822}]}, "version": 175}
{"obj": {"type": "LogStrings", "path": ["monitoring", "stdout"], "values": [{"value": "is_permuted?: ", "step": null, "ts": 1663351263.8145237}]}, "version": 176}
{"obj": {"type": "LogStrings", "path": ["monitoring", "stdout"], "values": [{"value": " ", "step": null, "ts": 1663351263.8176215}]}, "version": 177}
{"obj": {"type": "LogStrings", "path": ["monitoring", "stdout"], "values": [{"value": "False", "step": null, "ts": 1663351263.8202422}]}, "version": 178}
{"obj": {"type": "LogStrings", "path": ["monitoring", "stdout"], "values": [{"value": "\n", "step": null, "ts": 1663351263.8226373}]}, "version": 179}
{"obj": {"type": "LogStrings", "path": ["monitoring", "stdout"], "values": [{"value": "Ideal Lower Triangular                    matrix\n", "step": null, "ts": 1663351263.8258107}]}, "version": 180}
{"obj": {"type": "LogStrings", "path": ["monitoring", "stdout"], "values": [{"value": " ", "step": null, "ts": 1663351263.8280966}]}, "version": 181}
{"obj": {"type": "LogStrings", "path": ["monitoring", "stdout"], "values": [{"value": "tensor([[1., 1., 0.,  ..., 1., 0., 1.],\n        [0., 1., 0.,  ..., 1., 0., 0.],\n        [1., 1., 1.,  ..., 1., 1., 1.],\n        ...,\n        [0., 0., 0.,  ..., 1., 0., 0.],\n        [1., 1., 0.,  ..., 1., 1., 1.],\n        [1., 1., 0.,  ..., 1., 0., 1.]], device='cuda:0')", "step": null, "ts": 1663351263.8357055}]}, "version": 182}
{"obj": {"type": "LogStrings", "path": ["monitoring", "stdout"], "values": [{"value": "\n", "step": null, "ts": 1663351263.8380525}]}, "version": 183}
{"obj": {"type": "AssignFloat", "path": ["best_loss"], "value": 0.7312757968902588}, "version": 184}
{"obj": {"type": "AssignFloat", "path": ["best_accuracy"], "value": 0.5344898700714111}, "version": 185}
{"obj": {"type": "AssignInt", "path": ["best_epoch"], "value": 3}, "version": 186}
{"obj": {"type": "LogFloats", "path": ["loss"], "values": [{"value": 0.7312757968902588, "step": null, "ts": 1663351264.9333568}]}, "version": 187}
{"obj": {"type": "LogFloats", "path": ["accuracy"], "values": [{"value": 0.5344898700714111, "step": null, "ts": 1663351264.9399242}]}, "version": 188}
{"obj": {"type": "LogStrings", "path": ["monitoring", "stdout"], "values": [{"value": "Epoch ", "step": null, "ts": 1663351264.9421544}]}, "version": 189}
{"obj": {"type": "LogStrings", "path": ["monitoring", "stdout"], "values": [{"value": " ", "step": null, "ts": 1663351264.9449282}]}, "version": 190}
{"obj": {"type": "LogStrings", "path": ["monitoring", "stdout"], "values": [{"value": "4", "step": null, "ts": 1663351264.9468212}]}, "version": 191}
{"obj": {"type": "LogStrings", "path": ["monitoring", "stdout"], "values": [{"value": "\n", "step": null, "ts": 1663351264.9486418}]}, "version": 192}
{"obj": {"type": "LogStrings", "path": ["monitoring", "stdout"], "values": [{"value": "Median Row Sum: 1.0, Col Sum: 1.0 Row Max: 0.01 Col Max: 0.01", "step": null, "ts": 1663351265.1460972}]}, "version": 193}
{"obj": {"type": "LogStrings", "path": ["monitoring", "stdout"], "values": [{"value": "\n", "step": null, "ts": 1663351265.1481535}]}, "version": 194}
{"obj": {"type": "LogStrings", "path": ["monitoring", "stdout"], "values": [{"value": "Ideal Permutation Matrix\n", "step": null, "ts": 1663351265.1503081}]}, "version": 195}
{"obj": {"type": "LogStrings", "path": ["monitoring", "stdout"], "values": [{"value": " ", "step": null, "ts": 1663351265.1521797}]}, "version": 196}
{"obj": {"type": "LogStrings", "path": ["monitoring", "stdout"], "values": [{"value": "tensor([[0., 0., 0.,  ..., 0., 0., 0.],\n        [0., 0., 0.,  ..., 0., 0., 0.],\n        [0., 0., 0.,  ..., 0., 0., 0.],\n        ...,\n        [0., 0., 0.,  ..., 0., 0., 0.],\n        [0., 0., 0.,  ..., 0., 0., 0.],\n        [0., 0., 0.,  ..., 0., 0., 0.]], device='cuda:0')", "step": null, "ts": 1663351265.1670818}]}, "version": 197}
{"obj": {"type": "LogStrings", "path": ["monitoring", "stdout"], "values": [{"value": "\n", "step": null, "ts": 1663351265.1688697}]}, "version": 198}
{"obj": {"type": "LogStrings", "path": ["monitoring", "stdout"], "values": [{"value": "Is it a permutation matrix?", "step": null, "ts": 1663351265.171361}]}, "version": 199}
{"obj": {"type": "LogStrings", "path": ["monitoring", "stdout"], "values": [{"value": "\n", "step": null, "ts": 1663351265.1734185}]}, "version": 200}
{"obj": {"type": "LogStrings", "path": ["monitoring", "stdout"], "values": [{"value": "x.ndim: ", "step": null, "ts": 1663351265.1759152}]}, "version": 201}
{"obj": {"type": "LogStrings", "path": ["monitoring", "stdout"], "values": [{"value": " ", "step": null, "ts": 1663351265.177625}]}, "version": 202}
{"obj": {"type": "LogStrings", "path": ["monitoring", "stdout"], "values": [{"value": "2", "step": null, "ts": 1663351265.1796641}]}, "version": 203}
{"obj": {"type": "LogStrings", "path": ["monitoring", "stdout"], "values": [{"value": "\n", "step": null, "ts": 1663351265.1819048}]}, "version": 204}
{"obj": {"type": "LogStrings", "path": ["monitoring", "stdout"], "values": [{"value": "x.shape[0] == x.shape[1]: ", "step": null, "ts": 1663351265.1840758}]}, "version": 205}
{"obj": {"type": "LogStrings", "path": ["monitoring", "stdout"], "values": [{"value": " ", "step": null, "ts": 1663351265.1858735}]}, "version": 206}
{"obj": {"type": "LogStrings", "path": ["monitoring", "stdout"], "values": [{"value": "True", "step": null, "ts": 1663351265.1877182}]}, "version": 207}
{"obj": {"type": "LogStrings", "path": ["monitoring", "stdout"], "values": [{"value": "\n", "step": null, "ts": 1663351265.1897101}]}, "version": 208}
{"obj": {"type": "LogStrings", "path": ["monitoring", "stdout"], "values": [{"value": "(x.sum(axis=0) == 1.).all(): ", "step": null, "ts": 1663351265.1934497}]}, "version": 209}
{"obj": {"type": "LogStrings", "path": ["monitoring", "stdout"], "values": [{"value": " ", "step": null, "ts": 1663351265.1972115}]}, "version": 210}
{"obj": {"type": "LogStrings", "path": ["monitoring", "stdout"], "values": [{"value": "False", "step": null, "ts": 1663351265.1991494}]}, "version": 211}
{"obj": {"type": "LogStrings", "path": ["monitoring", "stdout"], "values": [{"value": "\n", "step": null, "ts": 1663351265.2009802}]}, "version": 212}
{"obj": {"type": "LogStrings", "path": ["monitoring", "stdout"], "values": [{"value": "(x.sum(axis=1) == 1.).all(): ", "step": null, "ts": 1663351265.203891}]}, "version": 213}
{"obj": {"type": "LogStrings", "path": ["monitoring", "stdout"], "values": [{"value": " ", "step": null, "ts": 1663351265.205757}]}, "version": 214}
{"obj": {"type": "LogStrings", "path": ["monitoring", "stdout"], "values": [{"value": "True", "step": null, "ts": 1663351265.20848}]}, "version": 215}
{"obj": {"type": "LogStrings", "path": ["monitoring", "stdout"], "values": [{"value": "\n", "step": null, "ts": 1663351265.2106204}]}, "version": 216}
{"obj": {"type": "LogStrings", "path": ["monitoring", "stdout"], "values": [{"value": "((x == 1.) | (x == 0.)).all()): ", "step": null, "ts": 1663351265.2136538}]}, "version": 217}
{"obj": {"type": "LogStrings", "path": ["monitoring", "stdout"], "values": [{"value": " ", "step": null, "ts": 1663351265.2165442}]}, "version": 218}
{"obj": {"type": "LogStrings", "path": ["monitoring", "stdout"], "values": [{"value": "True", "step": null, "ts": 1663351265.2187397}]}, "version": 219}
{"obj": {"type": "LogStrings", "path": ["monitoring", "stdout"], "values": [{"value": "\n", "step": null, "ts": 1663351265.2211595}]}, "version": 220}
{"obj": {"type": "LogStrings", "path": ["monitoring", "stdout"], "values": [{"value": "is_permuted?: ", "step": null, "ts": 1663351265.2237973}]}, "version": 221}
{"obj": {"type": "LogStrings", "path": ["monitoring", "stdout"], "values": [{"value": " ", "step": null, "ts": 1663351265.2267466}]}, "version": 222}
{"obj": {"type": "LogStrings", "path": ["monitoring", "stdout"], "values": [{"value": "False", "step": null, "ts": 1663351265.228598}]}, "version": 223}
{"obj": {"type": "LogStrings", "path": ["monitoring", "stdout"], "values": [{"value": "\n", "step": null, "ts": 1663351265.2305746}]}, "version": 224}
{"obj": {"type": "LogStrings", "path": ["monitoring", "stdout"], "values": [{"value": "Ideal Lower Triangular                    matrix\n", "step": null, "ts": 1663351265.2329283}]}, "version": 225}
{"obj": {"type": "LogStrings", "path": ["monitoring", "stdout"], "values": [{"value": " ", "step": null, "ts": 1663351265.2352958}]}, "version": 226}
{"obj": {"type": "LogStrings", "path": ["monitoring", "stdout"], "values": [{"value": "tensor([[1., 1., 0.,  ..., 1., 0., 1.],\n        [0., 1., 0.,  ..., 1., 0., 0.],\n        [1., 1., 1.,  ..., 1., 1., 1.],\n        ...,\n        [0., 0., 0.,  ..., 1., 0., 0.],\n        [1., 1., 0.,  ..., 1., 1., 1.],\n        [1., 1., 0.,  ..., 1., 0., 1.]], device='cuda:0')", "step": null, "ts": 1663351265.2429202}]}, "version": 227}
{"obj": {"type": "LogStrings", "path": ["monitoring", "stdout"], "values": [{"value": "\n", "step": null, "ts": 1663351265.2499943}]}, "version": 228}
{"obj": {"type": "AssignFloat", "path": ["best_loss"], "value": 0.7310117483139038}, "version": 229}
{"obj": {"type": "AssignFloat", "path": ["best_accuracy"], "value": 0.5344898700714111}, "version": 230}
{"obj": {"type": "AssignInt", "path": ["best_epoch"], "value": 4}, "version": 231}
{"obj": {"type": "LogFloats", "path": ["loss"], "values": [{"value": 0.7310117483139038, "step": null, "ts": 1663351266.3342519}]}, "version": 232}
{"obj": {"type": "LogFloats", "path": ["accuracy"], "values": [{"value": 0.5344898700714111, "step": null, "ts": 1663351266.3371882}]}, "version": 233}
{"obj": {"type": "LogStrings", "path": ["monitoring", "stdout"], "values": [{"value": "Shutting down background jobs, please wait a moment...\n", "step": null, "ts": 1663351266.5131066}]}, "version": 234}
